[ +107 ms] Artifact Instance of 'MaterialFonts' is not required, skipping update.
[        ] Artifact Instance of 'GradleWrapper' is not required, skipping update.
[        ] Artifact Instance of 'AndroidGenSnapshotArtifacts' is not required, skipping update.
[        ] Artifact Instance of 'AndroidInternalBuildArtifacts' is not required, skipping update.
[        ] Artifact Instance of 'IOSEngineArtifacts' is not required, skipping update.
[        ] Artifact Instance of 'FlutterWebSdk' is not required, skipping update.
[        ] Artifact Instance of 'LegacyCanvasKitRemover' is not required, skipping update.
[        ] Artifact Instance of 'FlutterSdk' is not required, skipping update.
[        ] Artifact Instance of 'WindowsEngineArtifacts' is not required, skipping update.
[        ] Artifact Instance of 'MacOSEngineArtifacts' is not required, skipping update.
[        ] Artifact Instance of 'LinuxEngineArtifacts' is not required, skipping update.
[        ] Artifact Instance of 'LinuxFuchsiaSDKArtifacts' is not required, skipping update.
[        ] Artifact Instance of 'MacOSFuchsiaSDKArtifacts' is not required, skipping update.
[        ] Artifact Instance of 'FlutterRunnerSDKArtifacts' is not required, skipping update.
[        ] Artifact Instance of 'FlutterRunnerDebugSymbols' is not required, skipping update.
[        ] Artifact Instance of 'IosUsbArtifacts' is not required, skipping update.
[        ] Artifact Instance of 'IosUsbArtifacts' is not required, skipping update.
[        ] Artifact Instance of 'IosUsbArtifacts' is not required, skipping update.
[        ] Artifact Instance of 'IosUsbArtifacts' is not required, skipping update.
[        ] Artifact Instance of 'IosUsbArtifacts' is not required, skipping update.
[        ] Artifact Instance of 'IosUsbArtifacts' is not required, skipping update.
[        ] Artifact Instance of 'FontSubsetArtifacts' is not required, skipping update.
[        ] Artifact Instance of 'PubDependencies' is not required, skipping update.
[        ] executing: [F:\flutter/] git -c log.showSignature=false log HEAD -n 1 --pretty=format:%ad --date=iso
[  +32 ms] Exit code 0 from: git -c log.showSignature=false log HEAD -n 1 --pretty=format:%ad --date=iso
[        ] 2025-12-11 11:50:07 -0500
[  +18 ms] Artifact Instance of 'AndroidGenSnapshotArtifacts' is not required, skipping update.
[        ] Artifact Instance of 'AndroidInternalBuildArtifacts' is not required, skipping update.
[        ] Artifact Instance of 'IOSEngineArtifacts' is not required, skipping update.
[        ] Artifact Instance of 'FlutterWebSdk' is not required, skipping update.
[        ] Artifact Instance of 'FlutterEngineStamp' is not required, skipping update.
[        ] Artifact Instance of 'LegacyCanvasKitRemover' is not required, skipping update.
[   +1 ms] Artifact Instance of 'WindowsEngineArtifacts' is not required, skipping update.
[        ] Artifact Instance of 'MacOSEngineArtifacts' is not required, skipping update.
[        ] Artifact Instance of 'LinuxEngineArtifacts' is not required, skipping update.
[        ] Artifact Instance of 'LinuxFuchsiaSDKArtifacts' is not required, skipping update.
[        ] Artifact Instance of 'MacOSFuchsiaSDKArtifacts' is not required, skipping update.
[        ] Artifact Instance of 'FlutterRunnerSDKArtifacts' is not required, skipping update.
[        ] Artifact Instance of 'FlutterRunnerDebugSymbols' is not required, skipping update.
[  +36 ms] executing: F:\Android\Sdk\platform-tools\adb.exe devices -l
[  +52 ms] List of devices attached
           emulator-5554          device product:sdk_gphone64_x86_64 model:sdk_gphone64_x86_64 device:emu64xa transport_id:1
[   +4 ms] F:\Android\Sdk\platform-tools\adb.exe -s emulator-5554 shell getprop
[  +47 ms] Artifact Instance of 'AndroidInternalBuildArtifacts' is not required, skipping update.
[        ] Artifact Instance of 'IOSEngineArtifacts' is not required, skipping update.
[        ] Artifact Instance of 'FlutterEngineStamp' is not required, skipping update.
[   +3 ms] Artifact Instance of 'MacOSEngineArtifacts' is not required, skipping update.
[        ] Artifact Instance of 'LinuxEngineArtifacts' is not required, skipping update.
[        ] Artifact Instance of 'LinuxFuchsiaSDKArtifacts' is not required, skipping update.
[        ] Artifact Instance of 'MacOSFuchsiaSDKArtifacts' is not required, skipping update.
[        ] Artifact Instance of 'FlutterRunnerSDKArtifacts' is not required, skipping update.
[        ] Artifact Instance of 'FlutterRunnerDebugSymbols' is not required, skipping update.
[  +75 ms] ro.hardware = ranchu
[  +97 ms] Initializing file store
[   +1 ms] Done initializing file store
[  +13 ms] Skipping target: gen_localizations
[   +2 ms] gen_dart_plugin_registrant: Starting due to {InvalidatedReasonKind.inputChanged: The following inputs have updated contents: G:\Taka-Dorkar-Pro\mobile\.dart_tool\package_config.json,G:\Taka-Dorkar-Pro\mobile\.dart_tool\flutter_build\dart_plugin_registrant.dart}
[ +143 ms] Found plugin tflite_flutter at F:\flutter_pub_cache\hosted\pub.dev\tflite_flutter-0.12.1\
[  +64 ms] Found plugin sqflite at F:\flutter_pub_cache\hosted\pub.dev\sqflite-2.4.2\
[   +9 ms] Found plugin sqflite_darwin at F:\flutter_pub_cache\hosted\pub.dev\sqflite_darwin-2.4.2\
[   +2 ms] Found plugin sqflite_android at F:\flutter_pub_cache\hosted\pub.dev\sqflite_android-2.4.2+2\
[   +2 ms] Found plugin shared_preferences at F:\flutter_pub_cache\hosted\pub.dev\shared_preferences-2.5.4\
[   +7 ms] Found plugin shared_preferences_windows at F:\flutter_pub_cache\hosted\pub.dev\shared_preferences_windows-2.4.1\
[   +3 ms] Found plugin path_provider_windows at F:\flutter_pub_cache\hosted\pub.dev\path_provider_windows-2.3.0\
[   +3 ms] Found plugin shared_preferences_web at F:\flutter_pub_cache\hosted\pub.dev\shared_preferences_web-2.4.3\
[   +3 ms] Found plugin shared_preferences_linux at F:\flutter_pub_cache\hosted\pub.dev\shared_preferences_linux-2.4.1\
[   +1 ms] Found plugin path_provider_linux at F:\flutter_pub_cache\hosted\pub.dev\path_provider_linux-2.2.1\
[   +2 ms] Found plugin shared_preferences_foundation at F:\flutter_pub_cache\hosted\pub.dev\shared_preferences_foundation-2.5.6\
[   +1 ms] Found plugin shared_preferences_android at F:\flutter_pub_cache\hosted\pub.dev\shared_preferences_android-2.4.18\
[   +6 ms] Found plugin permission_handler at F:\flutter_pub_cache\hosted\pub.dev\permission_handler-12.0.1\
[   +1 ms] Found plugin permission_handler_windows at F:\flutter_pub_cache\hosted\pub.dev\permission_handler_windows-0.2.1\
[   +3 ms] Found plugin permission_handler_html at F:\flutter_pub_cache\hosted\pub.dev\permission_handler_html-0.1.3+5\
[   +1 ms] Found plugin permission_handler_apple at F:\flutter_pub_cache\hosted\pub.dev\permission_handler_apple-9.4.7\
[   +1 ms] Found plugin permission_handler_android at F:\flutter_pub_cache\hosted\pub.dev\permission_handler_android-13.0.1\
[   +4 ms] Found plugin flutter_local_notifications at F:\flutter_pub_cache\hosted\pub.dev\flutter_local_notifications-17.2.4\
[   +3 ms] Found plugin flutter_local_notifications_linux at F:\flutter_pub_cache\hosted\pub.dev\flutter_local_notifications_linux-4.0.1\
[  +40 ms] Skipping generating dart_plugin_registrant.dart because it is up-to-date.
[        ] gen_dart_plugin_registrant: Complete
[   +2 ms] Skipping target: _composite
[   +1 ms] complete
[   +4 ms] Launching lib\main.dart on sdk gphone64 x86 64 in debug mode...
[   +2 ms] F:\flutter\bin\cache\dart-sdk\bin\dartaotruntime.exe F:\flutter\bin\cache\dart-sdk\bin\snapshots\frontend_server_aot.dart.snapshot --sdk-root F:\flutter\bin\cache\artifacts\engine\common\flutter_patched_sdk/ --incremental --target=flutter --experimental-emit-debug-metadata -DFLUTTER_VERSION=3.38.5 -DFLUTTER_CHANNEL=stable -DFLUTTER_GIT_URL=https://github.com/flutter/flutter.git -DFLUTTER_FRAMEWORK_REVISION=f6ff1529fd -DFLUTTER_ENGINE_REVISION=1527ae0ec5 -DFLUTTER_DART_VERSION=3.10.4 --output-dill D:\WindowsTemp\flutter_tools.bb8d92aa\flutter_tool.2b739fc9\app.dill --packages G:\Taka-Dorkar-Pro\mobile\.dart_tool\package_config.json -Ddart.vm.profile=false -Ddart.vm.product=false --enable-asserts --track-widget-creation --filesystem-scheme org-dartlang-root --initialize-from-dill build\6ab642d2d29d49c7c5f5a6d85fcef46b.cache.dill.track.dill --source file:///G:/Taka-Dorkar-Pro/mobile/.dart_tool/flutter_build/dart_plugin_registrant.dart --source package:flutter/src/dart_plugin_registrant.dart -Dflutter.dart_plugin_registrant=file:///G:/Taka-Dorkar-Pro/mobile/.dart_tool/flutter_build/dart_plugin_registrant.dart --verbosity=error --enable-experiment=alternative-invalidation-strategy
[   +6 ms] executing: F:\Android\Sdk\build-tools\36.1.0\aapt dump xmltree G:\Taka-Dorkar-Pro\mobile\build\app\outputs\flutter-apk\app-debug.apk AndroidManifest.xml
[ +124 ms] Exit code 0 from: F:\Android\Sdk\build-tools\36.1.0\aapt dump xmltree G:\Taka-Dorkar-Pro\mobile\build\app\outputs\flutter-apk\app-debug.apk AndroidManifest.xml
[        ] N: android=http://schemas.android.com/apk/res/android
             E: manifest (line=2)
               A: android:versionCode(0x0101021b)=(type 0x10)0x1
               A: android:versionName(0x0101021c)="1.0.0" (Raw: "1.0.0")
               A: android:compileSdkVersion(0x01010572)=(type 0x10)0x24
               A: android:compileSdkVersionCodename(0x01010573)="16" (Raw: "16")
               A: package="com.example.mobile" (Raw: "com.example.mobile")
               A: platformBuildVersionCode=(type 0x10)0x24
               A: platformBuildVersionName=(type 0x10)0x10
               E: uses-sdk (line=7)
                 A: android:minSdkVersion(0x0101020c)=(type 0x10)0x1a
                 A: android:targetSdkVersion(0x01010270)=(type 0x10)0x24
               E: uses-permission (line=15)
                 A: android:name(0x01010003)="android.permission.INTERNET" (Raw: "android.permission.INTERNET")
               E: uses-permission (line=17)
                 A: android:name(0x01010003)="android.permission.RECEIVE_SMS" (Raw: "android.permission.RECEIVE_SMS")
               E: uses-permission (line=18)
                 A: android:name(0x01010003)="android.permission.READ_SMS" (Raw: "android.permission.READ_SMS")
               E: uses-permission (line=19)
                 A: android:name(0x01010003)="android.permission.RECEIVE_BOOT_COMPLETED" (Raw: "android.permission.RECEIVE_BOOT_COMPLETED")
               E: uses-permission (line=20)
                 A: android:name(0x01010003)="android.permission.POST_NOTIFICATIONS" (Raw: "android.permission.POST_NOTIFICATIONS")
               E: queries (line=28)
                 E: intent (line=29)
                   E: action (line=30)
                     A: android:name(0x01010003)="android.intent.action.PROCESS_TEXT" (Raw: "android.intent.action.PROCESS_TEXT")
                   E: data (line=32)
                     A: android:mimeType(0x01010026)="text/plain" (Raw: "text/plain")
               E: uses-permission (line=36)
                 A: android:name(0x01010003)="android.permission.VIBRATE" (Raw: "android.permission.VIBRATE")
               E: permission (line=38)
                 A: android:name(0x01010003)="com.example.mobile.DYNAMIC_RECEIVER_NOT_EXPORTED_PERMISSION" (Raw: "com.example.mobile.DYNAMIC_RECEIVER_NOT_EXPORTED_PERMISSION")
                 A: android:protectionLevel(0x01010009)=(type 0x11)0x2
               E: uses-permission (line=42)
                 A: android:name(0x01010003)="com.example.mobile.DYNAMIC_RECEIVER_NOT_EXPORTED_PERMISSION" (Raw: "com.example.mobile.DYNAMIC_RECEIVER_NOT_EXPORTED_PERMISSION")
               E: uses-permission (line=43)
                 A: android:name(0x01010003)="android.permission.WRITE_EXTERNAL_STORAGE" (Raw: "android.permission.WRITE_EXTERNAL_STORAGE")
               E: uses-permission (line=44)
                 A: android:name(0x01010003)="android.permission.READ_PHONE_STATE" (Raw: "android.permission.READ_PHONE_STATE")
               E: uses-permission (line=45)
                 A: android:name(0x01010003)="android.permission.READ_EXTERNAL_STORAGE" (Raw: "android.permission.READ_EXTERNAL_STORAGE")
               E: application (line=47)
                 A: android:label(0x01010001)="mobile" (Raw: "mobile")
                 A: android:icon(0x01010002)=@0x7f0c0000
                 A: android:name(0x01010003)="android.app.Application" (Raw: "android.app.Application")
                 A: android:debuggable(0x0101000f)=(type 0x12)0xffffffff
                 A: android:extractNativeLibs(0x010104ea)=(type 0x12)0x0
                 A: android:appComponentFactory(0x0101057a)="androidx.core.app.CoreComponentFactory" (Raw: "androidx.core.app.CoreComponentFactory")
                 E: activity (line=54)
                   A: android:theme(0x01010000)=@0x7f0e00a2
                   A: android:name(0x01010003)="com.example.mobile.MainActivity" (Raw: "com.example.mobile.MainActivity")
                   A: android:exported(0x01010010)=(type 0x12)0xffffffff
                   A: android:taskAffinity(0x01010012)="" (Raw: "")
                   A: android:launchMode(0x0101001d)=(type 0x10)0x1
                   A: android:configChanges(0x0101001f)=(type 0x11)0x40003fb4
                   A: android:windowSoftInputMode(0x0101022b)=(type 0x11)0x10
                   A: android:hardwareAccelerated(0x010102d3)=(type 0x12)0xffffffff
                   E: meta-data (line=70)
                     A: android:name(0x01010003)="io.flutter.embedding.android.NormalTheme" (Raw: "io.flutter.embedding.android.NormalTheme")
                     A: android:resource(0x01010025)=@0x7f0e00a3
                   E: intent-filter (line=74)
                     E: action (line=75)
                       A: android:name(0x01010003)="android.intent.action.MAIN" (Raw: "android.intent.action.MAIN")
                     E: category (line=77)
                       A: android:name(0x01010003)="android.intent.category.LAUNCHER" (Raw: "android.intent.category.LAUNCHER")
                 E: meta-data (line=84)
                   A: android:name(0x01010003)="flutterEmbedding" (Raw: "flutterEmbedding")
                   A: android:value(0x01010024)=(type 0x10)0x2
                 E: receiver (line=89)
                   A: android:name(0x01010003)="com.example.mobile.SmsReceiver" (Raw: "com.example.mobile.SmsReceiver")
                   A: android:enabled(0x0101000e)=(type 0x12)0xffffffff
                   A: android:exported(0x01010010)=(type 0x12)0xffffffff
                   E: intent-filter (line=93)
                     A: android:priority(0x0101001c)=(type 0x10)0x3e7
                     E: action (line=94)
                       A: android:name(0x01010003)="android.provider.Telephony.SMS_RECEIVED" (Raw: "android.provider.Telephony.SMS_RECEIVED")
                 E: uses-library (line=98)
                   A: android:name(0x01010003)="androidx.window.extensions" (Raw: "androidx.window.extensions")
                   A: android:required(0x0101028e)=(type 0x12)0x0
                 E: uses-library (line=101)
                   A: android:name(0x01010003)="androidx.window.sidecar" (Raw: "androidx.window.sidecar")
                   A: android:required(0x0101028e)=(type 0x12)0x0
                 E: provider (line=105)
                   A: android:name(0x01010003)="androidx.startup.InitializationProvider" (Raw: "androidx.startup.InitializationProvider")
                   A: android:exported(0x01010010)=(type 0x12)0x0
                   A: android:authorities(0x01010018)="com.example.mobile.androidx-startup" (Raw: "com.example.mobile.androidx-startup")
                   E: meta-data (line=109)
                     A: android:name(0x01010003)="androidx.lifecycle.ProcessLifecycleInitializer" (Raw: "androidx.lifecycle.ProcessLifecycleInitializer")
                     A: android:value(0x01010024)="androidx.startup" (Raw: "androidx.startup")
                   E: meta-data (line=112)
                     A: android:name(0x01010003)="androidx.profileinstaller.ProfileInstallerInitializer" (Raw: "androidx.profileinstaller.ProfileInstallerInitializer")
                     A: android:value(0x01010024)="androidx.startup" (Raw: "androidx.startup")
                 E: receiver (line=117)
                   A: android:name(0x01010003)="androidx.profileinstaller.ProfileInstallReceiver" (Raw: "androidx.profileinstaller.ProfileInstallReceiver")
                   A: android:permission(0x01010006)="android.permission.DUMP" (Raw: "android.permission.DUMP")
                   A: android:enabled(0x0101000e)=(type 0x12)0xffffffff
                   A: android:exported(0x01010010)=(type 0x12)0xffffffff
                   A: android:directBootAware(0x01010505)=(type 0x12)0x0
                   E: intent-filter (line=123)
                     E: action (line=124)
                       A: android:name(0x01010003)="androidx.profileinstaller.action.INSTALL_PROFILE" (Raw: "androidx.profileinstaller.action.INSTALL_PROFILE")
                   E: intent-filter (line=126)
                     E: action (line=127)
                       A: android:name(0x01010003)="androidx.profileinstaller.action.SKIP_FILE" (Raw: "androidx.profileinstaller.action.SKIP_FILE")
                   E: intent-filter (line=129)
                     E: action (line=130)
                       A: android:name(0x01010003)="androidx.profileinstaller.action.SAVE_PROFILE" (Raw: "androidx.profileinstaller.action.SAVE_PROFILE")
                   E: intent-filter (line=132)
                     E: action (line=133)
                       A: android:name(0x01010003)="androidx.profileinstaller.action.BENCHMARK_OPERATION" (Raw: "androidx.profileinstaller.action.BENCHMARK_OPERATION")
                 E: uses-native-library (line=140)
                   A: android:name(0x01010003)="libOpenCL.so" (Raw: "libOpenCL.so")
                   A: android:required(0x0101028e)=(type 0x12)0x0
                 E: uses-native-library (line=143)
                   A: android:name(0x01010003)="libOpenCL-car.so" (Raw: "libOpenCL-car.so")
                   A: android:required(0x0101028e)=(type 0x12)0x0
                 E: uses-native-library (line=146)
                   A: android:name(0x01010003)="libOpenCL-pixel.so" (Raw: "libOpenCL-pixel.so")
                   A: android:required(0x0101028e)=(type 0x12)0x0
[   +5 ms] executing: F:\Android\Sdk\platform-tools\adb.exe -s emulator-5554 shell -x logcat -v time -t 1
[   +6 ms] <- compile package:mobile/main.dart
[  +73 ms] --------- beginning of main
           12-20 19:53:02.705 I/HalDevMgr(  757): bestIfaceCreationProposal is null, requestIface=STA, existingIface=[name=wlan0 type=STA]
[   +8 ms] executing: F:\Android\Sdk\platform-tools\adb.exe version
[  +39 ms] Android Debug Bridge version 1.0.41
           Version 36.0.0-13206524
           Installed as F:\Android\Sdk\platform-tools\adb.exe
           Running on Windows 10.0.19045
[   +1 ms] executing: F:\Android\Sdk\platform-tools\adb.exe start-server
[  +29 ms] Building APK
[   +6 ms] executing: C:\Program Files\Android\Android Studio\jbr\bin\java -version
[ +101 ms] Exit code 0 from: C:\Program Files\Android\Android Studio\jbr\bin\java -version
[        ] openjdk version "21.0.8" 2025-07-15
           OpenJDK Runtime Environment (build 21.0.8+-14196175-b1038.72)
           OpenJDK 64-Bit Server VM (build 21.0.8+-14196175-b1038.72, mixed mode)
[   +5 ms] Top-level Gradle build file not found, skipping migration of task "clean".
[   +1 ms] executing: C:\Program Files\Android\Android Studio\jbr\bin\java --version
[ +133 ms] Exit code 0 from: C:\Program Files\Android\Android Studio\jbr\bin\java --version
[        ] openjdk 21.0.8 2025-07-15
           OpenJDK Runtime Environment (build 21.0.8+-14196175-b1038.72)
           OpenJDK 64-Bit Server VM (build 21.0.8+-14196175-b1038.72, mixed mode)
[   +2 ms] Version of Java is different than impacted version, no migration attempted.
[  +21 ms] CMake project not found, skipping support Android 15 16k page size migration.
[   +7 ms] Using gradle from G:\Taka-Dorkar-Pro\mobile\android\gradlew.bat.
[  +21 ms] LocalFile: 'G:\Taka-Dorkar-Pro\mobile\android\build.gradle.kts' doesn't provide an AGP version. Checking settings.
[   +1 ms] LocalFile: 'G:\Taka-Dorkar-Pro\mobile\android\settings.gradle.kts' provides AGP version: 8.11.1
[  +13 ms] Running Gradle task 'assembleDebug'...
[   +2 ms] executing: [G:\Taka-Dorkar-Pro\mobile\android/] G:\Taka-Dorkar-Pro\mobile\android\gradlew.bat --full-stacktrace --info -Pverbose=true -Ptarget-platform=android-x64 -Ptarget=G:\Taka-Dorkar-Pro\mobile\lib\main.dart -Pbase-application-name=android.app.Application -Pdart-defines=RkxVVFRFUl9WRVJTSU9OPTMuMzguNQ==,RkxVVFRFUl9DSEFOTkVMPXN0YWJsZQ==,RkxVVFRFUl9HSVRfVVJMPWh0dHBzOi8vZ2l0aHViLmNvbS9mbHV0dGVyL2ZsdXR0ZXIuZ2l0,RkxVVFRFUl9GUkFNRVdPUktfUkVWSVNJT049ZjZmZjE1MjlmZA==,RkxVVFRFUl9FTkdJTkVfUkVWSVNJT049MTUyN2FlMGVjNQ==,RkxVVFRFUl9EQVJUX1ZFUlNJT049My4xMC40 -Pdart-obfuscation=false -Ptrack-widget-creation=true -Ptree-shake-icons=false -Pfilesystem-scheme=org-dartlang-root assembleDebug
[ +838 ms] Initialized native services in: C:\Users\Dhrubo\.gradle\native
[   +1 ms] Initialized jansi services in: C:\Users\Dhrubo\.gradle\native
[ +130 ms] Welcome to Gradle 8.14!
[        ] Here are the highlights of this release:
[        ]  - Java 24 support
[        ]  - GraalVM Native Image toolchain selection
[        ]  - Enhancements to test reporting
[        ]  - Build Authoring improvements
[        ] For more details see https://docs.gradle.org/8.14/release-notes.html
[ +182 ms] The client will now receive all logging from the daemon (pid: 10312). The daemon log file: C:\Users\Dhrubo\.gradle\daemon\8.14\daemon-10312.out.log
[ +107 ms] Starting 9th build in daemon [uptime: 22 mins 2.344 secs, performance: 100%, GC rate: 0.00/s, heap usage: 0% of 8 GiB, non-heap usage: 3% of 4 GiB]
[        ] Using 12 worker leases.
[        ] Now considering [G:\Taka-Dorkar-Pro\mobile\android, F:\flutter\packages\flutter_tools\gradle] as hierarchies to watch
[        ] Watching the file system is configured to be enabled if available
[        ] File system watching is active
[        ] Starting Build
[  +91 ms] Now considering [F:\flutter\packages\flutter_tools\gradle, G:\Taka-Dorkar-Pro\mobile\android] as hierarchies to watch
[ +200 ms] > Configure project :gradle
[        ] Evaluating project ':gradle' using build file 'F:\flutter\packages\flutter_tools\gradle\build.gradle.kts'.
[        ] Resolved plugin [id: 'org.gradle.java-gradle-plugin']
[        ] Resolved plugin [id: 'org.gradle.groovy']
[        ] Resolved plugin [id: 'org.gradle.kotlin.kotlin-dsl', version: '5.2.0']
[        ] Resolved plugin [id: 'org.jetbrains.kotlin.jvm', version: '1.9.20']
[        ] Using Kotlin Gradle Plugin gradle85 variant
[        ] kotlin scripting plugin: created the scripting discovery configuration: kotlinScriptDef
[        ] kotlin scripting plugin: created the scripting discovery configuration: testKotlinScriptDef
[        ] file or directory 'F:\flutter\packages\flutter_tools\gradle\src\main\java', not found
[        ] Resolved plugin [id: 'dev.flutter.flutter-plugin-loader', version: '1.0.0']
[        ] Resolved plugin [id: 'com.android.application', version: '8.11.1', apply: false]
[        ] Resolved plugin [id: 'org.jetbrains.kotlin.android', version: '2.2.20', apply: false]
[        ] Resolve mutations for :gradle:checkKotlinGradlePluginConfigurationErrors (Thread[#1438,Execution worker,5,main]) started.
[        ] :gradle:checkKotlinGradlePluginConfigurationErrors (Thread[#1438,Execution worker,5,main]) started.
[        ] > Task :gradle:checkKotlinGradlePluginConfigurationErrors SKIPPED
[        ] Skipping task ':gradle:checkKotlinGradlePluginConfigurationErrors' as task onlyIf 'errorDiagnostics are present' is false.
[        ] Resolve mutations for :gradle:compileKotlin (Thread[#1438,Execution worker,5,main]) started.
[        ] :gradle:compileKotlin (Thread[#1438,Execution worker,5,main]) started.
[ +104 ms] > Task :gradle:compileKotlin UP-TO-DATE
[        ] Caching disabled for task ':gradle:compileKotlin' because:
[        ]   Build cache is disabled
[        ] Skipping task ':gradle:compileKotlin' as it is up-to-date.
[        ] Resolve mutations for :gradle:compileJava (Thread[#1438,Execution worker,5,main]) started.
[        ] :gradle:compileJava (Thread[#1438,Execution worker,5,main]) started.
[        ] > Task :gradle:compileJava NO-SOURCE
[        ] Skipping task ':gradle:compileJava' as it has no source files and no previous output files.
[        ] Resolve mutations for :gradle:compileGroovy (Thread[#1438,Execution worker,5,main]) started.
[        ] :gradle:compileGroovy (Thread[#1438,Execution worker,5,main]) started.
[        ] > Task :gradle:compileGroovy NO-SOURCE
[        ] Skipping task ':gradle:compileGroovy' as it has no source files and no previous output files.
[        ] Resolve mutations for :gradle:pluginDescriptors (Thread[#1438,Execution worker,5,main]) started.
[        ] :gradle:pluginDescriptors (Thread[#1438,Execution worker,5,main]) started.
[        ] > Task :gradle:pluginDescriptors UP-TO-DATE
[        ] Caching disabled for task ':gradle:pluginDescriptors' because:
[        ]   Build cache is disabled
[        ]   Not worth caching
[        ] Skipping task ':gradle:pluginDescriptors' as it is up-to-date.
[        ] Resolve mutations for :gradle:processResources (Thread[#1438,Execution worker,5,main]) started.
[        ] :gradle:processResources (Thread[#1438,Execution worker,5,main]) started.
[        ] > Task :gradle:processResources UP-TO-DATE
[        ] Caching disabled for task ':gradle:processResources' because:
[        ]   Build cache is disabled
[        ]   Not worth caching
[        ] Skipping task ':gradle:processResources' as it is up-to-date.
[        ] Resolve mutations for :gradle:classes (Thread[#1438,Execution worker,5,main]) started.
[        ] :gradle:classes (Thread[#1440,Execution worker Thread 3,5,main]) started.
[        ] > Task :gradle:classes UP-TO-DATE
[        ] Skipping task ':gradle:classes' as it has no actions.
[        ] Resolve mutations for :gradle:jar (Thread[#1440,Execution worker Thread 3,5,main]) started.
[        ] :gradle:jar (Thread[#1440,Execution worker Thread 3,5,main]) started.
[        ] > Task :gradle:jar UP-TO-DATE
[        ] Caching disabled for task ':gradle:jar' because:
[        ]   Build cache is disabled
[        ]   Not worth caching
[        ] Skipping task ':gradle:jar' as it is up-to-date.
[  +86 ms] Settings evaluated using settings file 'G:\Taka-Dorkar-Pro\mobile\android\settings.gradle.kts'.
[        ] Projects loaded. Root project using build file 'G:\Taka-Dorkar-Pro\mobile\android\build.gradle.kts'.
[        ] Included projects: [root project 'android', project ':app', project ':flutter_local_notifications', project ':permission_handler_android', project ':shared_preferences_android', project ':sqflite_android', project ':tflite_flutter']
[ +197 ms] > Configure project :app
[        ] Evaluating project ':app' using build file 'G:\Taka-Dorkar-Pro\mobile\android\app\build.gradle.kts'.
[        ] Resolved plugin [id: 'com.android.application']
[        ] Resolved plugin [id: 'kotlin-android']
[        ] Resolved plugin [id: 'dev.flutter.flutter-gradle-plugin']
[        ] Using default execution profile
[        ] Build d2970d51-7ddd-43a9-a878-9a9dffd7f23b is started
[        ] Using Kotlin Gradle Plugin gradle813 variant
[        ] C/C++: android.ndkVersion from module build.gradle is [28.2.13676358]
[        ] C/C++: android.ndkPath from module build.gradle is not set
[        ] C/C++: ndk.dir in local.properties is not set
[        ] C/C++: Not considering ANDROID_NDK_HOME because support was removed after deprecation period.
[        ] C/C++: sdkFolder is F:\Android\Sdk
[        ] C/C++: android.ndkVersion from module build.gradle is [28.2.13676358]
[        ] C/C++: android.ndkPath from module build.gradle is not set
[        ] C/C++: ndk.dir in local.properties is not set
[        ] C/C++: Not considering ANDROID_NDK_HOME because support was removed after deprecation period.
[        ] C/C++: sdkFolder is F:\Android\Sdk
[        ] C/C++: android.ndkVersion from module build.gradle is [28.2.13676358]
[        ] C/C++: android.ndkPath from module build.gradle is not set
[        ] C/C++: ndk.dir in local.properties is not set
[        ] C/C++: Not considering ANDROID_NDK_HOME because support was removed after deprecation period.
[        ] C/C++: sdkFolder is F:\Android\Sdk
[        ] C/C++: android.ndkVersion from module build.gradle is [28.2.13676358]
[        ] C/C++: android.ndkPath from module build.gradle is not set
[        ] C/C++: ndk.dir in local.properties is not set
[        ] C/C++: Not considering ANDROID_NDK_HOME because support was removed after deprecation period.
[        ] C/C++: sdkFolder is F:\Android\Sdk
[        ] C/C++: android.ndkVersion from module build.gradle is [28.2.13676358]
[        ] C/C++: android.ndkPath from module build.gradle is not set
[        ] C/C++: ndk.dir in local.properties is not set
[        ] C/C++: Not considering ANDROID_NDK_HOME because support was removed after deprecation period.
[        ] C/C++: sdkFolder is F:\Android\Sdk
[        ] C/C++: android.ndkVersion from module build.gradle is [28.2.13676358]
[        ] C/C++: android.ndkPath from module build.gradle is not set
[        ] C/C++: ndk.dir in local.properties is not set
[        ] C/C++: Not considering ANDROID_NDK_HOME because support was removed after deprecation period.
[        ] C/C++: sdkFolder is F:\Android\Sdk
[        ] C/C++: android.ndkVersion from module build.gradle is [28.2.13676358]
[        ] C/C++: android.ndkPath from module build.gradle is not set
[        ] C/C++: ndk.dir in local.properties is not set
[        ] C/C++: Not considering ANDROID_NDK_HOME because support was removed after deprecation period.
[        ] C/C++: sdkFolder is F:\Android\Sdk
[        ] C/C++: android.ndkVersion from module build.gradle is [28.2.13676358]
[        ] C/C++: android.ndkPath from module build.gradle is not set
[        ] C/C++: ndk.dir in local.properties is not set
[        ] C/C++: Not considering ANDROID_NDK_HOME because support was removed after deprecation period.
[        ] C/C++: sdkFolder is F:\Android\Sdk
[        ] C/C++: android.ndkVersion from module build.gradle is [28.2.13676358]
[        ] C/C++: android.ndkPath from module build.gradle is not set
[        ] C/C++: ndk.dir in local.properties is not set
[        ] C/C++: Not considering ANDROID_NDK_HOME because support was removed after deprecation period.
[        ] C/C++: sdkFolder is F:\Android\Sdk
[        ] C/C++: android.ndkVersion from module build.gradle is [28.2.13676358]
[        ] C/C++: android.ndkPath from module build.gradle is not set
[        ] C/C++: ndk.dir in local.properties is not set
[        ] C/C++: Not considering ANDROID_NDK_HOME because support was removed after deprecation period.
[        ] C/C++: sdkFolder is F:\Android\Sdk
[        ] C/C++: android.ndkVersion from module build.gradle is [28.2.13676358]
[        ] C/C++: android.ndkPath from module build.gradle is not set
[        ] C/C++: ndk.dir in local.properties is not set
[        ] C/C++: Not considering ANDROID_NDK_HOME because support was removed after deprecation period.
[        ] C/C++: sdkFolder is F:\Android\Sdk
[        ] C/C++: android.ndkVersion from module build.gradle is [28.2.13676358]
[        ] C/C++: android.ndkPath from module build.gradle is not set
[        ] C/C++: ndk.dir in local.properties is not set
[        ] C/C++: Not considering ANDROID_NDK_HOME because support was removed after deprecation period.
[        ] C/C++: sdkFolder is F:\Android\Sdk
[        ] C/C++: android.ndkVersion from module build.gradle is [28.2.13676358]
[        ] C/C++: android.ndkPath from module build.gradle is not set
[        ] C/C++: ndk.dir in local.properties is not set
[        ] C/C++: Not considering ANDROID_NDK_HOME because support was removed after deprecation period.
[        ] C/C++: sdkFolder is F:\Android\Sdk
[        ] C/C++: android.ndkVersion from module build.gradle is [28.2.13676358]
[        ] C/C++: android.ndkPath from module build.gradle is not set
[        ] C/C++: ndk.dir in local.properties is not set
[        ] C/C++: Not considering ANDROID_NDK_HOME because support was removed after deprecation period.
[        ] C/C++: sdkFolder is F:\Android\Sdk
[        ] C/C++: android.ndkVersion from module build.gradle is [28.2.13676358]
[        ] C/C++: android.ndkPath from module build.gradle is not set
[        ] C/C++: ndk.dir in local.properties is not set
[        ] C/C++: Not considering ANDROID_NDK_HOME because support was removed after deprecation period.
[        ] C/C++: sdkFolder is F:\Android\Sdk
[        ] C/C++: android.ndkVersion from module build.gradle is [28.2.13676358]
[        ] C/C++: android.ndkPath from module build.gradle is not set
[        ] C/C++: ndk.dir in local.properties is not set
[        ] C/C++: Not considering ANDROID_NDK_HOME because support was removed after deprecation period.
[        ] C/C++: sdkFolder is F:\Android\Sdk
[        ] C/C++: android.ndkVersion from module build.gradle is [28.2.13676358]
[        ] C/C++: android.ndkPath from module build.gradle is not set
[        ] C/C++: ndk.dir in local.properties is not set
[        ] C/C++: Not considering ANDROID_NDK_HOME because support was removed after deprecation period.
[        ] C/C++: sdkFolder is F:\Android\Sdk
[        ] C/C++: android.ndkVersion from module build.gradle is [28.2.13676358]
[        ] C/C++: android.ndkPath from module build.gradle is not set
[        ] C/C++: ndk.dir in local.properties is not set
[        ] C/C++: Not considering ANDROID_NDK_HOME because support was removed after deprecation period.
[        ] C/C++: sdkFolder is F:\Android\Sdk
[        ] C/C++: android.ndkVersion from module build.gradle is [28.2.13676358]
[        ] C/C++: android.ndkPath from module build.gradle is not set
[        ] C/C++: ndk.dir in local.properties is not set
[        ] C/C++: Not considering ANDROID_NDK_HOME because support was removed after deprecation period.
[        ] C/C++: sdkFolder is F:\Android\Sdk
[        ] > Configure project :
[        ] Evaluating root project 'android' using build file 'G:\Taka-Dorkar-Pro\mobile\android\build.gradle.kts'.
[ +389 ms] > Configure project :flutter_local_notifications
[        ] Evaluating project ':flutter_local_notifications' using build file 'F:\flutter_pub_cache\hosted\pub.dev\flutter_local_notifications-17.2.4\android\build.gradle'.
[        ] Using default execution profile
[ +105 ms] > Configure project :permission_handler_android
[        ] Evaluating project ':permission_handler_android' using build file 'F:\flutter_pub_cache\hosted\pub.dev\permission_handler_android-13.0.1\android\build.gradle'.
[        ] Using default execution profile
[  +92 ms] > Configure project :shared_preferences_android
[        ] Evaluating project ':shared_preferences_android' using build file 'F:\flutter_pub_cache\hosted\pub.dev\shared_preferences_android-2.4.18\android\build.gradle'.
[        ] Using default execution profile
[        ] Using Kotlin Gradle Plugin gradle813 variant
[ +108 ms] > Configure project :sqflite_android
[        ] Evaluating project ':sqflite_android' using build file 'F:\flutter_pub_cache\hosted\pub.dev\sqflite_android-2.4.2+2\android\build.gradle'.
[        ] Using default execution profile
[ +187 ms] > Configure project :tflite_flutter
[        ] Evaluating project ':tflite_flutter' using build file 'F:\flutter_pub_cache\hosted\pub.dev\tflite_flutter-0.12.1\android\build.gradle'.
[        ] Using default execution profile
[        ] All projects evaluated.
[        ] Task name matched 'assembleDebug'
[        ] Selected primary task 'assembleDebug' from project :
[ +108 ms] Adding -Xuse-inline-scopes-numbers Kotlin compiler flag for task :app:compileDebugKotlin
[ +200 ms] Tasks to be executed: [task ':app:DebugMinSdkCheck', task ':app:preBuild', task ':app:preDebugBuild', task ':app:mergeDebugNativeDebugMetadata', task ':app:checkKotlinGradlePluginConfigurationErrors', task ':app:compileFlutterBuildDebug', task ':app:packJniLibsflutterBuildDebug', task ':flutter_local_notifications:preBuild', task ':flutter_local_notifications:preDebugBuild', task ':flutter_local_notifications:writeDebugAarMetadata', task ':permission_handler_android:preBuild', task ':permission_handler_android:preDebugBuild', task ':permission_handler_android:writeDebugAarMetadata', task ':shared_preferences_android:preBuild', task ':shared_preferences_android:preDebugBuild', task ':shared_preferences_android:writeDebugAarMetadata', task ':sqflite_android:preBuild', task ':sqflite_android:preDebugBuild', task ':sqflite_android:writeDebugAarMetadata', task ':tflite_flutter:preBuild', task ':tflite_flutter:preDebugBuild', task ':tflite_flutter:writeDebugAarMetadata', task ':app:checkDebugAarMetadata', task ':app:cleanMergeDebugAssets', task ':app:mergeDebugShaders', task ':app:compileDebugShaders', task ':app:generateDebugAssets', task ':flutter_local_notifications:mergeDebugShaders', task ':flutter_local_notifications:compileDebugShaders', task ':flutter_local_notifications:generateDebugAssets', task ':flutter_local_notifications:mergeDebugAssets', task ':permission_handler_android:mergeDebugShaders', task ':permission_handler_android:compileDebugShaders', task ':permission_handler_android:generateDebugAssets', task ':permission_handler_android:mergeDebugAssets', task ':shared_preferences_android:mergeDebugShaders', task ':shared_preferences_android:compileDebugShaders', task ':shared_preferences_android:generateDebugAssets', task ':shared_preferences_android:mergeDebugAssets', task ':sqflite_android:mergeDebugShaders', task ':sqflite_android:compileDebugShaders', task ':sqflite_android:generateDebugAssets', task ':sqflite_android:mergeDebugAssets', task ':tflite_flutter:mergeDebugShaders', task ':tflite_flutter:compileDebugShaders', task ':tflite_flutter:generateDebugAssets', task ':tflite_flutter:mergeDebugAssets', task ':app:mergeDebugAssets', task ':app:copyFlutterAssetsDebug', task ':app:generateDebugResValues', task ':flutter_local_notifications:generateDebugResValues', task ':flutter_local_notifications:generateDebugResources', task ':flutter_local_notifications:packageDebugResources', task ':permission_handler_android:generateDebugResValues', task ':permission_handler_android:generateDebugResources', task ':permission_handler_android:packageDebugResources', task ':shared_preferences_android:generateDebugResValues', task ':shared_preferences_android:generateDebugResources', task ':shared_preferences_android:packageDebugResources', task ':sqflite_android:generateDebugResValues', task ':sqflite_android:generateDebugResources', task ':sqflite_android:packageDebugResources', task ':tflite_flutter:generateDebugResValues', task ':tflite_flutter:generateDebugResources', task ':tflite_flutter:packageDebugResources', task ':app:mapDebugSourceSetPaths', task ':app:generateDebugResources', task ':app:mergeDebugResources', task ':app:packageDebugResources', task ':app:parseDebugLocalResources', task ':app:createDebugCompatibleScreenManifests', task ':app:extractDeepLinksDebug', task ':flutter_local_notifications:extractDeepLinksDebug', task ':flutter_local_notifications:processDebugManifest', task ':permission_handler_android:extractDeepLinksDebug', task ':permission_handler_android:processDebugManifest', task ':shared_preferences_android:extractDeepLinksDebug', task ':shared_preferences_android:processDebugManifest', task ':sqflite_android:extractDeepLinksDebug', task ':sqflite_android:processDebugManifest', task ':tflite_flutter:extractDeepLinksDebug', task ':tflite_flutter:processDebugManifest', task ':app:processDebugMainManifest', task ':app:outputDebugAppLinkSettings', task ':app:processDebugManifest', task ':app:processDebugManifestForPackage', task ':flutter_local_notifications:compileDebugLibraryResources', task ':flutter_local_notifications:parseDebugLocalResources', task ':flutter_local_notifications:generateDebugRFile', task ':permission_handler_android:compileDebugLibraryResources', task ':permission_handler_android:parseDebugLocalResources', task ':permission_handler_android:generateDebugRFile', task ':shared_preferences_android:compileDebugLibraryResources', task ':shared_preferences_android:parseDebugLocalResources', task ':shared_preferences_android:generateDebugRFile', task ':sqflite_android:compileDebugLibraryResources', task ':sqflite_android:parseDebugLocalResources', task ':sqflite_android:generateDebugRFile', task ':tflite_flutter:compileDebugLibraryResources', task ':tflite_flutter:parseDebugLocalResources', task ':tflite_flutter:generateDebugRFile', task ':app:processDebugResources', task ':flutter_local_notifications:javaPreCompileDebug', task ':flutter_local_notifications:compileDebugJavaWithJavac', task ':flutter_local_notifications:bundleLibCompileToJarDebug', task ':permission_handler_android:javaPreCompileDebug', task ':permission_handler_android:compileDebugJavaWithJavac', task ':permission_handler_android:bundleLibCompileToJarDebug', task ':shared_preferences_android:checkKotlinGradlePluginConfigurationErrors', task ':shared_preferences_android:compileDebugKotlin', task ':shared_preferences_android:javaPreCompileDebug', task ':shared_preferences_android:compileDebugJavaWithJavac', task ':shared_preferences_android:bundleLibCompileToJarDebug', task ':sqflite_android:javaPreCompileDebug', task ':sqflite_android:compileDebugJavaWithJavac', task ':sqflite_android:bundleLibCompileToJarDebug', task ':tflite_flutter:javaPreCompileDebug', task ':tflite_flutter:compileDebugJavaWithJavac', task ':tflite_flutter:bundleLibCompileToJarDebug', task ':app:compileDebugKotlin', task ':app:javaPreCompileDebug', task ':app:compileDebugJavaWithJavac', task ':app:compressDebugAssets', task ':app:l8DexDesugarLibDebug', task ':flutter_local_notifications:bundleLibRuntimeToJarDebug', task ':permission_handler_android:bundleLibRuntimeToJarDebug', task ':shared_preferences_android:bundleLibRuntimeToJarDebug', task ':sqflite_android:bundleLibRuntimeToJarDebug', task ':tflite_flutter:bundleLibRuntimeToJarDebug', task ':app:desugarDebugFileDependencies', task ':app:dexBuilderDebug', task ':app:mergeDebugGlobalSynthetics', task ':app:processDebugJavaRes', task ':flutter_local_notifications:processDebugJavaRes', task ':permission_handler_android:processDebugJavaRes', task ':shared_preferences_android:processDebugJavaRes', task ':sqflite_android:processDebugJavaRes', task ':tflite_flutter:processDebugJavaRes', task ':app:mergeDebugJavaResource', task ':app:checkDebugDuplicateClasses', task ':app:mergeExtDexDebug', task ':flutter_local_notifications:bundleLibRuntimeToDirDebug', task ':permission_handler_android:bundleLibRuntimeToDirDebug', task ':shared_preferences_android:bundleLibRuntimeToDirDebug', task ':sqflite_android:bundleLibRuntimeToDirDebug', task ':tflite_flutter:bundleLibRuntimeToDirDebug', task ':app:mergeLibDexDebug', task ':app:mergeProjectDexDebug', task ':app:configureCMakeDebug[arm64-v8a]', task ':app:buildCMakeDebug[arm64-v8a]', task ':app:configureCMakeDebug[armeabi-v7a]', task ':app:buildCMakeDebug[armeabi-v7a]', task ':app:configureCMakeDebug[x86_64]', task ':app:buildCMakeDebug[x86_64]', task ':app:mergeDebugJniLibFolders', task ':flutter_local_notifications:mergeDebugJniLibFolders', task ':flutter_local_notifications:mergeDebugNativeLibs', task ':flutter_local_notifications:copyDebugJniLibsProjectOnly', task ':permission_handler_android:mergeDebugJniLibFolders', task ':permission_handler_android:mergeDebugNativeLibs', task ':permission_handler_android:copyDebugJniLibsProjectOnly', task ':shared_preferences_android:mergeDebugJniLibFolders', task ':shared_preferences_android:mergeDebugNativeLibs', task ':shared_preferences_android:copyDebugJniLibsProjectOnly', task ':sqflite_android:mergeDebugJniLibFolders', task ':sqflite_android:mergeDebugNativeLibs', task ':sqflite_android:copyDebugJniLibsProjectOnly', task ':tflite_flutter:mergeDebugJniLibFolders', task ':tflite_flutter:mergeDebugNativeLibs', task ':tflite_flutter:copyDebugJniLibsProjectOnly', task ':app:mergeDebugNativeLibs', task ':app:stripDebugDebugSymbols', task ':app:validateSigningDebug', task ':app:writeDebugAppMetadata', task ':app:writeDebugSigningConfigVersions', task ':app:packageDebug', task ':app:createDebugApkListingFileRedirect', task ':app:assembleDebug', task ':flutter_local_notifications:stripDebugDebugSymbols', task ':flutter_local_notifications:copyDebugJniLibsProjectAndLocalJars', task ':flutter_local_notifications:extractDebugAnnotations', task ':flutter_local_notifications:extractDeepLinksForAarDebug', task ':flutter_local_notifications:mergeDebugGeneratedProguardFiles', task ':flutter_local_notifications:mergeDebugConsumerProguardFiles', task ':flutter_local_notifications:prepareDebugArtProfile', task ':flutter_local_notifications:prepareLintJarForPublish', task ':flutter_local_notifications:mergeDebugJavaResource', task ':flutter_local_notifications:syncDebugLibJars', task ':flutter_local_notifications:bundleDebugAar', task ':flutter_local_notifications:assembleDebug', task ':permission_handler_android:stripDebugDebugSymbols', task ':permission_handler_android:copyDebugJniLibsProjectAndLocalJars', task ':permission_handler_android:extractDebugAnnotations', task ':permission_handler_android:extractDeepLinksForAarDebug', task ':permission_handler_android:mergeDebugGeneratedProguardFiles', task ':permission_handler_android:mergeDebugConsumerProguardFiles', task ':permission_handler_android:prepareDebugArtProfile', task ':permission_handler_android:prepareLintJarForPublish', task ':permission_handler_android:mergeDebugJavaResource', task ':permission_handler_android:syncDebugLibJars', task ':permission_handler_android:bundleDebugAar', task ':permission_handler_android:assembleDebug', task ':shared_preferences_android:stripDebugDebugSymbols', task ':shared_preferences_android:copyDebugJniLibsProjectAndLocalJars', task ':shared_preferences_android:extractDebugAnnotations', task ':shared_preferences_android:extractDeepLinksForAarDebug', task ':shared_preferences_android:mergeDebugGeneratedProguardFiles', task ':shared_preferences_android:mergeDebugConsumerProguardFiles', task ':shared_preferences_android:prepareDebugArtProfile', task ':shared_preferences_android:prepareLintJarForPublish', task ':shared_preferences_android:mergeDebugJavaResource', task ':shared_preferences_android:syncDebugLibJars', task ':shared_preferences_android:bundleDebugAar', task ':shared_preferences_android:assembleDebug', task ':sqflite_android:stripDebugDebugSymbols', task ':sqflite_android:copyDebugJniLibsProjectAndLocalJars', task ':sqflite_android:extractDebugAnnotations', task ':sqflite_android:extractDeepLinksForAarDebug', task ':sqflite_android:mergeDebugGeneratedProguardFiles', task ':sqflite_android:mergeDebugConsumerProguardFiles', task ':sqflite_android:prepareDebugArtProfile', task ':sqflite_android:prepareLintJarForPublish', task ':sqflite_android:mergeDebugJavaResource', task ':sqflite_android:syncDebugLibJars', task ':sqflite_android:bundleDebugAar', task ':sqflite_android:assembleDebug', task ':tflite_flutter:stripDebugDebugSymbols', task ':tflite_flutter:copyDebugJniLibsProjectAndLocalJars', task ':tflite_flutter:extractDebugAnnotations', task ':tflite_flutter:extractDeepLinksForAarDebug', task ':tflite_flutter:mergeDebugGeneratedProguardFiles', task ':tflite_flutter:mergeDebugConsumerProguardFiles', task ':tflite_flutter:prepareDebugArtProfile', task ':tflite_flutter:prepareLintJarForPublish', task ':tflite_flutter:mergeDebugJavaResource', task ':tflite_flutter:syncDebugLibJars', task ':tflite_flutter:bundleDebugAar', task ':tflite_flutter:assembleDebug']
[        ] Tasks that were excluded: []
[        ] work action Parameters of IdentityTransform (Thread[#1445,Execution worker Thread 8,5,main]) started.
[        ] work action Parameters of DexingNoClasspathTransform (Thread[#1445,Execution worker Thread 8,5,main]) started.
[        ] work action Parameters of DexingOutputSplitTransform (Thread[#1437,included builds,5,main]) started.
[        ] work action Parameters of ClassesDirToClassesTransform (Thread[#1437,included builds,5,main]) started.
[        ] work action Parameters of DexingOutputSplitTransform (Thread[#1437,included builds,5,main]) started.
[        ] Resolve mutations for :app:DebugMinSdkCheck (Thread[#1437,included builds,5,main]) started.
[        ] :app:DebugMinSdkCheck (Thread[#1437,included builds,5,main]) started.
[        ] > Task :app:DebugMinSdkCheck
[        ] Caching disabled for task ':app:DebugMinSdkCheck' because:
[        ]   Build cache is disabled
[        ] Task ':app:DebugMinSdkCheck' is not up-to-date because:
[        ]   Task has not declared any outputs despite executing actions.
[        ] Resolve mutations for :app:preBuild (Thread[#1437,included builds,5,main]) started.
[        ] :app:preBuild (Thread[#1437,included builds,5,main]) started.
[        ] > Task :app:preBuild UP-TO-DATE
[        ] Skipping task ':app:preBuild' as it has no actions.
[        ] Resolve mutations for :app:preDebugBuild (Thread[#1437,included builds,5,main]) started.
[        ] :app:preDebugBuild (Thread[#1441,Execution worker Thread 4,5,main]) started.
[        ] > Task :app:preDebugBuild UP-TO-DATE
[        ] Skipping task ':app:preDebugBuild' as it has no actions.
[        ] Resolve mutations for :app:mergeDebugNativeDebugMetadata (Thread[#1441,Execution worker Thread 4,5,main]) started.
[        ] :app:mergeDebugNativeDebugMetadata (Thread[#1441,Execution worker Thread 4,5,main]) started.
[        ] > Task :app:mergeDebugNativeDebugMetadata NO-SOURCE
[        ] Skipping task ':app:mergeDebugNativeDebugMetadata' as it has no source files and no previous output files.
[        ] Resolve mutations for :app:checkKotlinGradlePluginConfigurationErrors (Thread[#1441,Execution worker Thread 4,5,main]) started.
[        ] :app:checkKotlinGradlePluginConfigurationErrors (Thread[#1441,Execution worker Thread 4,5,main]) started.
[        ] > Task :app:checkKotlinGradlePluginConfigurationErrors SKIPPED
[        ] Skipping task ':app:checkKotlinGradlePluginConfigurationErrors' as task onlyIf 'errorDiagnostics are present' is false.
[        ] Resolve mutations for :app:compileFlutterBuildDebug (Thread[#1441,Execution worker Thread 4,5,main]) started.
[        ] :app:compileFlutterBuildDebug (Thread[#1441,Execution worker Thread 4,5,main]) started.
[+1987 ms] > Task :app:compileFlutterBuildDebug
[        ] Caching disabled for task ':app:compileFlutterBuildDebug' because:
[        ]   Build cache is disabled
[        ]   Caching has not been enabled for the task
[        ] Task ':app:compileFlutterBuildDebug' is not up-to-date because:
[        ]   Value of input property 'verbose' has changed for task ':app:compileFlutterBuildDebug'
[        ] Starting process 'command 'F:\flutter\bin\flutter.bat''. Working directory: G:\Taka-Dorkar-Pro\mobile Command: F:\flutter\bin\flutter.bat --verbose assemble --no-version-check --depfile G:\Taka-Dorkar-Pro\mobile\build\app\intermediates\flutter\debug/flutter_build.d --output G:\Taka-Dorkar-Pro\mobile\build\app\intermediates\flutter\debug -dTargetFile=G:\Taka-Dorkar-Pro\mobile\lib\main.dart -dTargetPlatform=android -dBuildMode=debug -dTrackWidgetCreation=true --DartDefines=RkxVVFRFUl9WRVJTSU9OPTMuMzguNQ==,RkxVVFRFUl9DSEFOTkVMPXN0YWJsZQ==,RkxVVFRFUl9HSVRfVVJMPWh0dHBzOi8vZ2l0aHViLmNvbS9mbHV0dGVyL2ZsdXR0ZXIuZ2l0,RkxVVFRFUl9GUkFNRVdPUktfUkVWSVNJT049ZjZmZjE1MjlmZA==,RkxVVFRFUl9FTkdJTkVfUkVWSVNJT049MTUyN2FlMGVjNQ==,RkxVVFRFUl9EQVJUX1ZFUlNJT049My4xMC40 -dFlavor= -dAndroidArchs=android-x64 -dMinSdkVersion=26 debug_android_application
[        ] Successfully started process 'command 'F:\flutter\bin\flutter.bat''
[        ] [ +107 ms] Artifact Instance of 'MaterialFonts' is not required, skipping update.
[        ] [        ] Artifact Instance of 'GradleWrapper' is not required, skipping update.
[        ] [        ] Artifact Instance of 'AndroidGenSnapshotArtifacts' is not required, skipping update.
[        ] [        ] Artifact Instance of 'AndroidInternalBuildArtifacts' is not required, skipping update.
[        ] [        ] Artifact Instance of 'IOSEngineArtifacts' is not required, skipping update.
[        ] [        ] Artifact Instance of 'FlutterWebSdk' is not required, skipping update.
[        ] [        ] Artifact Instance of 'LegacyCanvasKitRemover' is not required, skipping update.
[        ] [        ] Artifact Instance of 'FlutterSdk' is not required, skipping update.
[        ] [        ] Artifact Instance of 'WindowsEngineArtifacts' is not required, skipping update.
[        ] [        ] Artifact Instance of 'MacOSEngineArtifacts' is not required, skipping update.
[        ] [        ] Artifact Instance of 'LinuxEngineArtifacts' is not required, skipping update.
[        ] [        ] Artifact Instance of 'LinuxFuchsiaSDKArtifacts' is not required, skipping update.
[        ] [        ] Artifact Instance of 'MacOSFuchsiaSDKArtifacts' is not required, skipping update.
[        ] [        ] Artifact Instance of 'FlutterRunnerSDKArtifacts' is not required, skipping update.
[        ] [        ] Artifact Instance of 'FlutterRunnerDebugSymbols' is not required, skipping update.
[        ] [        ] Artifact Instance of 'IosUsbArtifacts' is not required, skipping update.
[        ] [        ] Artifact Instance of 'IosUsbArtifacts' is not required, skipping update.
[        ] [        ] Artifact Instance of 'IosUsbArtifacts' is not required, skipping update.
[        ] [        ] Artifact Instance of 'IosUsbArtifacts' is not required, skipping update.
[        ] [        ] Artifact Instance of 'IosUsbArtifacts' is not required, skipping update.
[        ] [        ] Artifact Instance of 'IosUsbArtifacts' is not required, skipping update.
[        ] [        ] Artifact Instance of 'FontSubsetArtifacts' is not required, skipping update.
[        ] [        ] Artifact Instance of 'PubDependencies' is not required, skipping update.
[        ] [   +8 ms] Artifact Instance of 'AndroidGenSnapshotArtifacts' is not required, skipping update.
[        ] [        ] Artifact Instance of 'AndroidInternalBuildArtifacts' is not required, skipping update.
[        ] [        ] Artifact Instance of 'IOSEngineArtifacts' is not required, skipping update.
[        ] [        ] Artifact Instance of 'FlutterWebSdk' is not required, skipping update.
[        ] [        ] Artifact Instance of 'FlutterEngineStamp' is not required, skipping update.
[        ] [        ] Artifact Instance of 'LegacyCanvasKitRemover' is not required, skipping update.
[        ] [   +1 ms] Artifact Instance of 'WindowsEngineArtifacts' is not required, skipping update.
[        ] [        ] Artifact Instance of 'MacOSEngineArtifacts' is not required, skipping update.
[        ] [        ] Artifact Instance of 'LinuxEngineArtifacts' is not required, skipping update.
[        ] [        ] Artifact Instance of 'LinuxFuchsiaSDKArtifacts' is not required, skipping update.
[        ] [        ] Artifact Instance of 'MacOSFuchsiaSDKArtifacts' is not required, skipping update.
[        ] [        ] Artifact Instance of 'FlutterRunnerSDKArtifacts' is not required, skipping update.
[        ] [        ] Artifact Instance of 'FlutterRunnerDebugSymbols' is not required, skipping update.
[        ] [  +51 ms] Artifact Instance of 'MaterialFonts' is not required, skipping update.
[        ] [        ] Artifact Instance of 'GradleWrapper' is not required, skipping update.
[        ] [   +1 ms] Artifact Instance of 'AndroidInternalBuildArtifacts' is not required, skipping update.
[        ] [        ] Artifact Instance of 'IOSEngineArtifacts' is not required, skipping update.
[        ] [        ] Artifact Instance of 'FlutterWebSdk' is not required, skipping update.
[        ] [        ] Artifact Instance of 'FlutterEngineStamp' is not required, skipping update.
[        ] [        ] Artifact Instance of 'LegacyCanvasKitRemover' is not required, skipping update.
[        ] [        ] Artifact Instance of 'FlutterSdk' is not required, skipping update.
[        ] [        ] Artifact Instance of 'WindowsEngineArtifacts' is not required, skipping update.
[        ] [        ] Artifact Instance of 'MacOSEngineArtifacts' is not required, skipping update.
[        ] [        ] Artifact Instance of 'LinuxEngineArtifacts' is not required, skipping update.
[        ] [        ] Artifact Instance of 'LinuxFuchsiaSDKArtifacts' is not required, skipping update.
[        ] [        ] Artifact Instance of 'MacOSFuchsiaSDKArtifacts' is not required, skipping update.
[        ] [        ] Artifact Instance of 'FlutterRunnerSDKArtifacts' is not required, skipping update.
[        ] [        ] Artifact Instance of 'FlutterRunnerDebugSymbols' is not required, skipping update.
[        ] [        ] Artifact Instance of 'IosUsbArtifacts' is not required, skipping update.
[        ] [        ] Artifact Instance of 'IosUsbArtifacts' is not required, skipping update.
[        ] [        ] Artifact Instance of 'IosUsbArtifacts' is not required, skipping update.
[        ] [        ] Artifact Instance of 'IosUsbArtifacts' is not required, skipping update.
[        ] [        ] Artifact Instance of 'IosUsbArtifacts' is not required, skipping update.
[        ] [        ] Artifact Instance of 'IosUsbArtifacts' is not required, skipping update.
[        ] [        ] Artifact Instance of 'FontSubsetArtifacts' is not required, skipping update.
[        ] [        ] Artifact Instance of 'PubDependencies' is not required, skipping update.
[        ] [  +27 ms] Initializing file store
[        ] [  +46 ms] Done initializing file store
[ +101 ms] [  +80 ms] Skipping target: dart_build
[        ] [   +1 ms] Skipping target: gen_dart_plugin_registrant
[        ] [        ] Skipping target: install_code_assets
[        ] [        ] Skipping target: gen_localizations
[+1398 ms] [+1335 ms] Skipping target: kernel_snapshot_program
[        ] [   +5 ms] invalidated build due to missing files: G:\Taka-Dorkar-Pro\mobile\DOES_NOT_EXIST_RERUN_FOR_WILDCARD60202556
[+1504 ms] [+1591 ms] debug_android_application: Starting due to {InvalidatedReasonKind.inputMissing: The following inputs were missing: G:\Taka-Dorkar-Pro\mobile\DOES_NOT_EXIST_RERUN_FOR_WILDCARD60202556}
[ +398 ms] [ +311 ms] Manifest contained wildcard assets. Inserting missing file into build graph to force rerun. for more information see #56466.
[        ] [   +8 ms] shaderc command: [F:\flutter\bin\cache\artifacts\engine\windows-x64\impellerc.exe, --sksl, --runtime-stage-gles, --runtime-stage-gles3, --runtime-stage-vulkan, --iplr, --sl=G:\Taka-Dorkar-Pro\mobile\build\app\intermediates\flutter\debug\flutter_assets\shaders/ink_sparkle.frag, --spirv=G:\Taka-Dorkar-Pro\mobile\build\app\intermediates\flutter\debug\flutter_assets\shaders/ink_sparkle.frag.spirv, --input=F:\flutter\packages\flutter\lib\src\material\shaders\ink_sparkle.frag, --input-type=frag, --include=F:\flutter\packages\flutter\lib\src\material\shaders, --include=F:\flutter\bin\cache\artifacts\engine\windows-x64\shader_lib]
[        ] [   +4 ms] shaderc command: [F:\flutter\bin\cache\artifacts\engine\windows-x64\impellerc.exe, --sksl, --runtime-stage-gles, --runtime-stage-gles3, --runtime-stage-vulkan, --iplr, --sl=G:\Taka-Dorkar-Pro\mobile\build\app\intermediates\flutter\debug\flutter_assets\shaders/stretch_effect.frag, --spirv=G:\Taka-Dorkar-Pro\mobile\build\app\intermediates\flutter\debug\flutter_assets\shaders/stretch_effect.frag.spirv, --input=F:\flutter\packages\flutter\lib\src\material\shaders\stretch_effect.frag, --input-type=frag, --include=F:\flutter\packages\flutter\lib\src\material\shaders, --include=F:\flutter\bin\cache\artifacts\engine\windows-x64\shader_lib]
[+1391 ms] [+1377 ms] debug_android_application: Complete
[ +303 ms] [ +327 ms] Persisting file store
[        ] [   +8 ms] Done persisting file store
[        ] [  +13 ms] build succeeded.
[        ] [  +10 ms] "flutter assemble" took 5,208ms.
[  +91 ms] [  +56 ms] Running 1 shutdown hook
[        ] [        ] Shutdown hooks complete
[ +200 ms] [ +181 ms] exiting with code 0
[        ] Resolve mutations for :app:packJniLibsflutterBuildDebug (Thread[#1441,Execution worker Thread 4,5,main]) started.
[        ] :app:packJniLibsflutterBuildDebug (Thread[#1441,Execution worker Thread 4,5,main]) started.
[        ] > Task :app:packJniLibsflutterBuildDebug UP-TO-DATE
[        ] Caching disabled for task ':app:packJniLibsflutterBuildDebug' because:
[        ]   Build cache is disabled
[        ]   Not worth caching
[        ] Skipping task ':app:packJniLibsflutterBuildDebug' as it is up-to-date.
[        ] Resolve mutations for :flutter_local_notifications:preBuild (Thread[#1441,Execution worker Thread 4,5,main]) started.
[        ] :flutter_local_notifications:preBuild (Thread[#1438,Execution worker,5,main]) started.
[        ] > Task :flutter_local_notifications:preBuild UP-TO-DATE
[        ] Skipping task ':flutter_local_notifications:preBuild' as it has no actions.
[        ] Resolve mutations for :flutter_local_notifications:preDebugBuild (Thread[#1438,Execution worker,5,main]) started.
[        ] :flutter_local_notifications:preDebugBuild (Thread[#1438,Execution worker,5,main]) started.
[        ] > Task :flutter_local_notifications:preDebugBuild UP-TO-DATE
[        ] Skipping task ':flutter_local_notifications:preDebugBuild' as it has no actions.
[        ] Resolve mutations for :flutter_local_notifications:writeDebugAarMetadata (Thread[#1438,Execution worker,5,main]) started.
[        ] :flutter_local_notifications:writeDebugAarMetadata (Thread[#1438,Execution worker,5,main]) started.
[        ] > Task :flutter_local_notifications:writeDebugAarMetadata UP-TO-DATE
[        ] Caching disabled for task ':flutter_local_notifications:writeDebugAarMetadata' because:
[        ]   Build cache is disabled
[        ]   Caching has been disabled for the task
[        ] Skipping task ':flutter_local_notifications:writeDebugAarMetadata' as it is up-to-date.
[        ] work action resolve aar-metadata.properties (project :flutter_local_notifications) (Thread[#1438,Execution worker,5,main]) started.
[        ] Resolve mutations for :permission_handler_android:preBuild (Thread[#1438,Execution worker,5,main]) started.
[        ] :permission_handler_android:preBuild (Thread[#1438,Execution worker,5,main]) started.
[        ] > Task :permission_handler_android:preBuild UP-TO-DATE
[        ] Skipping task ':permission_handler_android:preBuild' as it has no actions.
[        ] Resolve mutations for :permission_handler_android:preDebugBuild (Thread[#1438,Execution worker,5,main]) started.
[        ] :permission_handler_android:preDebugBuild (Thread[#1438,Execution worker,5,main]) started.
[        ] > Task :permission_handler_android:preDebugBuild UP-TO-DATE
[        ] Skipping task ':permission_handler_android:preDebugBuild' as it has no actions.
[        ] Resolve mutations for :permission_handler_android:writeDebugAarMetadata (Thread[#1438,Execution worker,5,main]) started.
[        ] :permission_handler_android:writeDebugAarMetadata (Thread[#1438,Execution worker,5,main]) started.
[        ] > Task :permission_handler_android:writeDebugAarMetadata UP-TO-DATE
[        ] Caching disabled for task ':permission_handler_android:writeDebugAarMetadata' because:
[        ]   Build cache is disabled
[        ]   Caching has been disabled for the task
[        ] Skipping task ':permission_handler_android:writeDebugAarMetadata' as it is up-to-date.
[        ] work action resolve aar-metadata.properties (project :permission_handler_android) (Thread[#1438,Execution worker,5,main]) started.
[        ] Resolve mutations for :shared_preferences_android:preBuild (Thread[#1438,Execution worker,5,main]) started.
[        ] :shared_preferences_android:preBuild (Thread[#1438,Execution worker,5,main]) started.
[        ] > Task :shared_preferences_android:preBuild UP-TO-DATE
[        ] Skipping task ':shared_preferences_android:preBuild' as it has no actions.
[        ] Resolve mutations for :shared_preferences_android:preDebugBuild (Thread[#1438,Execution worker,5,main]) started.
[        ] :shared_preferences_android:preDebugBuild (Thread[#1438,Execution worker,5,main]) started.
[        ] > Task :shared_preferences_android:preDebugBuild UP-TO-DATE
[        ] Skipping task ':shared_preferences_android:preDebugBuild' as it has no actions.
[        ] Resolve mutations for :shared_preferences_android:writeDebugAarMetadata (Thread[#1438,Execution worker,5,main]) started.
[        ] :shared_preferences_android:writeDebugAarMetadata (Thread[#1438,Execution worker,5,main]) started.
[        ] > Task :shared_preferences_android:writeDebugAarMetadata UP-TO-DATE
[        ] Caching disabled for task ':shared_preferences_android:writeDebugAarMetadata' because:
[        ]   Build cache is disabled
[        ]   Caching has been disabled for the task
[        ] Skipping task ':shared_preferences_android:writeDebugAarMetadata' as it is up-to-date.
[        ] work action resolve aar-metadata.properties (project :shared_preferences_android) (Thread[#1438,Execution worker,5,main]) started.
[        ] Resolve mutations for :sqflite_android:preBuild (Thread[#1438,Execution worker,5,main]) started.
[        ] :sqflite_android:preBuild (Thread[#1438,Execution worker,5,main]) started.
[        ] > Task :sqflite_android:preBuild UP-TO-DATE
[        ] Skipping task ':sqflite_android:preBuild' as it has no actions.
[        ] Resolve mutations for :sqflite_android:preDebugBuild (Thread[#1438,Execution worker,5,main]) started.
[        ] :sqflite_android:preDebugBuild (Thread[#1438,Execution worker,5,main]) started.
[        ] > Task :sqflite_android:preDebugBuild UP-TO-DATE
[        ] Skipping task ':sqflite_android:preDebugBuild' as it has no actions.
[        ] Resolve mutations for :sqflite_android:writeDebugAarMetadata (Thread[#1438,Execution worker,5,main]) started.
[        ] :sqflite_android:writeDebugAarMetadata (Thread[#1439,Execution worker Thread 2,5,main]) started.
[        ] > Task :sqflite_android:writeDebugAarMetadata UP-TO-DATE
[        ] Caching disabled for task ':sqflite_android:writeDebugAarMetadata' because:
[        ]   Build cache is disabled
[        ]   Caching has been disabled for the task
[        ] Skipping task ':sqflite_android:writeDebugAarMetadata' as it is up-to-date.
[        ] work action resolve aar-metadata.properties (project :sqflite_android) (Thread[#1439,Execution worker Thread 2,5,main]) started.
[        ] Resolve mutations for :tflite_flutter:preBuild (Thread[#1440,Execution worker Thread 3,5,main]) started.
[        ] :tflite_flutter:preBuild (Thread[#1440,Execution worker Thread 3,5,main]) started.
[        ] > Task :tflite_flutter:preBuild UP-TO-DATE
[        ] Skipping task ':tflite_flutter:preBuild' as it has no actions.
[        ] Resolve mutations for :tflite_flutter:preDebugBuild (Thread[#1440,Execution worker Thread 3,5,main]) started.
[        ] :tflite_flutter:preDebugBuild (Thread[#1440,Execution worker Thread 3,5,main]) started.
[        ] > Task :tflite_flutter:preDebugBuild UP-TO-DATE
[        ] Skipping task ':tflite_flutter:preDebugBuild' as it has no actions.
[        ] Resolve mutations for :tflite_flutter:writeDebugAarMetadata (Thread[#1440,Execution worker Thread 3,5,main]) started.
[        ] :tflite_flutter:writeDebugAarMetadata (Thread[#1440,Execution worker Thread 3,5,main]) started.
[        ] > Task :tflite_flutter:writeDebugAarMetadata UP-TO-DATE
[        ] Caching disabled for task ':tflite_flutter:writeDebugAarMetadata' because:
[        ]   Build cache is disabled
[        ]   Caching has been disabled for the task
[        ] Skipping task ':tflite_flutter:writeDebugAarMetadata' as it is up-to-date.
[        ] work action resolve aar-metadata.properties (project :tflite_flutter) (Thread[#1440,Execution worker Thread 3,5,main]) started.
[        ] Resolve mutations for :app:checkDebugAarMetadata (Thread[#1440,Execution worker Thread 3,5,main]) started.
[        ] :app:checkDebugAarMetadata (Thread[#1440,Execution worker Thread 3,5,main]) started.
[        ] > Task :app:checkDebugAarMetadata UP-TO-DATE
[        ] Caching disabled for task ':app:checkDebugAarMetadata' because:
[        ]   Build cache is disabled
[        ]   Caching has been disabled for the task
[        ] Skipping task ':app:checkDebugAarMetadata' as it is up-to-date.
[        ] Resolve mutations for :app:cleanMergeDebugAssets (Thread[#1440,Execution worker Thread 3,5,main]) started.
[        ] :app:cleanMergeDebugAssets (Thread[#1440,Execution worker Thread 3,5,main]) started.
[        ] > Task :app:cleanMergeDebugAssets
[        ] Caching disabled for task ':app:cleanMergeDebugAssets' because:
[        ]   Build cache is disabled
[        ] Task ':app:cleanMergeDebugAssets' is not up-to-date because:
[        ]   Task has not declared any outputs despite executing actions.
[        ] Resolve mutations for :app:mergeDebugShaders (Thread[#1440,Execution worker Thread 3,5,main]) started.
[        ] :app:mergeDebugShaders (Thread[#1440,Execution worker Thread 3,5,main]) started.
[        ] > Task :app:mergeDebugShaders UP-TO-DATE
[        ] Caching disabled for task ':app:mergeDebugShaders' because:
[        ]   Build cache is disabled
[        ]   Simple merging task
[        ] Skipping task ':app:mergeDebugShaders' as it is up-to-date.
[        ] Resolve mutations for :app:compileDebugShaders (Thread[#1440,Execution worker Thread 3,5,main]) started.
[        ] :app:compileDebugShaders (Thread[#1440,Execution worker Thread 3,5,main]) started.
[        ] > Task :app:compileDebugShaders NO-SOURCE
[        ] Skipping task ':app:compileDebugShaders' as it has no source files and no previous output files.
[  +96 ms] Resolve mutations for :app:generateDebugAssets (Thread[#1440,Execution worker Thread 3,5,main]) started.
[        ] :app:generateDebugAssets (Thread[#1437,included builds,5,main]) started.
[        ] > Task :app:generateDebugAssets UP-TO-DATE
[        ] Skipping task ':app:generateDebugAssets' as it has no actions.
[        ] Resolve mutations for :flutter_local_notifications:mergeDebugShaders (Thread[#1437,included builds,5,main]) started.
[        ] :flutter_local_notifications:mergeDebugShaders (Thread[#1437,included builds,5,main]) started.
[        ] > Task :flutter_local_notifications:mergeDebugShaders UP-TO-DATE
[        ] Caching disabled for task ':flutter_local_notifications:mergeDebugShaders' because:
[        ]   Build cache is disabled
[        ]   Simple merging task
[        ] Skipping task ':flutter_local_notifications:mergeDebugShaders' as it is up-to-date.
[        ] Resolve mutations for :flutter_local_notifications:compileDebugShaders (Thread[#1437,included builds,5,main]) started.
[        ] :flutter_local_notifications:compileDebugShaders (Thread[#1437,included builds,5,main]) started.
[        ] > Task :flutter_local_notifications:compileDebugShaders NO-SOURCE
[        ] Skipping task ':flutter_local_notifications:compileDebugShaders' as it has no source files and no previous output files.
[        ] Resolve mutations for :flutter_local_notifications:generateDebugAssets (Thread[#1437,included builds,5,main]) started.
[        ] :flutter_local_notifications:generateDebugAssets (Thread[#1437,included builds,5,main]) started.
[        ] > Task :flutter_local_notifications:generateDebugAssets UP-TO-DATE
[        ] Skipping task ':flutter_local_notifications:generateDebugAssets' as it has no actions.
[        ] Resolve mutations for :flutter_local_notifications:mergeDebugAssets (Thread[#1437,included builds,5,main]) started.
[        ] :flutter_local_notifications:mergeDebugAssets (Thread[#1437,included builds,5,main]) started.
[        ] > Task :flutter_local_notifications:mergeDebugAssets UP-TO-DATE
[        ] Caching disabled for task ':flutter_local_notifications:mergeDebugAssets' because:
[        ]   Build cache is disabled
[        ]   Simple merging task
[        ] Skipping task ':flutter_local_notifications:mergeDebugAssets' as it is up-to-date.
[        ] work action resolve mergeDebugAssets (project :flutter_local_notifications) (Thread[#1437,included builds,5,main]) started.
[        ] Resolve mutations for :permission_handler_android:mergeDebugShaders (Thread[#1437,included builds,5,main]) started.
[        ] :permission_handler_android:mergeDebugShaders (Thread[#1437,included builds,5,main]) started.
[        ] > Task :permission_handler_android:mergeDebugShaders UP-TO-DATE
[        ] Caching disabled for task ':permission_handler_android:mergeDebugShaders' because:
[        ]   Build cache is disabled
[        ]   Simple merging task
[        ] Skipping task ':permission_handler_android:mergeDebugShaders' as it is up-to-date.
[        ] Resolve mutations for :permission_handler_android:compileDebugShaders (Thread[#1437,included builds,5,main]) started.
[        ] :permission_handler_android:compileDebugShaders (Thread[#1437,included builds,5,main]) started.
[        ] > Task :permission_handler_android:compileDebugShaders NO-SOURCE
[        ] Skipping task ':permission_handler_android:compileDebugShaders' as it has no source files and no previous output files.
[        ] Resolve mutations for :permission_handler_android:generateDebugAssets (Thread[#1437,included builds,5,main]) started.
[        ] :permission_handler_android:generateDebugAssets (Thread[#1437,included builds,5,main]) started.
[        ] > Task :permission_handler_android:generateDebugAssets UP-TO-DATE
[        ] Skipping task ':permission_handler_android:generateDebugAssets' as it has no actions.
[        ] Resolve mutations for :permission_handler_android:mergeDebugAssets (Thread[#1437,included builds,5,main]) started.
[        ] :permission_handler_android:mergeDebugAssets (Thread[#1437,included builds,5,main]) started.
[        ] > Task :permission_handler_android:mergeDebugAssets UP-TO-DATE
[        ] Caching disabled for task ':permission_handler_android:mergeDebugAssets' because:
[        ]   Build cache is disabled
[        ]   Simple merging task
[        ] Skipping task ':permission_handler_android:mergeDebugAssets' as it is up-to-date.
[        ] work action resolve mergeDebugAssets (project :permission_handler_android) (Thread[#1446,Execution worker Thread 9,5,main]) started.
[        ] Resolve mutations for :shared_preferences_android:mergeDebugShaders (Thread[#1446,Execution worker Thread 9,5,main]) started.
[        ] :shared_preferences_android:mergeDebugShaders (Thread[#1446,Execution worker Thread 9,5,main]) started.
[        ] > Task :shared_preferences_android:mergeDebugShaders UP-TO-DATE
[        ] Caching disabled for task ':shared_preferences_android:mergeDebugShaders' because:
[        ]   Build cache is disabled
[        ]   Simple merging task
[        ] Skipping task ':shared_preferences_android:mergeDebugShaders' as it is up-to-date.
[        ] Resolve mutations for :shared_preferences_android:compileDebugShaders (Thread[#1446,Execution worker Thread 9,5,main]) started.
[        ] :shared_preferences_android:compileDebugShaders (Thread[#1446,Execution worker Thread 9,5,main]) started.
[        ] > Task :shared_preferences_android:compileDebugShaders NO-SOURCE
[        ] Skipping task ':shared_preferences_android:compileDebugShaders' as it has no source files and no previous output files.
[        ] Resolve mutations for :shared_preferences_android:generateDebugAssets (Thread[#1446,Execution worker Thread 9,5,main]) started.
[        ] :shared_preferences_android:generateDebugAssets (Thread[#1446,Execution worker Thread 9,5,main]) started.
[        ] > Task :shared_preferences_android:generateDebugAssets UP-TO-DATE
[        ] Skipping task ':shared_preferences_android:generateDebugAssets' as it has no actions.
[        ] Resolve mutations for :shared_preferences_android:mergeDebugAssets (Thread[#1446,Execution worker Thread 9,5,main]) started.
[        ] :shared_preferences_android:mergeDebugAssets (Thread[#1446,Execution worker Thread 9,5,main]) started.
[        ] > Task :shared_preferences_android:mergeDebugAssets UP-TO-DATE
[        ] Caching disabled for task ':shared_preferences_android:mergeDebugAssets' because:
[        ]   Build cache is disabled
[        ]   Simple merging task
[        ] Skipping task ':shared_preferences_android:mergeDebugAssets' as it is up-to-date.
[        ] work action resolve mergeDebugAssets (project :shared_preferences_android) (Thread[#1446,Execution worker Thread 9,5,main]) started.
[        ] Resolve mutations for :sqflite_android:mergeDebugShaders (Thread[#1446,Execution worker Thread 9,5,main]) started.
[        ] :sqflite_android:mergeDebugShaders (Thread[#1446,Execution worker Thread 9,5,main]) started.
[        ] > Task :sqflite_android:mergeDebugShaders UP-TO-DATE
[        ] Caching disabled for task ':sqflite_android:mergeDebugShaders' because:
[        ]   Build cache is disabled
[        ]   Simple merging task
[        ] Skipping task ':sqflite_android:mergeDebugShaders' as it is up-to-date.
[        ] Resolve mutations for :sqflite_android:compileDebugShaders (Thread[#1446,Execution worker Thread 9,5,main]) started.
[        ] :sqflite_android:compileDebugShaders (Thread[#1446,Execution worker Thread 9,5,main]) started.
[        ] > Task :sqflite_android:compileDebugShaders NO-SOURCE
[        ] Skipping task ':sqflite_android:compileDebugShaders' as it has no source files and no previous output files.
[        ] Resolve mutations for :sqflite_android:generateDebugAssets (Thread[#1446,Execution worker Thread 9,5,main]) started.
[        ] :sqflite_android:generateDebugAssets (Thread[#1446,Execution worker Thread 9,5,main]) started.
[        ] > Task :sqflite_android:generateDebugAssets UP-TO-DATE
[        ] Skipping task ':sqflite_android:generateDebugAssets' as it has no actions.
[        ] Resolve mutations for :sqflite_android:mergeDebugAssets (Thread[#1446,Execution worker Thread 9,5,main]) started.
[        ] :sqflite_android:mergeDebugAssets (Thread[#1446,Execution worker Thread 9,5,main]) started.
[        ] > Task :sqflite_android:mergeDebugAssets UP-TO-DATE
[        ] Caching disabled for task ':sqflite_android:mergeDebugAssets' because:
[        ]   Build cache is disabled
[        ]   Simple merging task
[        ] Skipping task ':sqflite_android:mergeDebugAssets' as it is up-to-date.
[        ] work action resolve mergeDebugAssets (project :sqflite_android) (Thread[#1446,Execution worker Thread 9,5,main]) started.
[        ] Resolve mutations for :tflite_flutter:mergeDebugShaders (Thread[#1446,Execution worker Thread 9,5,main]) started.
[        ] :tflite_flutter:mergeDebugShaders (Thread[#1446,Execution worker Thread 9,5,main]) started.
[        ] > Task :tflite_flutter:mergeDebugShaders UP-TO-DATE
[        ] Caching disabled for task ':tflite_flutter:mergeDebugShaders' because:
[        ]   Build cache is disabled
[        ]   Simple merging task
[        ] Skipping task ':tflite_flutter:mergeDebugShaders' as it is up-to-date.
[        ] Resolve mutations for :tflite_flutter:compileDebugShaders (Thread[#1446,Execution worker Thread 9,5,main]) started.
[        ] :tflite_flutter:compileDebugShaders (Thread[#1446,Execution worker Thread 9,5,main]) started.
[        ] > Task :tflite_flutter:compileDebugShaders NO-SOURCE
[        ] Skipping task ':tflite_flutter:compileDebugShaders' as it has no source files and no previous output files.
[        ] Resolve mutations for :tflite_flutter:generateDebugAssets (Thread[#1446,Execution worker Thread 9,5,main]) started.
[        ] :tflite_flutter:generateDebugAssets (Thread[#1446,Execution worker Thread 9,5,main]) started.
[        ] > Task :tflite_flutter:generateDebugAssets UP-TO-DATE
[        ] Skipping task ':tflite_flutter:generateDebugAssets' as it has no actions.
[        ] Resolve mutations for :tflite_flutter:mergeDebugAssets (Thread[#1446,Execution worker Thread 9,5,main]) started.
[        ] :tflite_flutter:mergeDebugAssets (Thread[#1446,Execution worker Thread 9,5,main]) started.
[        ] > Task :tflite_flutter:mergeDebugAssets UP-TO-DATE
[        ] Caching disabled for task ':tflite_flutter:mergeDebugAssets' because:
[        ]   Build cache is disabled
[        ]   Simple merging task
[        ] Skipping task ':tflite_flutter:mergeDebugAssets' as it is up-to-date.
[        ] work action resolve mergeDebugAssets (project :tflite_flutter) (Thread[#1446,Execution worker Thread 9,5,main]) started.
[        ] Resolve mutations for :app:mergeDebugAssets (Thread[#1446,Execution worker Thread 9,5,main]) started.
[        ] :app:mergeDebugAssets (Thread[#1446,Execution worker Thread 9,5,main]) started.
[        ] > Task :app:mergeDebugAssets
[        ] Caching disabled for task ':app:mergeDebugAssets' because:
[        ]   Build cache is disabled
[        ]   Simple merging task
[        ] Task ':app:mergeDebugAssets' is not up-to-date because:
[        ]   Output property 'outputDir' file G:\Taka-Dorkar-Pro\mobile\build\app\intermediates\assets\debug\mergeDebugAssets has been removed.
[        ] The input changes require a full rebuild for incremental task ':app:mergeDebugAssets'.
[        ] Resolve mutations for :app:copyFlutterAssetsDebug (Thread[#1446,Execution worker Thread 9,5,main]) started.
[        ] :app:copyFlutterAssetsDebug (Thread[#1446,Execution worker Thread 9,5,main]) started.
[  +93 ms] > Task :app:copyFlutterAssetsDebug
[        ] Caching disabled for task ':app:copyFlutterAssetsDebug' because:
[        ]   Build cache is disabled
[        ]   Not worth caching
[        ] Task ':app:copyFlutterAssetsDebug' is not up-to-date because:
[        ]   Output property 'destinationDir' file G:\Taka-Dorkar-Pro\mobile\build\app\intermediates\assets\debug\mergeDebugAssets\flutter_assets has been removed.
[        ]   Output property 'destinationDir' file G:\Taka-Dorkar-Pro\mobile\build\app\intermediates\assets\debug\mergeDebugAssets\flutter_assets\AssetManifest.bin has been removed.
[        ]   Output property 'destinationDir' file G:\Taka-Dorkar-Pro\mobile\build\app\intermediates\assets\debug\mergeDebugAssets\flutter_assets\FontManifest.json has been removed.
[        ]   and more...
[        ] Resolve mutations for :app:generateDebugResValues (Thread[#1446,Execution worker Thread 9,5,main]) started.
[        ] :app:generateDebugResValues (Thread[#1446,Execution worker Thread 9,5,main]) started.
[        ] > Task :app:generateDebugResValues UP-TO-DATE
[        ] Caching disabled for task ':app:generateDebugResValues' because:
[        ]   Build cache is disabled
[        ] Skipping task ':app:generateDebugResValues' as it is up-to-date.
[        ] Resolve mutations for :flutter_local_notifications:generateDebugResValues (Thread[#1446,Execution worker Thread 9,5,main]) started.
[        ] :flutter_local_notifications:generateDebugResValues (Thread[#1443,Execution worker Thread 6,5,main]) started.
[        ] > Task :flutter_local_notifications:generateDebugResValues UP-TO-DATE
[        ] Caching disabled for task ':flutter_local_notifications:generateDebugResValues' because:
[        ]   Build cache is disabled
[        ] Skipping task ':flutter_local_notifications:generateDebugResValues' as it is up-to-date.
[        ] Resolve mutations for :flutter_local_notifications:generateDebugResources (Thread[#1443,Execution worker Thread 6,5,main]) started.
[        ] :flutter_local_notifications:generateDebugResources (Thread[#1443,Execution worker Thread 6,5,main]) started.
[        ] > Task :flutter_local_notifications:generateDebugResources UP-TO-DATE
[        ] Caching disabled for task ':flutter_local_notifications:generateDebugResources' because:
[        ]   Build cache is disabled
[        ] Skipping task ':flutter_local_notifications:generateDebugResources' as it is up-to-date.
[        ] Resolve mutations for :flutter_local_notifications:packageDebugResources (Thread[#1443,Execution worker Thread 6,5,main]) started.
[        ] :flutter_local_notifications:packageDebugResources (Thread[#1443,Execution worker Thread 6,5,main]) started.
[        ] > Task :flutter_local_notifications:packageDebugResources UP-TO-DATE
[        ] Caching disabled for task ':flutter_local_notifications:packageDebugResources' because:
[        ]   Build cache is disabled
[        ] Skipping task ':flutter_local_notifications:packageDebugResources' as it is up-to-date.
[        ] work action resolve packageDebugResources (project :flutter_local_notifications) (Thread[#1443,Execution worker Thread 6,5,main]) started.
[        ] Resolve mutations for :permission_handler_android:generateDebugResValues (Thread[#1443,Execution worker Thread 6,5,main]) started.
[        ] :permission_handler_android:generateDebugResValues (Thread[#1443,Execution worker Thread 6,5,main]) started.
[        ] > Task :permission_handler_android:generateDebugResValues UP-TO-DATE
[        ] Caching disabled for task ':permission_handler_android:generateDebugResValues' because:
[        ]   Build cache is disabled
[        ] Skipping task ':permission_handler_android:generateDebugResValues' as it is up-to-date.
[        ] Resolve mutations for :permission_handler_android:generateDebugResources (Thread[#1443,Execution worker Thread 6,5,main]) started.
[        ] :permission_handler_android:generateDebugResources (Thread[#1443,Execution worker Thread 6,5,main]) started.
[        ] > Task :permission_handler_android:generateDebugResources UP-TO-DATE
[        ] Caching disabled for task ':permission_handler_android:generateDebugResources' because:
[        ]   Build cache is disabled
[        ] Skipping task ':permission_handler_android:generateDebugResources' as it is up-to-date.
[        ] Resolve mutations for :permission_handler_android:packageDebugResources (Thread[#1443,Execution worker Thread 6,5,main]) started.
[        ] :permission_handler_android:packageDebugResources (Thread[#1443,Execution worker Thread 6,5,main]) started.
[        ] > Task :permission_handler_android:packageDebugResources UP-TO-DATE
[        ] Caching disabled for task ':permission_handler_android:packageDebugResources' because:
[        ]   Build cache is disabled
[        ] Skipping task ':permission_handler_android:packageDebugResources' as it is up-to-date.
[        ] work action resolve packageDebugResources (project :permission_handler_android) (Thread[#1443,Execution worker Thread 6,5,main]) started.
[        ] Resolve mutations for :shared_preferences_android:generateDebugResValues (Thread[#1443,Execution worker Thread 6,5,main]) started.
[        ] :shared_preferences_android:generateDebugResValues (Thread[#1443,Execution worker Thread 6,5,main]) started.
[        ] > Task :shared_preferences_android:generateDebugResValues UP-TO-DATE
[        ] Caching disabled for task ':shared_preferences_android:generateDebugResValues' because:
[        ]   Build cache is disabled
[        ] Skipping task ':shared_preferences_android:generateDebugResValues' as it is up-to-date.
[        ] Resolve mutations for :shared_preferences_android:generateDebugResources (Thread[#1443,Execution worker Thread 6,5,main]) started.
[        ] :shared_preferences_android:generateDebugResources (Thread[#1443,Execution worker Thread 6,5,main]) started.
[        ] > Task :shared_preferences_android:generateDebugResources UP-TO-DATE
[        ] Caching disabled for task ':shared_preferences_android:generateDebugResources' because:
[        ]   Build cache is disabled
[        ] Skipping task ':shared_preferences_android:generateDebugResources' as it is up-to-date.
[        ] Resolve mutations for :shared_preferences_android:packageDebugResources (Thread[#1443,Execution worker Thread 6,5,main]) started.
[        ] :shared_preferences_android:packageDebugResources (Thread[#1443,Execution worker Thread 6,5,main]) started.
[        ] > Task :shared_preferences_android:packageDebugResources UP-TO-DATE
[        ] Caching disabled for task ':shared_preferences_android:packageDebugResources' because:
[        ]   Build cache is disabled
[        ] Skipping task ':shared_preferences_android:packageDebugResources' as it is up-to-date.
[        ] work action resolve packageDebugResources (project :shared_preferences_android) (Thread[#1443,Execution worker Thread 6,5,main]) started.
[        ] Resolve mutations for :sqflite_android:generateDebugResValues (Thread[#1443,Execution worker Thread 6,5,main]) started.
[        ] :sqflite_android:generateDebugResValues (Thread[#1437,included builds,5,main]) started.
[        ] > Task :sqflite_android:generateDebugResValues UP-TO-DATE
[        ] Caching disabled for task ':sqflite_android:generateDebugResValues' because:
[        ]   Build cache is disabled
[        ] Skipping task ':sqflite_android:generateDebugResValues' as it is up-to-date.
[        ] Resolve mutations for :sqflite_android:generateDebugResources (Thread[#1437,included builds,5,main]) started.
[        ] :sqflite_android:generateDebugResources (Thread[#1437,included builds,5,main]) started.
[        ] > Task :sqflite_android:generateDebugResources UP-TO-DATE
[        ] Caching disabled for task ':sqflite_android:generateDebugResources' because:
[        ]   Build cache is disabled
[        ] Skipping task ':sqflite_android:generateDebugResources' as it is up-to-date.
[        ] Resolve mutations for :sqflite_android:packageDebugResources (Thread[#1437,included builds,5,main]) started.
[        ] :sqflite_android:packageDebugResources (Thread[#1437,included builds,5,main]) started.
[        ] > Task :sqflite_android:packageDebugResources UP-TO-DATE
[        ] Caching disabled for task ':sqflite_android:packageDebugResources' because:
[        ]   Build cache is disabled
[        ] Skipping task ':sqflite_android:packageDebugResources' as it is up-to-date.
[        ] work action resolve packageDebugResources (project :sqflite_android) (Thread[#1437,included builds,5,main]) started.
[        ] Resolve mutations for :tflite_flutter:generateDebugResValues (Thread[#1437,included builds,5,main]) started.
[        ] :tflite_flutter:generateDebugResValues (Thread[#1437,included builds,5,main]) started.
[        ] > Task :tflite_flutter:generateDebugResValues UP-TO-DATE
[        ] Caching disabled for task ':tflite_flutter:generateDebugResValues' because:
[        ]   Build cache is disabled
[        ] Skipping task ':tflite_flutter:generateDebugResValues' as it is up-to-date.
[        ] Resolve mutations for :tflite_flutter:generateDebugResources (Thread[#1437,included builds,5,main]) started.
[        ] :tflite_flutter:generateDebugResources (Thread[#1437,included builds,5,main]) started.
[        ] > Task :tflite_flutter:generateDebugResources UP-TO-DATE
[        ] Caching disabled for task ':tflite_flutter:generateDebugResources' because:
[        ]   Build cache is disabled
[        ] Skipping task ':tflite_flutter:generateDebugResources' as it is up-to-date.
[        ] Resolve mutations for :tflite_flutter:packageDebugResources (Thread[#1437,included builds,5,main]) started.
[        ] :tflite_flutter:packageDebugResources (Thread[#1437,included builds,5,main]) started.
[        ] > Task :tflite_flutter:packageDebugResources UP-TO-DATE
[        ] Caching disabled for task ':tflite_flutter:packageDebugResources' because:
[        ]   Build cache is disabled
[        ] Skipping task ':tflite_flutter:packageDebugResources' as it is up-to-date.
[        ] work action resolve packageDebugResources (project :tflite_flutter) (Thread[#1437,included builds,5,main]) started.
[        ] Resolve mutations for :app:mapDebugSourceSetPaths (Thread[#1437,included builds,5,main]) started.
[        ] :app:mapDebugSourceSetPaths (Thread[#1437,included builds,5,main]) started.
[        ] > Task :app:mapDebugSourceSetPaths UP-TO-DATE
[        ] Caching disabled for task ':app:mapDebugSourceSetPaths' because:
[        ]   Build cache is disabled
[        ]   Caching has been disabled for the task
[        ] Skipping task ':app:mapDebugSourceSetPaths' as it is up-to-date.
[        ] Resolve mutations for :app:generateDebugResources (Thread[#1437,included builds,5,main]) started.
[        ] :app:generateDebugResources (Thread[#1437,included builds,5,main]) started.
[        ] > Task :app:generateDebugResources UP-TO-DATE
[        ] Caching disabled for task ':app:generateDebugResources' because:
[        ]   Build cache is disabled
[        ] Skipping task ':app:generateDebugResources' as it is up-to-date.
[        ] Resolve mutations for :app:mergeDebugResources (Thread[#1437,included builds,5,main]) started.
[        ] :app:mergeDebugResources (Thread[#1437,included builds,5,main]) started.
[  +81 ms] > Task :app:mergeDebugResources UP-TO-DATE
[        ] Caching disabled for task ':app:mergeDebugResources' because:
[        ]   Build cache is disabled
[        ] Skipping task ':app:mergeDebugResources' as it is up-to-date.
[        ] Resolve mutations for :app:packageDebugResources (Thread[#1437,included builds,5,main]) started.
[        ] :app:packageDebugResources (Thread[#1437,included builds,5,main]) started.
[        ] > Task :app:packageDebugResources UP-TO-DATE
[        ] Caching disabled for task ':app:packageDebugResources' because:
[        ]   Build cache is disabled
[        ] Skipping task ':app:packageDebugResources' as it is up-to-date.
[        ] Resolve mutations for :app:parseDebugLocalResources (Thread[#1437,included builds,5,main]) started.
[        ] :app:parseDebugLocalResources (Thread[#1437,included builds,5,main]) started.
[        ] > Task :app:parseDebugLocalResources UP-TO-DATE
[        ] Caching disabled for task ':app:parseDebugLocalResources' because:
[        ]   Build cache is disabled
[        ] Skipping task ':app:parseDebugLocalResources' as it is up-to-date.
[        ] Resolve mutations for :app:createDebugCompatibleScreenManifests (Thread[#1437,included builds,5,main]) started.
[        ] :app:createDebugCompatibleScreenManifests (Thread[#1437,included builds,5,main]) started.
[        ] > Task :app:createDebugCompatibleScreenManifests UP-TO-DATE
[        ] Caching disabled for task ':app:createDebugCompatibleScreenManifests' because:
[        ]   Build cache is disabled
[        ]   Caching has been disabled for the task
[        ] Skipping task ':app:createDebugCompatibleScreenManifests' as it is up-to-date.
[        ] Resolve mutations for :app:extractDeepLinksDebug (Thread[#1437,included builds,5,main]) started.
[        ] :app:extractDeepLinksDebug (Thread[#1437,included builds,5,main]) started.
[        ] > Task :app:extractDeepLinksDebug UP-TO-DATE
[        ] Caching disabled for task ':app:extractDeepLinksDebug' because:
[        ]   Build cache is disabled
[        ] Skipping task ':app:extractDeepLinksDebug' as it is up-to-date.
[        ] Resolve mutations for :flutter_local_notifications:extractDeepLinksDebug (Thread[#1437,included builds,5,main]) started.
[        ] :flutter_local_notifications:extractDeepLinksDebug (Thread[#1437,included builds,5,main]) started.
[        ] > Task :flutter_local_notifications:extractDeepLinksDebug UP-TO-DATE
[        ] Caching disabled for task ':flutter_local_notifications:extractDeepLinksDebug' because:
[        ]   Build cache is disabled
[        ] Skipping task ':flutter_local_notifications:extractDeepLinksDebug' as it is up-to-date.
[        ] work action resolve navigation.json (project :flutter_local_notifications) (Thread[#1437,included builds,5,main]) started.
[        ] Resolve mutations for :flutter_local_notifications:processDebugManifest (Thread[#1437,included builds,5,main]) started.
[        ] :flutter_local_notifications:processDebugManifest (Thread[#1437,included builds,5,main]) started.
[        ] > Task :flutter_local_notifications:processDebugManifest UP-TO-DATE
[        ] Caching disabled for task ':flutter_local_notifications:processDebugManifest' because:
[        ]   Build cache is disabled
[        ] Skipping task ':flutter_local_notifications:processDebugManifest' as it is up-to-date.
[        ] work action resolve AndroidManifest.xml (project :flutter_local_notifications) (Thread[#1437,included builds,5,main]) started.
[        ] Resolve mutations for :permission_handler_android:extractDeepLinksDebug (Thread[#1437,included builds,5,main]) started.
[        ] :permission_handler_android:extractDeepLinksDebug (Thread[#1437,included builds,5,main]) started.
[        ] > Task :permission_handler_android:extractDeepLinksDebug UP-TO-DATE
[        ] Caching disabled for task ':permission_handler_android:extractDeepLinksDebug' because:
[        ]   Build cache is disabled
[        ] Skipping task ':permission_handler_android:extractDeepLinksDebug' as it is up-to-date.
[        ] work action resolve navigation.json (project :permission_handler_android) (Thread[#1437,included builds,5,main]) started.
[        ] Resolve mutations for :permission_handler_android:processDebugManifest (Thread[#1437,included builds,5,main]) started.
[        ] :permission_handler_android:processDebugManifest (Thread[#1437,included builds,5,main]) started.
[        ] > Task :permission_handler_android:processDebugManifest UP-TO-DATE
[        ] Caching disabled for task ':permission_handler_android:processDebugManifest' because:
[        ]   Build cache is disabled
[        ] Skipping task ':permission_handler_android:processDebugManifest' as it is up-to-date.
[        ] work action resolve AndroidManifest.xml (project :permission_handler_android) (Thread[#1437,included builds,5,main]) started.
[        ] Resolve mutations for :shared_preferences_android:extractDeepLinksDebug (Thread[#1444,Execution worker Thread 7,5,main]) started.
[        ] :shared_preferences_android:extractDeepLinksDebug (Thread[#1444,Execution worker Thread 7,5,main]) started.
[        ] > Task :shared_preferences_android:extractDeepLinksDebug UP-TO-DATE
[        ] Caching disabled for task ':shared_preferences_android:extractDeepLinksDebug' because:
[        ]   Build cache is disabled
[        ] Skipping task ':shared_preferences_android:extractDeepLinksDebug' as it is up-to-date.
[        ] work action resolve navigation.json (project :shared_preferences_android) (Thread[#1444,Execution worker Thread 7,5,main]) started.
[        ] Resolve mutations for :shared_preferences_android:processDebugManifest (Thread[#1444,Execution worker Thread 7,5,main]) started.
[        ] :shared_preferences_android:processDebugManifest (Thread[#1444,Execution worker Thread 7,5,main]) started.
[        ] > Task :shared_preferences_android:processDebugManifest UP-TO-DATE
[        ] Caching disabled for task ':shared_preferences_android:processDebugManifest' because:
[        ]   Build cache is disabled
[        ] Skipping task ':shared_preferences_android:processDebugManifest' as it is up-to-date.
[        ] work action resolve AndroidManifest.xml (project :shared_preferences_android) (Thread[#1444,Execution worker Thread 7,5,main]) started.
[        ] Resolve mutations for :sqflite_android:extractDeepLinksDebug (Thread[#1444,Execution worker Thread 7,5,main]) started.
[        ] :sqflite_android:extractDeepLinksDebug (Thread[#1444,Execution worker Thread 7,5,main]) started.
[        ] > Task :sqflite_android:extractDeepLinksDebug UP-TO-DATE
[        ] Caching disabled for task ':sqflite_android:extractDeepLinksDebug' because:
[        ]   Build cache is disabled
[        ] Skipping task ':sqflite_android:extractDeepLinksDebug' as it is up-to-date.
[        ] work action resolve navigation.json (project :sqflite_android) (Thread[#1444,Execution worker Thread 7,5,main]) started.
[        ] Resolve mutations for :sqflite_android:processDebugManifest (Thread[#1444,Execution worker Thread 7,5,main]) started.
[        ] :sqflite_android:processDebugManifest (Thread[#1444,Execution worker Thread 7,5,main]) started.
[        ] > Task :sqflite_android:processDebugManifest UP-TO-DATE
[        ] Caching disabled for task ':sqflite_android:processDebugManifest' because:
[        ]   Build cache is disabled
[        ] Skipping task ':sqflite_android:processDebugManifest' as it is up-to-date.
[        ] work action resolve AndroidManifest.xml (project :sqflite_android) (Thread[#1444,Execution worker Thread 7,5,main]) started.
[        ] Resolve mutations for :tflite_flutter:extractDeepLinksDebug (Thread[#1444,Execution worker Thread 7,5,main]) started.
[        ] :tflite_flutter:extractDeepLinksDebug (Thread[#1444,Execution worker Thread 7,5,main]) started.
[        ] > Task :tflite_flutter:extractDeepLinksDebug UP-TO-DATE
[        ] Caching disabled for task ':tflite_flutter:extractDeepLinksDebug' because:
[        ]   Build cache is disabled
[        ] Skipping task ':tflite_flutter:extractDeepLinksDebug' as it is up-to-date.
[        ] work action resolve navigation.json (project :tflite_flutter) (Thread[#1444,Execution worker Thread 7,5,main]) started.
[        ] Resolve mutations for :tflite_flutter:processDebugManifest (Thread[#1444,Execution worker Thread 7,5,main]) started.
[        ] :tflite_flutter:processDebugManifest (Thread[#1444,Execution worker Thread 7,5,main]) started.
[        ] > Task :tflite_flutter:processDebugManifest UP-TO-DATE
[        ] Caching disabled for task ':tflite_flutter:processDebugManifest' because:
[        ]   Build cache is disabled
[        ] Skipping task ':tflite_flutter:processDebugManifest' as it is up-to-date.
[        ] work action resolve AndroidManifest.xml (project :tflite_flutter) (Thread[#1444,Execution worker Thread 7,5,main]) started.
[        ] Resolve mutations for :app:processDebugMainManifest (Thread[#1444,Execution worker Thread 7,5,main]) started.
[        ] :app:processDebugMainManifest (Thread[#1444,Execution worker Thread 7,5,main]) started.
[        ] > Task :app:processDebugMainManifest UP-TO-DATE
[        ] Caching disabled for task ':app:processDebugMainManifest' because:
[        ]   Build cache is disabled
[        ] Skipping task ':app:processDebugMainManifest' as it is up-to-date.
[        ] Resolve mutations for :app:outputDebugAppLinkSettings (Thread[#1444,Execution worker Thread 7,5,main]) started.
[        ] :app:outputDebugAppLinkSettings (Thread[#1444,Execution worker Thread 7,5,main]) started.
[        ] > Task :app:outputDebugAppLinkSettings UP-TO-DATE
[        ] Caching disabled for task ':app:outputDebugAppLinkSettings' because:
[        ]   Build cache is disabled
[        ]   Caching has not been enabled for the task
[        ] Skipping task ':app:outputDebugAppLinkSettings' as it is up-to-date.
[        ] Resolve mutations for :app:processDebugManifest (Thread[#1444,Execution worker Thread 7,5,main]) started.
[        ] :app:processDebugManifest (Thread[#1444,Execution worker Thread 7,5,main]) started.
[        ] > Task :app:processDebugManifest UP-TO-DATE
[        ] Caching disabled for task ':app:processDebugManifest' because:
[        ]   Build cache is disabled
[        ] Skipping task ':app:processDebugManifest' as it is up-to-date.
[        ] Resolve mutations for :app:processDebugManifestForPackage (Thread[#1444,Execution worker Thread 7,5,main]) started.
[        ] :app:processDebugManifestForPackage (Thread[#1444,Execution worker Thread 7,5,main]) started.
[        ] > Task :app:processDebugManifestForPackage UP-TO-DATE
[        ] Custom actions are attached to task ':app:processDebugManifestForPackage'.
[        ] Caching disabled for task ':app:processDebugManifestForPackage' because:
[        ]   Build cache is disabled
[        ] Skipping task ':app:processDebugManifestForPackage' as it is up-to-date.
[        ] Resolve mutations for :flutter_local_notifications:compileDebugLibraryResources (Thread[#1444,Execution worker Thread 7,5,main]) started.
[        ] :flutter_local_notifications:compileDebugLibraryResources (Thread[#1444,Execution worker Thread 7,5,main]) started.
[        ] > Task :flutter_local_notifications:compileDebugLibraryResources UP-TO-DATE
[        ] Caching disabled for task ':flutter_local_notifications:compileDebugLibraryResources' because:
[        ]   Build cache is disabled
[        ] Skipping task ':flutter_local_notifications:compileDebugLibraryResources' as it is up-to-date.
[        ] work action resolve out (project :flutter_local_notifications) (Thread[#1444,Execution worker Thread 7,5,main]) started.
[        ] Resolve mutations for :flutter_local_notifications:parseDebugLocalResources (Thread[#1444,Execution worker Thread 7,5,main]) started.
[        ] :flutter_local_notifications:parseDebugLocalResources (Thread[#1441,Execution worker Thread 4,5,main]) started.
[        ] > Task :flutter_local_notifications:parseDebugLocalResources UP-TO-DATE
[        ] Caching disabled for task ':flutter_local_notifications:parseDebugLocalResources' because:
[        ]   Build cache is disabled
[        ] Skipping task ':flutter_local_notifications:parseDebugLocalResources' as it is up-to-date.
[        ] Resolve mutations for :flutter_local_notifications:generateDebugRFile (Thread[#1441,Execution worker Thread 4,5,main]) started.
[        ] :flutter_local_notifications:generateDebugRFile (Thread[#1441,Execution worker Thread 4,5,main]) started.
[        ] > Task :flutter_local_notifications:generateDebugRFile UP-TO-DATE
[        ] Caching disabled for task ':flutter_local_notifications:generateDebugRFile' because:
[        ]   Build cache is disabled
[        ] Skipping task ':flutter_local_notifications:generateDebugRFile' as it is up-to-date.
[        ] work action resolve package-aware-r.txt (project :flutter_local_notifications) (Thread[#1441,Execution worker Thread 4,5,main]) started.
[        ] Resolve mutations for :permission_handler_android:compileDebugLibraryResources (Thread[#1441,Execution worker Thread 4,5,main]) started.
[        ] :permission_handler_android:compileDebugLibraryResources (Thread[#1441,Execution worker Thread 4,5,main]) started.
[        ] > Task :permission_handler_android:compileDebugLibraryResources UP-TO-DATE
[        ] Caching disabled for task ':permission_handler_android:compileDebugLibraryResources' because:
[        ]   Build cache is disabled
[        ] Skipping task ':permission_handler_android:compileDebugLibraryResources' as it is up-to-date.
[        ] work action resolve out (project :permission_handler_android) (Thread[#1441,Execution worker Thread 4,5,main]) started.
[        ] Resolve mutations for :permission_handler_android:parseDebugLocalResources (Thread[#1441,Execution worker Thread 4,5,main]) started.
[        ] :permission_handler_android:parseDebugLocalResources (Thread[#1441,Execution worker Thread 4,5,main]) started.
[        ] > Task :permission_handler_android:parseDebugLocalResources UP-TO-DATE
[        ] Caching disabled for task ':permission_handler_android:parseDebugLocalResources' because:
[        ]   Build cache is disabled
[        ] Skipping task ':permission_handler_android:parseDebugLocalResources' as it is up-to-date.
[        ] Resolve mutations for :permission_handler_android:generateDebugRFile (Thread[#1441,Execution worker Thread 4,5,main]) started.
[        ] :permission_handler_android:generateDebugRFile (Thread[#1441,Execution worker Thread 4,5,main]) started.
[        ] > Task :permission_handler_android:generateDebugRFile UP-TO-DATE
[        ] Caching disabled for task ':permission_handler_android:generateDebugRFile' because:
[        ]   Build cache is disabled
[        ] Skipping task ':permission_handler_android:generateDebugRFile' as it is up-to-date.
[        ] work action resolve package-aware-r.txt (project :permission_handler_android) (Thread[#1441,Execution worker Thread 4,5,main]) started.
[        ] Resolve mutations for :shared_preferences_android:compileDebugLibraryResources (Thread[#1441,Execution worker Thread 4,5,main]) started.
[        ] :shared_preferences_android:compileDebugLibraryResources (Thread[#1441,Execution worker Thread 4,5,main]) started.
[        ] > Task :shared_preferences_android:compileDebugLibraryResources UP-TO-DATE
[        ] Caching disabled for task ':shared_preferences_android:compileDebugLibraryResources' because:
[        ]   Build cache is disabled
[        ] Skipping task ':shared_preferences_android:compileDebugLibraryResources' as it is up-to-date.
[        ] work action resolve out (project :shared_preferences_android) (Thread[#1441,Execution worker Thread 4,5,main]) started.
[        ] Resolve mutations for :shared_preferences_android:parseDebugLocalResources (Thread[#1441,Execution worker Thread 4,5,main]) started.
[        ] :shared_preferences_android:parseDebugLocalResources (Thread[#1445,Execution worker Thread 8,5,main]) started.
[        ] > Task :shared_preferences_android:parseDebugLocalResources UP-TO-DATE
[        ] Caching disabled for task ':shared_preferences_android:parseDebugLocalResources' because:
[        ]   Build cache is disabled
[        ] Skipping task ':shared_preferences_android:parseDebugLocalResources' as it is up-to-date.
[        ] Resolve mutations for :shared_preferences_android:generateDebugRFile (Thread[#1445,Execution worker Thread 8,5,main]) started.
[        ] :shared_preferences_android:generateDebugRFile (Thread[#1445,Execution worker Thread 8,5,main]) started.
[        ] > Task :shared_preferences_android:generateDebugRFile UP-TO-DATE
[        ] Caching disabled for task ':shared_preferences_android:generateDebugRFile' because:
[        ]   Build cache is disabled
[        ] Skipping task ':shared_preferences_android:generateDebugRFile' as it is up-to-date.
[        ] work action resolve package-aware-r.txt (project :shared_preferences_android) (Thread[#1445,Execution worker Thread 8,5,main]) started.
[        ] Resolve mutations for :sqflite_android:compileDebugLibraryResources (Thread[#1445,Execution worker Thread 8,5,main]) started.
[        ] :sqflite_android:compileDebugLibraryResources (Thread[#1445,Execution worker Thread 8,5,main]) started.
[        ] > Task :sqflite_android:compileDebugLibraryResources UP-TO-DATE
[        ] Caching disabled for task ':sqflite_android:compileDebugLibraryResources' because:
[        ]   Build cache is disabled
[        ] Skipping task ':sqflite_android:compileDebugLibraryResources' as it is up-to-date.
[        ] work action resolve out (project :sqflite_android) (Thread[#1445,Execution worker Thread 8,5,main]) started.
[        ] Resolve mutations for :sqflite_android:parseDebugLocalResources (Thread[#1445,Execution worker Thread 8,5,main]) started.
[        ] :sqflite_android:parseDebugLocalResources (Thread[#1445,Execution worker Thread 8,5,main]) started.
[        ] > Task :sqflite_android:parseDebugLocalResources UP-TO-DATE
[        ] Caching disabled for task ':sqflite_android:parseDebugLocalResources' because:
[        ]   Build cache is disabled
[        ] Skipping task ':sqflite_android:parseDebugLocalResources' as it is up-to-date.
[        ] Resolve mutations for :sqflite_android:generateDebugRFile (Thread[#1445,Execution worker Thread 8,5,main]) started.
[        ] :sqflite_android:generateDebugRFile (Thread[#1445,Execution worker Thread 8,5,main]) started.
[        ] > Task :sqflite_android:generateDebugRFile UP-TO-DATE
[        ] Caching disabled for task ':sqflite_android:generateDebugRFile' because:
[        ]   Build cache is disabled
[        ] Skipping task ':sqflite_android:generateDebugRFile' as it is up-to-date.
[        ] work action resolve package-aware-r.txt (project :sqflite_android) (Thread[#1445,Execution worker Thread 8,5,main]) started.
[        ] Resolve mutations for :tflite_flutter:compileDebugLibraryResources (Thread[#1445,Execution worker Thread 8,5,main]) started.
[        ] :tflite_flutter:compileDebugLibraryResources (Thread[#1445,Execution worker Thread 8,5,main]) started.
[        ] > Task :tflite_flutter:compileDebugLibraryResources UP-TO-DATE
[        ] Caching disabled for task ':tflite_flutter:compileDebugLibraryResources' because:
[        ]   Build cache is disabled
[        ] Skipping task ':tflite_flutter:compileDebugLibraryResources' as it is up-to-date.
[        ] work action resolve out (project :tflite_flutter) (Thread[#1445,Execution worker Thread 8,5,main]) started.
[        ] Resolve mutations for :tflite_flutter:parseDebugLocalResources (Thread[#1445,Execution worker Thread 8,5,main]) started.
[        ] :tflite_flutter:parseDebugLocalResources (Thread[#1445,Execution worker Thread 8,5,main]) started.
[        ] > Task :tflite_flutter:parseDebugLocalResources UP-TO-DATE
[        ] Caching disabled for task ':tflite_flutter:parseDebugLocalResources' because:
[        ]   Build cache is disabled
[        ] Skipping task ':tflite_flutter:parseDebugLocalResources' as it is up-to-date.
[        ] Resolve mutations for :tflite_flutter:generateDebugRFile (Thread[#1445,Execution worker Thread 8,5,main]) started.
[        ] :tflite_flutter:generateDebugRFile (Thread[#1445,Execution worker Thread 8,5,main]) started.
[        ] > Task :tflite_flutter:generateDebugRFile UP-TO-DATE
[        ] Caching disabled for task ':tflite_flutter:generateDebugRFile' because:
[        ]   Build cache is disabled
[        ] Skipping task ':tflite_flutter:generateDebugRFile' as it is up-to-date.
[        ] work action resolve package-aware-r.txt (project :tflite_flutter) (Thread[#1445,Execution worker Thread 8,5,main]) started.
[        ] Resolve mutations for :app:processDebugResources (Thread[#1445,Execution worker Thread 8,5,main]) started.
[        ] :app:processDebugResources (Thread[#1445,Execution worker Thread 8,5,main]) started.
[        ] > Task :app:processDebugResources UP-TO-DATE
[        ] Caching disabled for task ':app:processDebugResources' because:
[        ]   Build cache is disabled
[        ] Skipping task ':app:processDebugResources' as it is up-to-date.
[        ] Resolve mutations for :flutter_local_notifications:javaPreCompileDebug (Thread[#1445,Execution worker Thread 8,5,main]) started.
[        ] :flutter_local_notifications:javaPreCompileDebug (Thread[#1445,Execution worker Thread 8,5,main]) started.
[        ] > Task :flutter_local_notifications:javaPreCompileDebug UP-TO-DATE
[        ] Caching disabled for task ':flutter_local_notifications:javaPreCompileDebug' because:
[        ]   Build cache is disabled
[        ] Skipping task ':flutter_local_notifications:javaPreCompileDebug' as it is up-to-date.
[        ] Resolve mutations for :flutter_local_notifications:compileDebugJavaWithJavac (Thread[#1445,Execution worker Thread 8,5,main]) started.
[        ] :flutter_local_notifications:compileDebugJavaWithJavac (Thread[#1445,Execution worker Thread 8,5,main]) started.
[        ] > Task :flutter_local_notifications:compileDebugJavaWithJavac UP-TO-DATE
[        ] Custom actions are attached to task ':flutter_local_notifications:compileDebugJavaWithJavac'.
[        ] Caching disabled for task ':flutter_local_notifications:compileDebugJavaWithJavac' because:
[        ]   Build cache is disabled
[        ] Skipping task ':flutter_local_notifications:compileDebugJavaWithJavac' as it is up-to-date.
[        ] No compile result for :flutter_local_notifications:compileDebugJavaWithJavac
[        ] No compile result for :flutter_local_notifications:compileDebugJavaWithJavac
[        ] Resolve mutations for :flutter_local_notifications:bundleLibCompileToJarDebug (Thread[#1445,Execution worker Thread 8,5,main]) started.
[        ] :flutter_local_notifications:bundleLibCompileToJarDebug (Thread[#1445,Execution worker Thread 8,5,main]) started.
[        ] > Task :flutter_local_notifications:bundleLibCompileToJarDebug UP-TO-DATE
[        ] Caching disabled for task ':flutter_local_notifications:bundleLibCompileToJarDebug' because:
[        ]   Build cache is disabled
[        ]   Simple merging task
[        ] Skipping task ':flutter_local_notifications:bundleLibCompileToJarDebug' as it is up-to-date.
[        ] work action resolve classes.jar (project :flutter_local_notifications) (Thread[#1445,Execution worker Thread 8,5,main]) started.
[        ] Resolve mutations for :permission_handler_android:javaPreCompileDebug (Thread[#1445,Execution worker Thread 8,5,main]) started.
[        ] :permission_handler_android:javaPreCompileDebug (Thread[#1445,Execution worker Thread 8,5,main]) started.
[        ] > Task :permission_handler_android:javaPreCompileDebug UP-TO-DATE
[        ] Caching disabled for task ':permission_handler_android:javaPreCompileDebug' because:
[        ]   Build cache is disabled
[        ] Skipping task ':permission_handler_android:javaPreCompileDebug' as it is up-to-date.
[        ] Resolve mutations for :permission_handler_android:compileDebugJavaWithJavac (Thread[#1445,Execution worker Thread 8,5,main]) started.
[        ] :permission_handler_android:compileDebugJavaWithJavac (Thread[#1445,Execution worker Thread 8,5,main]) started.
[        ] > Task :permission_handler_android:compileDebugJavaWithJavac UP-TO-DATE
[        ] Custom actions are attached to task ':permission_handler_android:compileDebugJavaWithJavac'.
[        ] Caching disabled for task ':permission_handler_android:compileDebugJavaWithJavac' because:
[        ]   Build cache is disabled
[        ] Skipping task ':permission_handler_android:compileDebugJavaWithJavac' as it is up-to-date.
[        ] No compile result for :permission_handler_android:compileDebugJavaWithJavac
[        ] No compile result for :permission_handler_android:compileDebugJavaWithJavac
[        ] Resolve mutations for :permission_handler_android:bundleLibCompileToJarDebug (Thread[#1445,Execution worker Thread 8,5,main]) started.
[        ] :permission_handler_android:bundleLibCompileToJarDebug (Thread[#1445,Execution worker Thread 8,5,main]) started.
[        ] > Task :permission_handler_android:bundleLibCompileToJarDebug UP-TO-DATE
[        ] Caching disabled for task ':permission_handler_android:bundleLibCompileToJarDebug' because:
[        ]   Build cache is disabled
[        ]   Simple merging task
[        ] Skipping task ':permission_handler_android:bundleLibCompileToJarDebug' as it is up-to-date.
[        ] work action resolve classes.jar (project :permission_handler_android) (Thread[#1445,Execution worker Thread 8,5,main]) started.
[        ] Resolve mutations for :shared_preferences_android:checkKotlinGradlePluginConfigurationErrors (Thread[#1438,Execution worker,5,main]) started.
[        ] :shared_preferences_android:checkKotlinGradlePluginConfigurationErrors (Thread[#1438,Execution worker,5,main]) started.
[        ] > Task :shared_preferences_android:checkKotlinGradlePluginConfigurationErrors SKIPPED
[        ] Skipping task ':shared_preferences_android:checkKotlinGradlePluginConfigurationErrors' as task onlyIf 'errorDiagnostics are present' is false.
[        ] Resolve mutations for :shared_preferences_android:compileDebugKotlin (Thread[#1438,Execution worker,5,main]) started.
[        ] :shared_preferences_android:compileDebugKotlin (Thread[#1438,Execution worker,5,main]) started.
[  +80 ms] > Task :shared_preferences_android:compileDebugKotlin UP-TO-DATE
[        ] Adding -Xuse-inline-scopes-numbers Kotlin compiler flag for task :shared_preferences_android:compileDebugAndroidTestKotlin
[        ] Caching disabled for task ':shared_preferences_android:compileDebugKotlin' because:
[        ]   Build cache is disabled
[        ] Skipping task ':shared_preferences_android:compileDebugKotlin' as it is up-to-date.
[        ] Resolve mutations for :shared_preferences_android:javaPreCompileDebug (Thread[#1438,Execution worker,5,main]) started.
[        ] :shared_preferences_android:javaPreCompileDebug (Thread[#1438,Execution worker,5,main]) started.
[        ] > Task :shared_preferences_android:javaPreCompileDebug UP-TO-DATE
[        ] Caching disabled for task ':shared_preferences_android:javaPreCompileDebug' because:
[        ]   Build cache is disabled
[        ] Skipping task ':shared_preferences_android:javaPreCompileDebug' as it is up-to-date.
[        ] Resolve mutations for :shared_preferences_android:compileDebugJavaWithJavac (Thread[#1438,Execution worker,5,main]) started.
[        ] :shared_preferences_android:compileDebugJavaWithJavac (Thread[#1438,Execution worker,5,main]) started.
[        ] > Task :shared_preferences_android:compileDebugJavaWithJavac UP-TO-DATE
[        ] Custom actions are attached to task ':shared_preferences_android:compileDebugJavaWithJavac'.
[        ] Caching disabled for task ':shared_preferences_android:compileDebugJavaWithJavac' because:
[        ]   Build cache is disabled
[        ] Skipping task ':shared_preferences_android:compileDebugJavaWithJavac' as it is up-to-date.
[        ] No compile result for :shared_preferences_android:compileDebugJavaWithJavac
[        ] No compile result for :shared_preferences_android:compileDebugJavaWithJavac
[        ] Resolve mutations for :shared_preferences_android:bundleLibCompileToJarDebug (Thread[#1438,Execution worker,5,main]) started.
[        ] :shared_preferences_android:bundleLibCompileToJarDebug (Thread[#1438,Execution worker,5,main]) started.
[        ] > Task :shared_preferences_android:bundleLibCompileToJarDebug UP-TO-DATE
[        ] Caching disabled for task ':shared_preferences_android:bundleLibCompileToJarDebug' because:
[        ]   Build cache is disabled
[        ]   Simple merging task
[        ] Skipping task ':shared_preferences_android:bundleLibCompileToJarDebug' as it is up-to-date.
[        ] work action resolve classes.jar (project :shared_preferences_android) (Thread[#1438,Execution worker,5,main]) started.
[        ] Resolve mutations for :sqflite_android:javaPreCompileDebug (Thread[#1438,Execution worker,5,main]) started.
[        ] :sqflite_android:javaPreCompileDebug (Thread[#1438,Execution worker,5,main]) started.
[        ] > Task :sqflite_android:javaPreCompileDebug UP-TO-DATE
[        ] Caching disabled for task ':sqflite_android:javaPreCompileDebug' because:
[        ]   Build cache is disabled
[        ] Skipping task ':sqflite_android:javaPreCompileDebug' as it is up-to-date.
[        ] Resolve mutations for :sqflite_android:compileDebugJavaWithJavac (Thread[#1438,Execution worker,5,main]) started.
[        ] :sqflite_android:compileDebugJavaWithJavac (Thread[#1438,Execution worker,5,main]) started.
[        ] > Task :sqflite_android:compileDebugJavaWithJavac UP-TO-DATE
[        ] Custom actions are attached to task ':sqflite_android:compileDebugJavaWithJavac'.
[        ] Caching disabled for task ':sqflite_android:compileDebugJavaWithJavac' because:
[        ]   Build cache is disabled
[        ] Skipping task ':sqflite_android:compileDebugJavaWithJavac' as it is up-to-date.
[        ] No compile result for :sqflite_android:compileDebugJavaWithJavac
[        ] No compile result for :sqflite_android:compileDebugJavaWithJavac
[        ] Resolve mutations for :sqflite_android:bundleLibCompileToJarDebug (Thread[#1438,Execution worker,5,main]) started.
[        ] :sqflite_android:bundleLibCompileToJarDebug (Thread[#1438,Execution worker,5,main]) started.
[        ] > Task :sqflite_android:bundleLibCompileToJarDebug UP-TO-DATE
[        ] Caching disabled for task ':sqflite_android:bundleLibCompileToJarDebug' because:
[        ]   Build cache is disabled
[        ]   Simple merging task
[        ] Skipping task ':sqflite_android:bundleLibCompileToJarDebug' as it is up-to-date.
[        ] work action resolve classes.jar (project :sqflite_android) (Thread[#1438,Execution worker,5,main]) started.
[        ] Resolve mutations for :tflite_flutter:javaPreCompileDebug (Thread[#1438,Execution worker,5,main]) started.
[        ] :tflite_flutter:javaPreCompileDebug (Thread[#1438,Execution worker,5,main]) started.
[        ] > Task :tflite_flutter:javaPreCompileDebug UP-TO-DATE
[        ] Caching disabled for task ':tflite_flutter:javaPreCompileDebug' because:
[        ]   Build cache is disabled
[        ] Skipping task ':tflite_flutter:javaPreCompileDebug' as it is up-to-date.
[        ] Resolve mutations for :tflite_flutter:compileDebugJavaWithJavac (Thread[#1438,Execution worker,5,main]) started.
[        ] :tflite_flutter:compileDebugJavaWithJavac (Thread[#1438,Execution worker,5,main]) started.
[        ] > Task :tflite_flutter:compileDebugJavaWithJavac NO-SOURCE
[        ] Skipping task ':tflite_flutter:compileDebugJavaWithJavac' as it has no source files and no previous output files.
[        ] Resolve mutations for :tflite_flutter:bundleLibCompileToJarDebug (Thread[#1438,Execution worker,5,main]) started.
[        ] :tflite_flutter:bundleLibCompileToJarDebug (Thread[#1438,Execution worker,5,main]) started.
[        ] > Task :tflite_flutter:bundleLibCompileToJarDebug UP-TO-DATE
[        ] Caching disabled for task ':tflite_flutter:bundleLibCompileToJarDebug' because:
[        ]   Build cache is disabled
[        ]   Simple merging task
[        ] Skipping task ':tflite_flutter:bundleLibCompileToJarDebug' as it is up-to-date.
[        ] work action resolve classes.jar (project :tflite_flutter) (Thread[#1438,Execution worker,5,main]) started.
[        ] Resolve mutations for :app:compileDebugKotlin (Thread[#1438,Execution worker,5,main]) started.
[        ] :app:compileDebugKotlin (Thread[#1438,Execution worker,5,main]) started.
[        ] Resolve mutations for :app:javaPreCompileDebug (Thread[#1448,Execution worker Thread 11,5,main]) started.
[        ] :app:javaPreCompileDebug (Thread[#1448,Execution worker Thread 11,5,main]) started.
[        ] > Task :app:javaPreCompileDebug UP-TO-DATE
[        ] Caching disabled for task ':app:javaPreCompileDebug' because:
[        ]   Build cache is disabled
[        ] Skipping task ':app:javaPreCompileDebug' as it is up-to-date.
[        ] Resolve mutations for :app:compressDebugAssets (Thread[#1448,Execution worker Thread 11,5,main]) started.
[        ] :app:compressDebugAssets (Thread[#1448,Execution worker Thread 11,5,main]) started.
[        ] > Task :app:compressDebugAssets UP-TO-DATE
[        ] Caching disabled for task ':app:compressDebugAssets' because:
[        ]   Build cache is disabled
[        ] Skipping task ':app:compressDebugAssets' as it is up-to-date.
[        ] Resolve mutations for :app:l8DexDesugarLibDebug (Thread[#1448,Execution worker Thread 11,5,main]) started.
[        ] :app:l8DexDesugarLibDebug (Thread[#1448,Execution worker Thread 11,5,main]) started.
[        ] > Task :app:l8DexDesugarLibDebug UP-TO-DATE
[        ] Caching disabled for task ':app:l8DexDesugarLibDebug' because:
[        ]   Build cache is disabled
[        ] Skipping task ':app:l8DexDesugarLibDebug' as it is up-to-date.
[        ] Resolve mutations for :flutter_local_notifications:bundleLibRuntimeToJarDebug (Thread[#1448,Execution worker Thread 11,5,main]) started.
[        ] :flutter_local_notifications:bundleLibRuntimeToJarDebug (Thread[#1448,Execution worker Thread 11,5,main]) started.
[        ] > Task :flutter_local_notifications:bundleLibRuntimeToJarDebug UP-TO-DATE
[        ] Caching disabled for task ':flutter_local_notifications:bundleLibRuntimeToJarDebug' because:
[        ]   Build cache is disabled
[        ]   Simple merging task
[        ] Skipping task ':flutter_local_notifications:bundleLibRuntimeToJarDebug' as it is up-to-date.
[        ] work action resolve classes.jar (project :flutter_local_notifications) (Thread[#1448,Execution worker Thread 11,5,main]) started.
[        ] IdentityTransform (Thread[#1448,Execution worker Thread 11,5,main]) started.
[        ] Resolve mutations for :permission_handler_android:bundleLibRuntimeToJarDebug (Thread[#1447,Execution worker Thread 10,5,main]) started.
[        ] :permission_handler_android:bundleLibRuntimeToJarDebug (Thread[#1447,Execution worker Thread 10,5,main]) started.
[        ] DexingNoClasspathTransform (Thread[#1448,Execution worker Thread 11,5,main]) started.
[        ] > Task :permission_handler_android:bundleLibRuntimeToJarDebug UP-TO-DATE
[        ] Caching disabled for task ':permission_handler_android:bundleLibRuntimeToJarDebug' because:
[        ]   Build cache is disabled
[        ]   Simple merging task
[        ] Skipping task ':permission_handler_android:bundleLibRuntimeToJarDebug' as it is up-to-date.
[        ] work action resolve classes.jar (project :permission_handler_android) (Thread[#1447,Execution worker Thread 10,5,main]) started.
[        ] IdentityTransform (Thread[#1445,Execution worker Thread 8,5,main]) started.
[        ] Resolve mutations for :shared_preferences_android:bundleLibRuntimeToJarDebug (Thread[#1437,included builds,5,main]) started.
[        ] :shared_preferences_android:bundleLibRuntimeToJarDebug (Thread[#1437,included builds,5,main]) started.
[        ] DexingNoClasspathTransform (Thread[#1445,Execution worker Thread 8,5,main]) started.
[        ] > Transform classes.jar (project :flutter_local_notifications) with DexingNoClasspathTransform
[        ] Caching disabled for DexingNoClasspathTransform: G:\Taka-Dorkar-Pro\mobile\build\flutter_local_notifications\intermediates\runtime_library_classes_jar\debug\bundleLibRuntimeToJarDebug\classes.jar because:
[        ]   Build cache is disabled
[        ] Skipping DexingNoClasspathTransform: G:\Taka-Dorkar-Pro\mobile\build\flutter_local_notifications\intermediates\runtime_library_classes_jar\debug\bundleLibRuntimeToJarDebug\classes.jar as it is up-to-date.
[        ] DexingOutputSplitTransform (Thread[#1448,Execution worker Thread 11,5,main]) started.
[        ] > Task :shared_preferences_android:bundleLibRuntimeToJarDebug UP-TO-DATE
[        ] Caching disabled for task ':shared_preferences_android:bundleLibRuntimeToJarDebug' because:
[        ]   Build cache is disabled
[        ]   Simple merging task
[        ] Skipping task ':shared_preferences_android:bundleLibRuntimeToJarDebug' as it is up-to-date.
[        ] work action resolve classes.jar (project :shared_preferences_android) (Thread[#1437,included builds,5,main]) started.
[        ] IdentityTransform (Thread[#1437,included builds,5,main]) started.
[        ] Resolve mutations for :sqflite_android:bundleLibRuntimeToJarDebug (Thread[#1442,Execution worker Thread 5,5,main]) started.
[        ] DexingNoClasspathTransform (Thread[#1437,included builds,5,main]) started.
[        ] :sqflite_android:bundleLibRuntimeToJarDebug (Thread[#1442,Execution worker Thread 5,5,main]) started.
[        ] > Transform classes.jar (project :permission_handler_android) with DexingNoClasspathTransform
[        ] Caching disabled for DexingNoClasspathTransform: G:\Taka-Dorkar-Pro\mobile\build\permission_handler_android\intermediates\runtime_library_classes_jar\debug\bundleLibRuntimeToJarDebug\classes.jar because:
[        ]   Build cache is disabled
[        ] Skipping DexingNoClasspathTransform: G:\Taka-Dorkar-Pro\mobile\build\permission_handler_android\intermediates\runtime_library_classes_jar\debug\bundleLibRuntimeToJarDebug\classes.jar as it is up-to-date.
[        ] DexingOutputSplitTransform (Thread[#1445,Execution worker Thread 8,5,main]) started.
[        ] > Task :sqflite_android:bundleLibRuntimeToJarDebug UP-TO-DATE
[        ] Caching disabled for task ':sqflite_android:bundleLibRuntimeToJarDebug' because:
[        ]   Build cache is disabled
[        ]   Simple merging task
[        ] Skipping task ':sqflite_android:bundleLibRuntimeToJarDebug' as it is up-to-date.
[        ] work action resolve classes.jar (project :sqflite_android) (Thread[#1442,Execution worker Thread 5,5,main]) started.
[        ] IdentityTransform (Thread[#1442,Execution worker Thread 5,5,main]) started.
[        ] Resolve mutations for :tflite_flutter:bundleLibRuntimeToJarDebug (Thread[#1445,Execution worker Thread 8,5,main]) started.
[        ] DexingNoClasspathTransform (Thread[#1442,Execution worker Thread 5,5,main]) started.
[        ] > Transform classes.jar (project :shared_preferences_android) with DexingNoClasspathTransform
[        ] Caching disabled for DexingNoClasspathTransform: G:\Taka-Dorkar-Pro\mobile\build\shared_preferences_android\intermediates\runtime_library_classes_jar\debug\bundleLibRuntimeToJarDebug\classes.jar because:
[        ]   Build cache is disabled
[        ] Skipping DexingNoClasspathTransform: G:\Taka-Dorkar-Pro\mobile\build\shared_preferences_android\intermediates\runtime_library_classes_jar\debug\bundleLibRuntimeToJarDebug\classes.jar as it is up-to-date.
[        ] :tflite_flutter:bundleLibRuntimeToJarDebug (Thread[#1445,Execution worker Thread 8,5,main]) started.
[        ] DexingOutputSplitTransform (Thread[#1437,included builds,5,main]) started.
[        ] > Task :tflite_flutter:bundleLibRuntimeToJarDebug UP-TO-DATE
[        ] Caching disabled for task ':tflite_flutter:bundleLibRuntimeToJarDebug' because:
[        ]   Build cache is disabled
[        ]   Simple merging task
[        ] Skipping task ':tflite_flutter:bundleLibRuntimeToJarDebug' as it is up-to-date.
[        ] work action resolve classes.jar (project :tflite_flutter) (Thread[#1445,Execution worker Thread 8,5,main]) started.
[        ] IdentityTransform (Thread[#1445,Execution worker Thread 8,5,main]) started.
[        ] Resolve mutations for :app:desugarDebugFileDependencies (Thread[#1443,Execution worker Thread 6,5,main]) started.
[        ] DexingNoClasspathTransform (Thread[#1445,Execution worker Thread 8,5,main]) started.
[        ] > Transform classes.jar (project :sqflite_android) with DexingNoClasspathTransform
[        ] Caching disabled for DexingNoClasspathTransform: G:\Taka-Dorkar-Pro\mobile\build\sqflite_android\intermediates\runtime_library_classes_jar\debug\bundleLibRuntimeToJarDebug\classes.jar because:
[        ]   Build cache is disabled
[        ] Skipping DexingNoClasspathTransform: G:\Taka-Dorkar-Pro\mobile\build\sqflite_android\intermediates\runtime_library_classes_jar\debug\bundleLibRuntimeToJarDebug\classes.jar as it is up-to-date.
[        ] DexingOutputSplitTransform (Thread[#1442,Execution worker Thread 5,5,main]) started.
[        ] :app:desugarDebugFileDependencies (Thread[#1443,Execution worker Thread 6,5,main]) started.
[        ] > Transform classes.jar (project :tflite_flutter) with DexingNoClasspathTransform
[        ] Caching disabled for DexingNoClasspathTransform: G:\Taka-Dorkar-Pro\mobile\build\tflite_flutter\intermediates\runtime_library_classes_jar\debug\bundleLibRuntimeToJarDebug\classes.jar because:
[        ]   Build cache is disabled
[        ] Skipping DexingNoClasspathTransform: G:\Taka-Dorkar-Pro\mobile\build\tflite_flutter\intermediates\runtime_library_classes_jar\debug\bundleLibRuntimeToJarDebug\classes.jar as it is up-to-date.
[        ] DexingOutputSplitTransform (Thread[#1445,Execution worker Thread 8,5,main]) started.
[        ] > Task :app:desugarDebugFileDependencies UP-TO-DATE
[        ] Caching disabled for task ':app:desugarDebugFileDependencies' because:
[        ]   Build cache is disabled
[        ] Skipping task ':app:desugarDebugFileDependencies' as it is up-to-date.
[        ] Resolve mutations for :flutter_local_notifications:processDebugJavaRes (Thread[#1443,Execution worker Thread 6,5,main]) started.
[        ] :flutter_local_notifications:processDebugJavaRes (Thread[#1443,Execution worker Thread 6,5,main]) started.
[        ] > Task :flutter_local_notifications:processDebugJavaRes NO-SOURCE
[        ] file or directory 'F:\flutter_pub_cache\hosted\pub.dev\flutter_local_notifications-17.2.4\android\src\main\resources', not found
[        ] file or directory 'F:\flutter_pub_cache\hosted\pub.dev\flutter_local_notifications-17.2.4\android\src\debug\resources', not found
[        ] Skipping task ':flutter_local_notifications:processDebugJavaRes' as it has no source files and no previous output files.
[        ] work action resolve out (project :flutter_local_notifications) (Thread[#1443,Execution worker Thread 6,5,main]) started.
[        ] Resolve mutations for :permission_handler_android:processDebugJavaRes (Thread[#1443,Execution worker Thread 6,5,main]) started.
[        ] :permission_handler_android:processDebugJavaRes (Thread[#1443,Execution worker Thread 6,5,main]) started.
[        ] > Task :permission_handler_android:processDebugJavaRes NO-SOURCE
[        ] file or directory 'F:\flutter_pub_cache\hosted\pub.dev\permission_handler_android-13.0.1\android\src\main\resources', not found
[        ] file or directory 'F:\flutter_pub_cache\hosted\pub.dev\permission_handler_android-13.0.1\android\src\debug\resources', not found
[        ] Skipping task ':permission_handler_android:processDebugJavaRes' as it has no source files and no previous output files.
[        ] work action resolve out (project :permission_handler_android) (Thread[#1443,Execution worker Thread 6,5,main]) started.
[        ] Resolve mutations for :shared_preferences_android:processDebugJavaRes (Thread[#1443,Execution worker Thread 6,5,main]) started.
[        ] :shared_preferences_android:processDebugJavaRes (Thread[#1443,Execution worker Thread 6,5,main]) started.
[        ] > Task :shared_preferences_android:processDebugJavaRes UP-TO-DATE
[        ] file or directory 'F:\flutter_pub_cache\hosted\pub.dev\shared_preferences_android-2.4.18\android\src\main\resources', not found
[        ] file or directory 'F:\flutter_pub_cache\hosted\pub.dev\shared_preferences_android-2.4.18\android\src\debug\resources', not found
[        ] file or directory 'F:\flutter_pub_cache\hosted\pub.dev\shared_preferences_android-2.4.18\android\src\main\resources', not found
[        ] file or directory 'F:\flutter_pub_cache\hosted\pub.dev\shared_preferences_android-2.4.18\android\src\debug\resources', not found
[        ] Caching disabled for task ':shared_preferences_android:processDebugJavaRes' because:
[        ]   Build cache is disabled
[        ]   Caching has been disabled for the task
[        ] Skipping task ':shared_preferences_android:processDebugJavaRes' as it is up-to-date.
[        ] work action resolve out (project :shared_preferences_android) (Thread[#1443,Execution worker Thread 6,5,main]) started.
[        ] Resolve mutations for :sqflite_android:processDebugJavaRes (Thread[#1443,Execution worker Thread 6,5,main]) started.
[        ] :sqflite_android:processDebugJavaRes (Thread[#1443,Execution worker Thread 6,5,main]) started.
[        ] > Task :sqflite_android:processDebugJavaRes NO-SOURCE
[        ] file or directory 'F:\flutter_pub_cache\hosted\pub.dev\sqflite_android-2.4.2+2\android\src\main\resources', not found
[        ] file or directory 'F:\flutter_pub_cache\hosted\pub.dev\sqflite_android-2.4.2+2\android\src\debug\resources', not found
[        ] Skipping task ':sqflite_android:processDebugJavaRes' as it has no source files and no previous output files.
[        ] work action resolve out (project :sqflite_android) (Thread[#1443,Execution worker Thread 6,5,main]) started.
[        ] Resolve mutations for :tflite_flutter:processDebugJavaRes (Thread[#1443,Execution worker Thread 6,5,main]) started.
[        ] :tflite_flutter:processDebugJavaRes (Thread[#1443,Execution worker Thread 6,5,main]) started.
[        ] > Task :tflite_flutter:processDebugJavaRes NO-SOURCE
[        ] file or directory 'F:\flutter_pub_cache\hosted\pub.dev\tflite_flutter-0.12.1\android\src\main\resources', not found
[        ] file or directory 'F:\flutter_pub_cache\hosted\pub.dev\tflite_flutter-0.12.1\android\src\debug\resources', not found
[        ] Skipping task ':tflite_flutter:processDebugJavaRes' as it has no source files and no previous output files.
[        ] work action resolve out (project :tflite_flutter) (Thread[#1443,Execution worker Thread 6,5,main]) started.
[        ] Resolve mutations for :app:checkDebugDuplicateClasses (Thread[#1443,Execution worker Thread 6,5,main]) started.
[        ] :app:checkDebugDuplicateClasses (Thread[#1443,Execution worker Thread 6,5,main]) started.
[        ] > Task :app:checkDebugDuplicateClasses UP-TO-DATE
[        ] Caching disabled for task ':app:checkDebugDuplicateClasses' because:
[        ]   Build cache is disabled
[        ]   Caching has been disabled for the task
[        ] Skipping task ':app:checkDebugDuplicateClasses' as it is up-to-date.
[        ] Resolve mutations for :app:mergeExtDexDebug (Thread[#1443,Execution worker Thread 6,5,main]) started.
[        ] :app:mergeExtDexDebug (Thread[#1443,Execution worker Thread 6,5,main]) started.
[        ] > Task :app:mergeExtDexDebug UP-TO-DATE
[        ] Caching disabled for task ':app:mergeExtDexDebug' because:
[        ]   Build cache is disabled
[        ] Skipping task ':app:mergeExtDexDebug' as it is up-to-date.
[        ] Resolve mutations for :flutter_local_notifications:bundleLibRuntimeToDirDebug (Thread[#1443,Execution worker Thread 6,5,main]) started.
[        ] :flutter_local_notifications:bundleLibRuntimeToDirDebug (Thread[#1443,Execution worker Thread 6,5,main]) started.
[        ] > Task :flutter_local_notifications:bundleLibRuntimeToDirDebug UP-TO-DATE
[        ] Caching disabled for task ':flutter_local_notifications:bundleLibRuntimeToDirDebug' because:
[        ]   Build cache is disabled
[        ]   Simple merging task
[        ] Skipping task ':flutter_local_notifications:bundleLibRuntimeToDirDebug' as it is up-to-date.
[        ] work action resolve bundleLibRuntimeToDirDebug (project :flutter_local_notifications) (Thread[#1443,Execution worker Thread 6,5,main]) started.
[        ] ClassesDirToClassesTransform (Thread[#1446,Execution worker Thread 9,5,main]) started.
[        ] Resolve mutations for :permission_handler_android:bundleLibRuntimeToDirDebug (Thread[#1447,Execution worker Thread 10,5,main]) started.
[        ] :permission_handler_android:bundleLibRuntimeToDirDebug (Thread[#1447,Execution worker Thread 10,5,main]) started.
[        ] DexingNoClasspathTransform (Thread[#1446,Execution worker Thread 9,5,main]) started.
[        ] > Task :permission_handler_android:bundleLibRuntimeToDirDebug UP-TO-DATE
[        ] Caching disabled for task ':permission_handler_android:bundleLibRuntimeToDirDebug' because:
[        ]   Build cache is disabled
[        ]   Simple merging task
[        ] Skipping task ':permission_handler_android:bundleLibRuntimeToDirDebug' as it is up-to-date.
[        ] work action resolve bundleLibRuntimeToDirDebug (project :permission_handler_android) (Thread[#1447,Execution worker Thread 10,5,main]) started.
[        ] ClassesDirToClassesTransform (Thread[#1447,Execution worker Thread 10,5,main]) started.
[        ] Resolve mutations for :shared_preferences_android:bundleLibRuntimeToDirDebug (Thread[#1443,Execution worker Thread 6,5,main]) started.
[        ] :shared_preferences_android:bundleLibRuntimeToDirDebug (Thread[#1443,Execution worker Thread 6,5,main]) started.
[        ] DexingNoClasspathTransform (Thread[#1447,Execution worker Thread 10,5,main]) started.
[        ] > Transform bundleLibRuntimeToDirDebug (project :flutter_local_notifications) with DexingNoClasspathTransform
[        ] Caching disabled for DexingNoClasspathTransform: G:\Taka-Dorkar-Pro\mobile\build\flutter_local_notifications\intermediates\runtime_library_classes_dir\debug\bundleLibRuntimeToDirDebug because:
[        ]   Build cache is disabled
[        ] Skipping DexingNoClasspathTransform: G:\Taka-Dorkar-Pro\mobile\build\flutter_local_notifications\intermediates\runtime_library_classes_dir\debug\bundleLibRuntimeToDirDebug as it is up-to-date.
[        ] DexingOutputSplitTransform (Thread[#1446,Execution worker Thread 9,5,main]) started.
[        ] > Transform bundleLibRuntimeToDirDebug (project :permission_handler_android) with DexingNoClasspathTransform
[        ] Caching disabled for DexingNoClasspathTransform: G:\Taka-Dorkar-Pro\mobile\build\permission_handler_android\intermediates\runtime_library_classes_dir\debug\bundleLibRuntimeToDirDebug because:
[        ]   Build cache is disabled
[        ] Skipping DexingNoClasspathTransform: G:\Taka-Dorkar-Pro\mobile\build\permission_handler_android\intermediates\runtime_library_classes_dir\debug\bundleLibRuntimeToDirDebug as it is up-to-date.
[        ] > Task :shared_preferences_android:bundleLibRuntimeToDirDebug UP-TO-DATE
[        ] Caching disabled for task ':shared_preferences_android:bundleLibRuntimeToDirDebug' because:
[        ]   Build cache is disabled
[        ]   Simple merging task
[        ] Skipping task ':shared_preferences_android:bundleLibRuntimeToDirDebug' as it is up-to-date.
[        ] DexingOutputSplitTransform (Thread[#1447,Execution worker Thread 10,5,main]) started.
[        ] work action resolve bundleLibRuntimeToDirDebug (project :shared_preferences_android) (Thread[#1443,Execution worker Thread 6,5,main]) started.
[        ] ClassesDirToClassesTransform (Thread[#1443,Execution worker Thread 6,5,main]) started.
[        ] Resolve mutations for :sqflite_android:bundleLibRuntimeToDirDebug (Thread[#1446,Execution worker Thread 9,5,main]) started.
[        ] :sqflite_android:bundleLibRuntimeToDirDebug (Thread[#1446,Execution worker Thread 9,5,main]) started.
[        ] DexingNoClasspathTransform (Thread[#1443,Execution worker Thread 6,5,main]) started.
[        ] > Task :sqflite_android:bundleLibRuntimeToDirDebug UP-TO-DATE
[        ] Caching disabled for task ':sqflite_android:bundleLibRuntimeToDirDebug' because:
[        ]   Build cache is disabled
[        ]   Simple merging task
[        ] Skipping task ':sqflite_android:bundleLibRuntimeToDirDebug' as it is up-to-date.
[        ] work action resolve bundleLibRuntimeToDirDebug (project :sqflite_android) (Thread[#1446,Execution worker Thread 9,5,main]) started.
[        ] ClassesDirToClassesTransform (Thread[#1446,Execution worker Thread 9,5,main]) started.
[        ] Resolve mutations for :tflite_flutter:bundleLibRuntimeToDirDebug (Thread[#1448,Execution worker Thread 11,5,main]) started.
[        ] :tflite_flutter:bundleLibRuntimeToDirDebug (Thread[#1448,Execution worker Thread 11,5,main]) started.
[        ] DexingNoClasspathTransform (Thread[#1446,Execution worker Thread 9,5,main]) started.
[        ] > Transform bundleLibRuntimeToDirDebug (project :shared_preferences_android) with DexingNoClasspathTransform
[        ] Caching disabled for DexingNoClasspathTransform: G:\Taka-Dorkar-Pro\mobile\build\shared_preferences_android\intermediates\runtime_library_classes_dir\debug\bundleLibRuntimeToDirDebug because:
[        ]   Build cache is disabled
[        ] Skipping DexingNoClasspathTransform: G:\Taka-Dorkar-Pro\mobile\build\shared_preferences_android\intermediates\runtime_library_classes_dir\debug\bundleLibRuntimeToDirDebug as it is up-to-date.
[        ] DexingOutputSplitTransform (Thread[#1443,Execution worker Thread 6,5,main]) started.
[        ] > Task :tflite_flutter:bundleLibRuntimeToDirDebug UP-TO-DATE
[        ] Caching disabled for task ':tflite_flutter:bundleLibRuntimeToDirDebug' because:
[        ]   Build cache is disabled
[        ]   Simple merging task
[        ] Skipping task ':tflite_flutter:bundleLibRuntimeToDirDebug' as it is up-to-date.
[        ] work action resolve bundleLibRuntimeToDirDebug (project :tflite_flutter) (Thread[#1448,Execution worker Thread 11,5,main]) started.
[        ] Resolve mutations for :app:configureCMakeDebug[arm64-v8a] (Thread[#1441,Execution worker Thread 4,5,main]) started.
[        ] ClassesDirToClassesTransform (Thread[#1447,Execution worker Thread 10,5,main]) started.
[        ] :app:configureCMakeDebug[arm64-v8a] (Thread[#1441,Execution worker Thread 4,5,main]) started.
[        ] DexingNoClasspathTransform (Thread[#1447,Execution worker Thread 10,5,main]) started.
[        ] > Transform bundleLibRuntimeToDirDebug (project :sqflite_android) with DexingNoClasspathTransform
[        ] Caching disabled for DexingNoClasspathTransform: G:\Taka-Dorkar-Pro\mobile\build\sqflite_android\intermediates\runtime_library_classes_dir\debug\bundleLibRuntimeToDirDebug because:
[        ]   Build cache is disabled
[        ] Skipping DexingNoClasspathTransform: G:\Taka-Dorkar-Pro\mobile\build\sqflite_android\intermediates\runtime_library_classes_dir\debug\bundleLibRuntimeToDirDebug as it is up-to-date.
[        ] DexingOutputSplitTransform (Thread[#1446,Execution worker Thread 9,5,main]) started.
[        ] > Transform bundleLibRuntimeToDirDebug (project :tflite_flutter) with DexingNoClasspathTransform
[        ] Caching disabled for DexingNoClasspathTransform: G:\Taka-Dorkar-Pro\mobile\build\tflite_flutter\intermediates\runtime_library_classes_dir\debug\bundleLibRuntimeToDirDebug because:
[        ]   Build cache is disabled
[        ] Skipping DexingNoClasspathTransform: G:\Taka-Dorkar-Pro\mobile\build\tflite_flutter\intermediates\runtime_library_classes_dir\debug\bundleLibRuntimeToDirDebug as it is up-to-date.
[        ] DexingOutputSplitTransform (Thread[#1447,Execution worker Thread 10,5,main]) started.
[  +69 ms] > Task :app:configureCMakeDebug[arm64-v8a]
[        ] Caching disabled for task ':app:configureCMakeDebug[arm64-v8a]' because:
[        ]   Build cache is disabled
[        ]   Caching has been disabled for the task
[        ] Task ':app:configureCMakeDebug[arm64-v8a]' is not up-to-date because:
[        ]   Task.upToDateWhen is false.
[        ] C/C++: F:\flutter\packages\flutter_tools\gradle\src\main\scripts\CMakeLists.txt debug|arm64-v8a : Start JSON generation. Platform version: 26 min SDK version: arm64-v8a
[        ] C/C++: F:\flutter\packages\flutter_tools\gradle\src\main\scripts\CMakeLists.txt debug|arm64-v8a : JSON 'G:\Taka-Dorkar-Pro\mobile\build\.cxx\debug\6n3u5g75\arm64-v8a\android_gradle_build.json' was up-to-date
[        ] C/C++: F:\flutter\packages\flutter_tools\gradle\src\main\scripts\CMakeLists.txt debug|arm64-v8a : JSON generation completed without problems
[        ] C/C++: F:\flutter\packages\flutter_tools\gradle\src\main\scripts\CMakeLists.txt debug|arm64-v8a : Writing build model to G:\Taka-Dorkar-Pro\mobile\build\app\intermediates\cxx\debug\6n3u5g75\logs\arm64-v8a\build_model.json
[        ] Resolve mutations for :app:mergeLibDexDebug (Thread[#1441,Execution worker Thread 4,5,main]) started.
[        ] :app:mergeLibDexDebug (Thread[#1441,Execution worker Thread 4,5,main]) started.
[        ] > Task :app:mergeLibDexDebug UP-TO-DATE
[        ] Caching disabled for task ':app:mergeLibDexDebug' because:
[        ]   Build cache is disabled
[        ] Skipping task ':app:mergeLibDexDebug' as it is up-to-date.
[        ] Resolve mutations for :app:buildCMakeDebug[arm64-v8a] (Thread[#1441,Execution worker Thread 4,5,main]) started.
[        ] :app:buildCMakeDebug[arm64-v8a] (Thread[#1441,Execution worker Thread 4,5,main]) started.
[        ] > Task :app:buildCMakeDebug[arm64-v8a]
[        ] Caching disabled for task ':app:buildCMakeDebug[arm64-v8a]' because:
[        ]   Build cache is disabled
[        ]   Caching has been disabled for the task
[        ] Task ':app:buildCMakeDebug[arm64-v8a]' is not up-to-date because:
[        ]   Task.upToDateWhen is false.
[        ] C/C++: starting build
[        ] C/C++: reading expected JSONs
[        ] C/C++: done reading expected JSONs
[        ] C/C++: executing build commands for targets that produce .so files or executables
[        ] C/C++: evaluate miniconfig
[        ] C/C++: no libraries
[        ] Resolve mutations for :app:configureCMakeDebug[armeabi-v7a] (Thread[#1441,Execution worker Thread 4,5,main]) started.
[        ] :app:configureCMakeDebug[armeabi-v7a] (Thread[#1441,Execution worker Thread 4,5,main]) started.
[ +104 ms] > Task :app:configureCMakeDebug[armeabi-v7a]
[        ] Caching disabled for task ':app:configureCMakeDebug[armeabi-v7a]' because:
[        ]   Build cache is disabled
[        ]   Caching has been disabled for the task
[        ] Task ':app:configureCMakeDebug[armeabi-v7a]' is not up-to-date because:
[        ]   Task.upToDateWhen is false.
[        ] C/C++: F:\flutter\packages\flutter_tools\gradle\src\main\scripts\CMakeLists.txt debug|armeabi-v7a : Start JSON generation. Platform version: 26 min SDK version: armeabi-v7a
[        ] C/C++: F:\flutter\packages\flutter_tools\gradle\src\main\scripts\CMakeLists.txt debug|armeabi-v7a : JSON 'G:\Taka-Dorkar-Pro\mobile\build\.cxx\debug\6n3u5g75\armeabi-v7a\android_gradle_build.json' was up-to-date
[        ] C/C++: F:\flutter\packages\flutter_tools\gradle\src\main\scripts\CMakeLists.txt debug|armeabi-v7a : JSON generation completed without problems
[        ] C/C++: F:\flutter\packages\flutter_tools\gradle\src\main\scripts\CMakeLists.txt debug|armeabi-v7a : Writing build model to G:\Taka-Dorkar-Pro\mobile\build\app\intermediates\cxx\debug\6n3u5g75\logs\armeabi-v7a\build_model.json
[        ] Resolve mutations for :app:buildCMakeDebug[armeabi-v7a] (Thread[#1441,Execution worker Thread 4,5,main]) started.
[        ] :app:buildCMakeDebug[armeabi-v7a] (Thread[#1441,Execution worker Thread 4,5,main]) started.
[        ] > Task :app:buildCMakeDebug[armeabi-v7a]
[        ] Caching disabled for task ':app:buildCMakeDebug[armeabi-v7a]' because:
[        ]   Build cache is disabled
[        ]   Caching has been disabled for the task
[        ] Task ':app:buildCMakeDebug[armeabi-v7a]' is not up-to-date because:
[        ]   Task.upToDateWhen is false.
[        ] C/C++: starting build
[        ] C/C++: reading expected JSONs
[        ] C/C++: done reading expected JSONs
[        ] C/C++: executing build commands for targets that produce .so files or executables
[        ] C/C++: evaluate miniconfig
[        ] C/C++: no libraries
[        ] Resolve mutations for :app:configureCMakeDebug[x86_64] (Thread[#1441,Execution worker Thread 4,5,main]) started.
[        ] :app:configureCMakeDebug[x86_64] (Thread[#1441,Execution worker Thread 4,5,main]) started.
[        ] > Task :app:configureCMakeDebug[x86_64]
[        ] Caching disabled for task ':app:configureCMakeDebug[x86_64]' because:
[        ]   Build cache is disabled
[        ]   Caching has been disabled for the task
[        ] Task ':app:configureCMakeDebug[x86_64]' is not up-to-date because:
[        ]   Task.upToDateWhen is false.
[        ] C/C++: F:\flutter\packages\flutter_tools\gradle\src\main\scripts\CMakeLists.txt debug|x86_64 : Start JSON generation. Platform version: 26 min SDK version: x86_64
[        ] C/C++: F:\flutter\packages\flutter_tools\gradle\src\main\scripts\CMakeLists.txt debug|x86_64 : JSON 'G:\Taka-Dorkar-Pro\mobile\build\.cxx\debug\6n3u5g75\x86_64\android_gradle_build.json' was up-to-date
[        ] C/C++: F:\flutter\packages\flutter_tools\gradle\src\main\scripts\CMakeLists.txt debug|x86_64 : JSON generation completed without problems
[        ] C/C++: F:\flutter\packages\flutter_tools\gradle\src\main\scripts\CMakeLists.txt debug|x86_64 : Writing build model to G:\Taka-Dorkar-Pro\mobile\build\app\intermediates\cxx\debug\6n3u5g75\logs\x86_64\build_model.json
[        ] Resolve mutations for :app:buildCMakeDebug[x86_64] (Thread[#1441,Execution worker Thread 4,5,main]) started.
[        ] :app:buildCMakeDebug[x86_64] (Thread[#1441,Execution worker Thread 4,5,main]) started.
[        ] > Task :app:buildCMakeDebug[x86_64]
[        ] Caching disabled for task ':app:buildCMakeDebug[x86_64]' because:
[        ]   Build cache is disabled
[        ]   Caching has been disabled for the task
[        ] Task ':app:buildCMakeDebug[x86_64]' is not up-to-date because:
[        ]   Task.upToDateWhen is false.
[        ] C/C++: starting build
[        ] C/C++: reading expected JSONs
[        ] C/C++: done reading expected JSONs
[        ] C/C++: executing build commands for targets that produce .so files or executables
[        ] C/C++: evaluate miniconfig
[        ] C/C++: no libraries
[        ] Resolve mutations for :app:mergeDebugJniLibFolders (Thread[#1441,Execution worker Thread 4,5,main]) started.
[        ] :app:mergeDebugJniLibFolders (Thread[#1441,Execution worker Thread 4,5,main]) started.
[        ] > Task :app:mergeDebugJniLibFolders UP-TO-DATE
[        ] Caching disabled for task ':app:mergeDebugJniLibFolders' because:
[        ]   Build cache is disabled
[        ]   Simple merging task
[        ] Skipping task ':app:mergeDebugJniLibFolders' as it is up-to-date.
[        ] Resolve mutations for :flutter_local_notifications:mergeDebugJniLibFolders (Thread[#1441,Execution worker Thread 4,5,main]) started.
[        ] :flutter_local_notifications:mergeDebugJniLibFolders (Thread[#1441,Execution worker Thread 4,5,main]) started.
[        ] > Task :flutter_local_notifications:mergeDebugJniLibFolders UP-TO-DATE
[        ] Caching disabled for task ':flutter_local_notifications:mergeDebugJniLibFolders' because:
[        ]   Build cache is disabled
[        ]   Simple merging task
[        ] Skipping task ':flutter_local_notifications:mergeDebugJniLibFolders' as it is up-to-date.
[        ] Resolve mutations for :flutter_local_notifications:mergeDebugNativeLibs (Thread[#1441,Execution worker Thread 4,5,main]) started.
[        ] :flutter_local_notifications:mergeDebugNativeLibs (Thread[#1441,Execution worker Thread 4,5,main]) started.
[        ] > Task :flutter_local_notifications:mergeDebugNativeLibs NO-SOURCE
[        ] Skipping task ':flutter_local_notifications:mergeDebugNativeLibs' as it has no source files and no previous output files.
[        ] Resolve mutations for :flutter_local_notifications:copyDebugJniLibsProjectOnly (Thread[#1441,Execution worker Thread 4,5,main]) started.
[        ] :flutter_local_notifications:copyDebugJniLibsProjectOnly (Thread[#1441,Execution worker Thread 4,5,main]) started.
[        ] > Task :flutter_local_notifications:copyDebugJniLibsProjectOnly UP-TO-DATE
[        ] Caching disabled for task ':flutter_local_notifications:copyDebugJniLibsProjectOnly' because:
[        ]   Build cache is disabled
[        ]   Caching has been disabled for the task
[        ] Skipping task ':flutter_local_notifications:copyDebugJniLibsProjectOnly' as it is up-to-date.
[        ] work action resolve jni (project :flutter_local_notifications) (Thread[#1441,Execution worker Thread 4,5,main]) started.
[        ] Resolve mutations for :permission_handler_android:mergeDebugJniLibFolders (Thread[#1441,Execution worker Thread 4,5,main]) started.
[        ] :permission_handler_android:mergeDebugJniLibFolders (Thread[#1441,Execution worker Thread 4,5,main]) started.
[        ] > Task :permission_handler_android:mergeDebugJniLibFolders UP-TO-DATE
[        ] Caching disabled for task ':permission_handler_android:mergeDebugJniLibFolders' because:
[        ]   Build cache is disabled
[        ]   Simple merging task
[        ] Skipping task ':permission_handler_android:mergeDebugJniLibFolders' as it is up-to-date.
[        ] Resolve mutations for :permission_handler_android:mergeDebugNativeLibs (Thread[#1441,Execution worker Thread 4,5,main]) started.
[        ] :permission_handler_android:mergeDebugNativeLibs (Thread[#1441,Execution worker Thread 4,5,main]) started.
[        ] > Task :permission_handler_android:mergeDebugNativeLibs NO-SOURCE
[        ] Skipping task ':permission_handler_android:mergeDebugNativeLibs' as it has no source files and no previous output files.
[        ] Resolve mutations for :permission_handler_android:copyDebugJniLibsProjectOnly (Thread[#1441,Execution worker Thread 4,5,main]) started.
[        ] :permission_handler_android:copyDebugJniLibsProjectOnly (Thread[#1441,Execution worker Thread 4,5,main]) started.
[        ] > Task :permission_handler_android:copyDebugJniLibsProjectOnly UP-TO-DATE
[        ] Caching disabled for task ':permission_handler_android:copyDebugJniLibsProjectOnly' because:
[        ]   Build cache is disabled
[        ]   Caching has been disabled for the task
[        ] Skipping task ':permission_handler_android:copyDebugJniLibsProjectOnly' as it is up-to-date.
[        ] work action resolve jni (project :permission_handler_android) (Thread[#1441,Execution worker Thread 4,5,main]) started.
[        ] Resolve mutations for :shared_preferences_android:mergeDebugJniLibFolders (Thread[#1441,Execution worker Thread 4,5,main]) started.
[        ] :shared_preferences_android:mergeDebugJniLibFolders (Thread[#1441,Execution worker Thread 4,5,main]) started.
[        ] > Task :shared_preferences_android:mergeDebugJniLibFolders UP-TO-DATE
[        ] Caching disabled for task ':shared_preferences_android:mergeDebugJniLibFolders' because:
[        ]   Build cache is disabled
[        ]   Simple merging task
[        ] Skipping task ':shared_preferences_android:mergeDebugJniLibFolders' as it is up-to-date.
[        ] Resolve mutations for :shared_preferences_android:mergeDebugNativeLibs (Thread[#1441,Execution worker Thread 4,5,main]) started.
[        ] :shared_preferences_android:mergeDebugNativeLibs (Thread[#1441,Execution worker Thread 4,5,main]) started.
[        ] > Task :shared_preferences_android:mergeDebugNativeLibs NO-SOURCE
[        ] Skipping task ':shared_preferences_android:mergeDebugNativeLibs' as it has no source files and no previous output files.
[        ] Resolve mutations for :shared_preferences_android:copyDebugJniLibsProjectOnly (Thread[#1441,Execution worker Thread 4,5,main]) started.
[        ] :shared_preferences_android:copyDebugJniLibsProjectOnly (Thread[#1441,Execution worker Thread 4,5,main]) started.
[        ] > Task :shared_preferences_android:copyDebugJniLibsProjectOnly UP-TO-DATE
[        ] Caching disabled for task ':shared_preferences_android:copyDebugJniLibsProjectOnly' because:
[        ]   Build cache is disabled
[        ]   Caching has been disabled for the task
[        ] Skipping task ':shared_preferences_android:copyDebugJniLibsProjectOnly' as it is up-to-date.
[        ] work action resolve jni (project :shared_preferences_android) (Thread[#1441,Execution worker Thread 4,5,main]) started.
[        ] Resolve mutations for :sqflite_android:mergeDebugJniLibFolders (Thread[#1441,Execution worker Thread 4,5,main]) started.
[        ] :sqflite_android:mergeDebugJniLibFolders (Thread[#1441,Execution worker Thread 4,5,main]) started.
[        ] > Task :sqflite_android:mergeDebugJniLibFolders UP-TO-DATE
[        ] Caching disabled for task ':sqflite_android:mergeDebugJniLibFolders' because:
[        ]   Build cache is disabled
[        ]   Simple merging task
[        ] Skipping task ':sqflite_android:mergeDebugJniLibFolders' as it is up-to-date.
[        ] Resolve mutations for :sqflite_android:mergeDebugNativeLibs (Thread[#1441,Execution worker Thread 4,5,main]) started.
[        ] :sqflite_android:mergeDebugNativeLibs (Thread[#1441,Execution worker Thread 4,5,main]) started.
[        ] > Task :sqflite_android:mergeDebugNativeLibs NO-SOURCE
[        ] Skipping task ':sqflite_android:mergeDebugNativeLibs' as it has no source files and no previous output files.
[        ] Resolve mutations for :sqflite_android:copyDebugJniLibsProjectOnly (Thread[#1441,Execution worker Thread 4,5,main]) started.
[        ] :sqflite_android:copyDebugJniLibsProjectOnly (Thread[#1441,Execution worker Thread 4,5,main]) started.
[        ] > Task :sqflite_android:copyDebugJniLibsProjectOnly UP-TO-DATE
[        ] Caching disabled for task ':sqflite_android:copyDebugJniLibsProjectOnly' because:
[        ]   Build cache is disabled
[        ]   Caching has been disabled for the task
[        ] Skipping task ':sqflite_android:copyDebugJniLibsProjectOnly' as it is up-to-date.
[        ] work action resolve jni (project :sqflite_android) (Thread[#1441,Execution worker Thread 4,5,main]) started.
[        ] Resolve mutations for :tflite_flutter:mergeDebugJniLibFolders (Thread[#1441,Execution worker Thread 4,5,main]) started.
[        ] :tflite_flutter:mergeDebugJniLibFolders (Thread[#1441,Execution worker Thread 4,5,main]) started.
[        ] > Task :tflite_flutter:mergeDebugJniLibFolders UP-TO-DATE
[        ] Caching disabled for task ':tflite_flutter:mergeDebugJniLibFolders' because:
[        ]   Build cache is disabled
[        ]   Simple merging task
[        ] Skipping task ':tflite_flutter:mergeDebugJniLibFolders' as it is up-to-date.
[        ] Resolve mutations for :tflite_flutter:mergeDebugNativeLibs (Thread[#1441,Execution worker Thread 4,5,main]) started.
[        ] :tflite_flutter:mergeDebugNativeLibs (Thread[#1441,Execution worker Thread 4,5,main]) started.
[        ] > Task :tflite_flutter:mergeDebugNativeLibs NO-SOURCE
[        ] Skipping task ':tflite_flutter:mergeDebugNativeLibs' as it has no source files and no previous output files.
[        ] Resolve mutations for :tflite_flutter:copyDebugJniLibsProjectOnly (Thread[#1441,Execution worker Thread 4,5,main]) started.
[        ] :tflite_flutter:copyDebugJniLibsProjectOnly (Thread[#1437,included builds,5,main]) started.
[        ] > Task :tflite_flutter:copyDebugJniLibsProjectOnly UP-TO-DATE
[        ] Caching disabled for task ':tflite_flutter:copyDebugJniLibsProjectOnly' because:
[        ]   Build cache is disabled
[        ]   Caching has been disabled for the task
[        ] Skipping task ':tflite_flutter:copyDebugJniLibsProjectOnly' as it is up-to-date.
[        ] work action resolve jni (project :tflite_flutter) (Thread[#1437,included builds,5,main]) started.
[        ] Resolve mutations for :app:mergeDebugNativeLibs (Thread[#1437,included builds,5,main]) started.
[        ] :app:mergeDebugNativeLibs (Thread[#1437,included builds,5,main]) started.
[        ] > Task :app:mergeDebugNativeLibs UP-TO-DATE
[        ] Caching disabled for task ':app:mergeDebugNativeLibs' because:
[        ]   Build cache is disabled
[        ]   Caching has been disabled for the task
[        ] Skipping task ':app:mergeDebugNativeLibs' as it is up-to-date.
[        ] Resolve mutations for :app:stripDebugDebugSymbols (Thread[#1437,included builds,5,main]) started.
[        ] :app:stripDebugDebugSymbols (Thread[#1437,included builds,5,main]) started.
[        ] > Task :app:stripDebugDebugSymbols UP-TO-DATE
[        ] Caching disabled for task ':app:stripDebugDebugSymbols' because:
[        ]   Build cache is disabled
[        ]   Caching has been disabled for the task
[        ] Skipping task ':app:stripDebugDebugSymbols' as it is up-to-date.
[        ] Resolve mutations for :app:validateSigningDebug (Thread[#1437,included builds,5,main]) started.
[        ] :app:validateSigningDebug (Thread[#1437,included builds,5,main]) started.
[        ] > Task :app:validateSigningDebug UP-TO-DATE
[        ] Caching disabled for task ':app:validateSigningDebug' because:
[        ]   Build cache is disabled
[        ]   Caching has been disabled for the task
[        ] Skipping task ':app:validateSigningDebug' as it is up-to-date.
[        ] Resolve mutations for :app:writeDebugAppMetadata (Thread[#1437,included builds,5,main]) started.
[        ] :app:writeDebugAppMetadata (Thread[#1437,included builds,5,main]) started.
[        ] > Task :app:writeDebugAppMetadata UP-TO-DATE
[        ] Caching disabled for task ':app:writeDebugAppMetadata' because:
[        ]   Build cache is disabled
[        ]   Caching has been disabled for the task
[        ] Skipping task ':app:writeDebugAppMetadata' as it is up-to-date.
[        ] Resolve mutations for :app:writeDebugSigningConfigVersions (Thread[#1437,included builds,5,main]) started.
[        ] :app:writeDebugSigningConfigVersions (Thread[#1437,included builds,5,main]) started.
[        ] > Task :app:writeDebugSigningConfigVersions UP-TO-DATE
[        ] Caching disabled for task ':app:writeDebugSigningConfigVersions' because:
[        ]   Build cache is disabled
[        ]   Caching has been disabled for the task
[        ] Skipping task ':app:writeDebugSigningConfigVersions' as it is up-to-date.
[        ] Resolve mutations for :flutter_local_notifications:stripDebugDebugSymbols (Thread[#1437,included builds,5,main]) started.
[        ] :flutter_local_notifications:stripDebugDebugSymbols (Thread[#1437,included builds,5,main]) started.
[        ] > Task :flutter_local_notifications:stripDebugDebugSymbols NO-SOURCE
[        ] Skipping task ':flutter_local_notifications:stripDebugDebugSymbols' as it has no source files and no previous output files.
[        ] Resolve mutations for :flutter_local_notifications:copyDebugJniLibsProjectAndLocalJars (Thread[#1437,included builds,5,main]) started.
[        ] :flutter_local_notifications:copyDebugJniLibsProjectAndLocalJars (Thread[#1437,included builds,5,main]) started.
[        ] > Task :flutter_local_notifications:copyDebugJniLibsProjectAndLocalJars UP-TO-DATE
[        ] Caching disabled for task ':flutter_local_notifications:copyDebugJniLibsProjectAndLocalJars' because:
[        ]   Build cache is disabled
[        ]   Caching has been disabled for the task
[        ] Skipping task ':flutter_local_notifications:copyDebugJniLibsProjectAndLocalJars' as it is up-to-date.
[        ] Resolve mutations for :flutter_local_notifications:extractDebugAnnotations (Thread[#1437,included builds,5,main]) started.
[        ] :flutter_local_notifications:extractDebugAnnotations (Thread[#1437,included builds,5,main]) started.
[        ] > Task :flutter_local_notifications:extractDebugAnnotations UP-TO-DATE
[        ] Caching disabled for task ':flutter_local_notifications:extractDebugAnnotations' because:
[        ]   Build cache is disabled
[        ] Skipping task ':flutter_local_notifications:extractDebugAnnotations' as it is up-to-date.
[        ] Resolve mutations for :flutter_local_notifications:extractDeepLinksForAarDebug (Thread[#1437,included builds,5,main]) started.
[        ] :flutter_local_notifications:extractDeepLinksForAarDebug (Thread[#1437,included builds,5,main]) started.
[        ] > Task :flutter_local_notifications:extractDeepLinksForAarDebug UP-TO-DATE
[        ] Caching disabled for task ':flutter_local_notifications:extractDeepLinksForAarDebug' because:
[        ]   Build cache is disabled
[        ] Skipping task ':flutter_local_notifications:extractDeepLinksForAarDebug' as it is up-to-date.
[        ] Resolve mutations for :flutter_local_notifications:mergeDebugGeneratedProguardFiles (Thread[#1437,included builds,5,main]) started.
[        ] :flutter_local_notifications:mergeDebugGeneratedProguardFiles (Thread[#1437,included builds,5,main]) started.
[        ] > Task :flutter_local_notifications:mergeDebugGeneratedProguardFiles UP-TO-DATE
[        ] Caching disabled for task ':flutter_local_notifications:mergeDebugGeneratedProguardFiles' because:
[        ]   Build cache is disabled
[        ]   Simple merging task
[        ] Skipping task ':flutter_local_notifications:mergeDebugGeneratedProguardFiles' as it is up-to-date.
[        ] Resolve mutations for :flutter_local_notifications:mergeDebugConsumerProguardFiles (Thread[#1437,included builds,5,main]) started.
[        ] :flutter_local_notifications:mergeDebugConsumerProguardFiles (Thread[#1437,included builds,5,main]) started.
[        ] > Task :flutter_local_notifications:mergeDebugConsumerProguardFiles UP-TO-DATE
[        ] Caching disabled for task ':flutter_local_notifications:mergeDebugConsumerProguardFiles' because:
[        ]   Build cache is disabled
[        ]   Simple merging task
[        ] Skipping task ':flutter_local_notifications:mergeDebugConsumerProguardFiles' as it is up-to-date.
[        ] Resolve mutations for :flutter_local_notifications:prepareDebugArtProfile (Thread[#1437,included builds,5,main]) started.
[        ] :flutter_local_notifications:prepareDebugArtProfile (Thread[#1437,included builds,5,main]) started.
[        ] > Task :flutter_local_notifications:prepareDebugArtProfile UP-TO-DATE
[        ] Caching disabled for task ':flutter_local_notifications:prepareDebugArtProfile' because:
[        ]   Build cache is disabled
[        ]   Caching has been disabled for the task
[        ] Skipping task ':flutter_local_notifications:prepareDebugArtProfile' as it is up-to-date.
[        ] Resolve mutations for :flutter_local_notifications:prepareLintJarForPublish (Thread[#1437,included builds,5,main]) started.
[        ] :flutter_local_notifications:prepareLintJarForPublish (Thread[#1437,included builds,5,main]) started.
[        ] > Task :flutter_local_notifications:prepareLintJarForPublish UP-TO-DATE
[        ] Caching disabled for task ':flutter_local_notifications:prepareLintJarForPublish' because:
[        ]   Build cache is disabled
[        ]   Caching has been disabled for the task
[        ] Skipping task ':flutter_local_notifications:prepareLintJarForPublish' as it is up-to-date.
[        ] Resolve mutations for :flutter_local_notifications:mergeDebugJavaResource (Thread[#1437,included builds,5,main]) started.
[        ] :flutter_local_notifications:mergeDebugJavaResource (Thread[#1437,included builds,5,main]) started.
[        ] > Task :flutter_local_notifications:mergeDebugJavaResource UP-TO-DATE
[        ] Caching disabled for task ':flutter_local_notifications:mergeDebugJavaResource' because:
[        ]   Build cache is disabled
[        ]   Caching has been disabled for the task
[        ] Skipping task ':flutter_local_notifications:mergeDebugJavaResource' as it is up-to-date.
[        ] Resolve mutations for :flutter_local_notifications:syncDebugLibJars (Thread[#1437,included builds,5,main]) started.
[        ] :flutter_local_notifications:syncDebugLibJars (Thread[#1437,included builds,5,main]) started.
[        ] > Task :flutter_local_notifications:syncDebugLibJars UP-TO-DATE
[        ] Caching disabled for task ':flutter_local_notifications:syncDebugLibJars' because:
[        ]   Build cache is disabled
[        ] Skipping task ':flutter_local_notifications:syncDebugLibJars' as it is up-to-date.
[        ] Resolve mutations for :flutter_local_notifications:bundleDebugAar (Thread[#1437,included builds,5,main]) started.
[        ] :flutter_local_notifications:bundleDebugAar (Thread[#1437,included builds,5,main]) started.
[        ] > Task :flutter_local_notifications:bundleDebugAar UP-TO-DATE
[        ] Caching disabled for task ':flutter_local_notifications:bundleDebugAar' because:
[        ]   Build cache is disabled
[        ]   Caching has been disabled for the task
[        ] Skipping task ':flutter_local_notifications:bundleDebugAar' as it is up-to-date.
[        ] Resolve mutations for :flutter_local_notifications:assembleDebug (Thread[#1437,included builds,5,main]) started.
[        ] :flutter_local_notifications:assembleDebug (Thread[#1439,Execution worker Thread 2,5,main]) started.
[        ] > Task :flutter_local_notifications:assembleDebug UP-TO-DATE
[        ] Skipping task ':flutter_local_notifications:assembleDebug' as it has no actions.
[        ] Resolve mutations for :permission_handler_android:stripDebugDebugSymbols (Thread[#1439,Execution worker Thread 2,5,main]) started.
[        ] :permission_handler_android:stripDebugDebugSymbols (Thread[#1439,Execution worker Thread 2,5,main]) started.
[        ] > Task :permission_handler_android:stripDebugDebugSymbols NO-SOURCE
[        ] Skipping task ':permission_handler_android:stripDebugDebugSymbols' as it has no source files and no previous output files.
[        ] Resolve mutations for :permission_handler_android:copyDebugJniLibsProjectAndLocalJars (Thread[#1439,Execution worker Thread 2,5,main]) started.
[        ] :permission_handler_android:copyDebugJniLibsProjectAndLocalJars (Thread[#1439,Execution worker Thread 2,5,main]) started.
[        ] > Task :permission_handler_android:copyDebugJniLibsProjectAndLocalJars UP-TO-DATE
[        ] Caching disabled for task ':permission_handler_android:copyDebugJniLibsProjectAndLocalJars' because:
[        ]   Build cache is disabled
[        ]   Caching has been disabled for the task
[        ] Skipping task ':permission_handler_android:copyDebugJniLibsProjectAndLocalJars' as it is up-to-date.
[        ] Resolve mutations for :permission_handler_android:extractDebugAnnotations (Thread[#1439,Execution worker Thread 2,5,main]) started.
[        ] :permission_handler_android:extractDebugAnnotations (Thread[#1439,Execution worker Thread 2,5,main]) started.
[        ] > Task :permission_handler_android:extractDebugAnnotations UP-TO-DATE
[        ] Caching disabled for task ':permission_handler_android:extractDebugAnnotations' because:
[        ]   Build cache is disabled
[        ] Skipping task ':permission_handler_android:extractDebugAnnotations' as it is up-to-date.
[        ] Resolve mutations for :permission_handler_android:extractDeepLinksForAarDebug (Thread[#1439,Execution worker Thread 2,5,main]) started.
[        ] :permission_handler_android:extractDeepLinksForAarDebug (Thread[#1439,Execution worker Thread 2,5,main]) started.
[        ] > Task :permission_handler_android:extractDeepLinksForAarDebug UP-TO-DATE
[        ] Caching disabled for task ':permission_handler_android:extractDeepLinksForAarDebug' because:
[        ]   Build cache is disabled
[        ] Skipping task ':permission_handler_android:extractDeepLinksForAarDebug' as it is up-to-date.
[        ] Resolve mutations for :permission_handler_android:mergeDebugGeneratedProguardFiles (Thread[#1439,Execution worker Thread 2,5,main]) started.
[        ] :permission_handler_android:mergeDebugGeneratedProguardFiles (Thread[#1447,Execution worker Thread 10,5,main]) started.
[        ] > Task :permission_handler_android:mergeDebugGeneratedProguardFiles UP-TO-DATE
[        ] Caching disabled for task ':permission_handler_android:mergeDebugGeneratedProguardFiles' because:
[        ]   Build cache is disabled
[        ]   Simple merging task
[        ] Skipping task ':permission_handler_android:mergeDebugGeneratedProguardFiles' as it is up-to-date.
[        ] Resolve mutations for :permission_handler_android:mergeDebugConsumerProguardFiles (Thread[#1447,Execution worker Thread 10,5,main]) started.
[        ] :permission_handler_android:mergeDebugConsumerProguardFiles (Thread[#1447,Execution worker Thread 10,5,main]) started.
[        ] > Task :permission_handler_android:mergeDebugConsumerProguardFiles UP-TO-DATE
[        ] Caching disabled for task ':permission_handler_android:mergeDebugConsumerProguardFiles' because:
[        ]   Build cache is disabled
[        ]   Simple merging task
[        ] Skipping task ':permission_handler_android:mergeDebugConsumerProguardFiles' as it is up-to-date.
[        ] Resolve mutations for :permission_handler_android:prepareDebugArtProfile (Thread[#1447,Execution worker Thread 10,5,main]) started.
[        ] :permission_handler_android:prepareDebugArtProfile (Thread[#1447,Execution worker Thread 10,5,main]) started.
[        ] > Task :permission_handler_android:prepareDebugArtProfile UP-TO-DATE
[        ] Caching disabled for task ':permission_handler_android:prepareDebugArtProfile' because:
[        ]   Build cache is disabled
[        ]   Caching has been disabled for the task
[        ] Skipping task ':permission_handler_android:prepareDebugArtProfile' as it is up-to-date.
[        ] Resolve mutations for :permission_handler_android:prepareLintJarForPublish (Thread[#1447,Execution worker Thread 10,5,main]) started.
[        ] :permission_handler_android:prepareLintJarForPublish (Thread[#1447,Execution worker Thread 10,5,main]) started.
[        ] > Task :permission_handler_android:prepareLintJarForPublish UP-TO-DATE
[        ] Caching disabled for task ':permission_handler_android:prepareLintJarForPublish' because:
[        ]   Build cache is disabled
[        ]   Caching has been disabled for the task
[        ] Skipping task ':permission_handler_android:prepareLintJarForPublish' as it is up-to-date.
[        ] Resolve mutations for :permission_handler_android:mergeDebugJavaResource (Thread[#1447,Execution worker Thread 10,5,main]) started.
[        ] :permission_handler_android:mergeDebugJavaResource (Thread[#1447,Execution worker Thread 10,5,main]) started.
[        ] > Task :permission_handler_android:mergeDebugJavaResource UP-TO-DATE
[        ] Caching disabled for task ':permission_handler_android:mergeDebugJavaResource' because:
[        ]   Build cache is disabled
[        ]   Caching has been disabled for the task
[        ] Skipping task ':permission_handler_android:mergeDebugJavaResource' as it is up-to-date.
[        ] Resolve mutations for :permission_handler_android:syncDebugLibJars (Thread[#1447,Execution worker Thread 10,5,main]) started.
[        ] :permission_handler_android:syncDebugLibJars (Thread[#1447,Execution worker Thread 10,5,main]) started.
[        ] > Task :permission_handler_android:syncDebugLibJars UP-TO-DATE
[        ] Caching disabled for task ':permission_handler_android:syncDebugLibJars' because:
[        ]   Build cache is disabled
[        ] Skipping task ':permission_handler_android:syncDebugLibJars' as it is up-to-date.
[        ] Resolve mutations for :permission_handler_android:bundleDebugAar (Thread[#1447,Execution worker Thread 10,5,main]) started.
[        ] :permission_handler_android:bundleDebugAar (Thread[#1447,Execution worker Thread 10,5,main]) started.
[        ] > Task :permission_handler_android:bundleDebugAar UP-TO-DATE
[        ] Caching disabled for task ':permission_handler_android:bundleDebugAar' because:
[        ]   Build cache is disabled
[        ]   Caching has been disabled for the task
[        ] Skipping task ':permission_handler_android:bundleDebugAar' as it is up-to-date.
[        ] Resolve mutations for :permission_handler_android:assembleDebug (Thread[#1447,Execution worker Thread 10,5,main]) started.
[        ] :permission_handler_android:assembleDebug (Thread[#1447,Execution worker Thread 10,5,main]) started.
[        ] > Task :permission_handler_android:assembleDebug UP-TO-DATE
[        ] Skipping task ':permission_handler_android:assembleDebug' as it has no actions.
[        ] Resolve mutations for :shared_preferences_android:stripDebugDebugSymbols (Thread[#1447,Execution worker Thread 10,5,main]) started.
[        ] :shared_preferences_android:stripDebugDebugSymbols (Thread[#1447,Execution worker Thread 10,5,main]) started.
[        ] > Task :shared_preferences_android:stripDebugDebugSymbols NO-SOURCE
[        ] Skipping task ':shared_preferences_android:stripDebugDebugSymbols' as it has no source files and no previous output files.
[        ] Resolve mutations for :shared_preferences_android:copyDebugJniLibsProjectAndLocalJars (Thread[#1447,Execution worker Thread 10,5,main]) started.
[        ] :shared_preferences_android:copyDebugJniLibsProjectAndLocalJars (Thread[#1447,Execution worker Thread 10,5,main]) started.
[        ] > Task :shared_preferences_android:copyDebugJniLibsProjectAndLocalJars UP-TO-DATE
[        ] Caching disabled for task ':shared_preferences_android:copyDebugJniLibsProjectAndLocalJars' because:
[        ]   Build cache is disabled
[        ]   Caching has been disabled for the task
[        ] Skipping task ':shared_preferences_android:copyDebugJniLibsProjectAndLocalJars' as it is up-to-date.
[        ] Resolve mutations for :shared_preferences_android:extractDebugAnnotations (Thread[#1447,Execution worker Thread 10,5,main]) started.
[        ] :shared_preferences_android:extractDebugAnnotations (Thread[#1447,Execution worker Thread 10,5,main]) started.
[        ] > Task :shared_preferences_android:extractDebugAnnotations UP-TO-DATE
[        ] Caching disabled for task ':shared_preferences_android:extractDebugAnnotations' because:
[        ]   Build cache is disabled
[        ] Skipping task ':shared_preferences_android:extractDebugAnnotations' as it is up-to-date.
[        ] Resolve mutations for :shared_preferences_android:extractDeepLinksForAarDebug (Thread[#1447,Execution worker Thread 10,5,main]) started.
[        ] :shared_preferences_android:extractDeepLinksForAarDebug (Thread[#1447,Execution worker Thread 10,5,main]) started.
[        ] > Task :shared_preferences_android:extractDeepLinksForAarDebug UP-TO-DATE
[        ] Caching disabled for task ':shared_preferences_android:extractDeepLinksForAarDebug' because:
[        ]   Build cache is disabled
[        ] Skipping task ':shared_preferences_android:extractDeepLinksForAarDebug' as it is up-to-date.
[        ] Resolve mutations for :shared_preferences_android:mergeDebugGeneratedProguardFiles (Thread[#1447,Execution worker Thread 10,5,main]) started.
[        ] :shared_preferences_android:mergeDebugGeneratedProguardFiles (Thread[#1447,Execution worker Thread 10,5,main]) started.
[        ] > Task :shared_preferences_android:mergeDebugGeneratedProguardFiles UP-TO-DATE
[        ] Caching disabled for task ':shared_preferences_android:mergeDebugGeneratedProguardFiles' because:
[        ]   Build cache is disabled
[        ]   Simple merging task
[        ] Skipping task ':shared_preferences_android:mergeDebugGeneratedProguardFiles' as it is up-to-date.
[        ] Resolve mutations for :shared_preferences_android:mergeDebugConsumerProguardFiles (Thread[#1447,Execution worker Thread 10,5,main]) started.
[        ] :shared_preferences_android:mergeDebugConsumerProguardFiles (Thread[#1447,Execution worker Thread 10,5,main]) started.
[        ] > Task :shared_preferences_android:mergeDebugConsumerProguardFiles UP-TO-DATE
[        ] Caching disabled for task ':shared_preferences_android:mergeDebugConsumerProguardFiles' because:
[        ]   Build cache is disabled
[        ]   Simple merging task
[        ] Skipping task ':shared_preferences_android:mergeDebugConsumerProguardFiles' as it is up-to-date.
[        ] Resolve mutations for :shared_preferences_android:prepareDebugArtProfile (Thread[#1447,Execution worker Thread 10,5,main]) started.
[        ] :shared_preferences_android:prepareDebugArtProfile (Thread[#1447,Execution worker Thread 10,5,main]) started.
[        ] > Task :shared_preferences_android:prepareDebugArtProfile UP-TO-DATE
[        ] Caching disabled for task ':shared_preferences_android:prepareDebugArtProfile' because:
[        ]   Build cache is disabled
[        ]   Caching has been disabled for the task
[        ] Skipping task ':shared_preferences_android:prepareDebugArtProfile' as it is up-to-date.
[        ] Resolve mutations for :shared_preferences_android:prepareLintJarForPublish (Thread[#1447,Execution worker Thread 10,5,main]) started.
[        ] :shared_preferences_android:prepareLintJarForPublish (Thread[#1447,Execution worker Thread 10,5,main]) started.
[        ] > Task :shared_preferences_android:prepareLintJarForPublish UP-TO-DATE
[        ] Caching disabled for task ':shared_preferences_android:prepareLintJarForPublish' because:
[        ]   Build cache is disabled
[        ]   Caching has been disabled for the task
[        ] Skipping task ':shared_preferences_android:prepareLintJarForPublish' as it is up-to-date.
[        ] Resolve mutations for :shared_preferences_android:mergeDebugJavaResource (Thread[#1447,Execution worker Thread 10,5,main]) started.
[        ] :shared_preferences_android:mergeDebugJavaResource (Thread[#1447,Execution worker Thread 10,5,main]) started.
[        ] > Task :shared_preferences_android:mergeDebugJavaResource UP-TO-DATE
[        ] Caching disabled for task ':shared_preferences_android:mergeDebugJavaResource' because:
[        ]   Build cache is disabled
[        ]   Caching has been disabled for the task
[        ] Skipping task ':shared_preferences_android:mergeDebugJavaResource' as it is up-to-date.
[        ] Resolve mutations for :shared_preferences_android:syncDebugLibJars (Thread[#1447,Execution worker Thread 10,5,main]) started.
[        ] :shared_preferences_android:syncDebugLibJars (Thread[#1447,Execution worker Thread 10,5,main]) started.
[        ] > Task :shared_preferences_android:syncDebugLibJars UP-TO-DATE
[        ] Caching disabled for task ':shared_preferences_android:syncDebugLibJars' because:
[        ]   Build cache is disabled
[        ] Skipping task ':shared_preferences_android:syncDebugLibJars' as it is up-to-date.
[        ] Resolve mutations for :shared_preferences_android:bundleDebugAar (Thread[#1447,Execution worker Thread 10,5,main]) started.
[        ] :shared_preferences_android:bundleDebugAar (Thread[#1447,Execution worker Thread 10,5,main]) started.
[        ] > Task :shared_preferences_android:bundleDebugAar UP-TO-DATE
[        ] Caching disabled for task ':shared_preferences_android:bundleDebugAar' because:
[        ]   Build cache is disabled
[        ]   Caching has been disabled for the task
[        ] Skipping task ':shared_preferences_android:bundleDebugAar' as it is up-to-date.
[        ] Resolve mutations for :shared_preferences_android:assembleDebug (Thread[#1447,Execution worker Thread 10,5,main]) started.
[        ] :shared_preferences_android:assembleDebug (Thread[#1441,Execution worker Thread 4,5,main]) started.
[        ] > Task :shared_preferences_android:assembleDebug UP-TO-DATE
[        ] Skipping task ':shared_preferences_android:assembleDebug' as it has no actions.
[        ] Resolve mutations for :sqflite_android:stripDebugDebugSymbols (Thread[#1441,Execution worker Thread 4,5,main]) started.
[        ] :sqflite_android:stripDebugDebugSymbols (Thread[#1441,Execution worker Thread 4,5,main]) started.
[        ] > Task :sqflite_android:stripDebugDebugSymbols NO-SOURCE
[        ] Skipping task ':sqflite_android:stripDebugDebugSymbols' as it has no source files and no previous output files.
[        ] Resolve mutations for :sqflite_android:copyDebugJniLibsProjectAndLocalJars (Thread[#1441,Execution worker Thread 4,5,main]) started.
[        ] :sqflite_android:copyDebugJniLibsProjectAndLocalJars (Thread[#1441,Execution worker Thread 4,5,main]) started.
[        ] > Task :sqflite_android:copyDebugJniLibsProjectAndLocalJars UP-TO-DATE
[        ] Caching disabled for task ':sqflite_android:copyDebugJniLibsProjectAndLocalJars' because:
[        ]   Build cache is disabled
[        ]   Caching has been disabled for the task
[        ] Skipping task ':sqflite_android:copyDebugJniLibsProjectAndLocalJars' as it is up-to-date.
[        ] Resolve mutations for :sqflite_android:extractDebugAnnotations (Thread[#1441,Execution worker Thread 4,5,main]) started.
[        ] :sqflite_android:extractDebugAnnotations (Thread[#1441,Execution worker Thread 4,5,main]) started.
[        ] > Task :sqflite_android:extractDebugAnnotations UP-TO-DATE
[        ] Caching disabled for task ':sqflite_android:extractDebugAnnotations' because:
[        ]   Build cache is disabled
[        ] Skipping task ':sqflite_android:extractDebugAnnotations' as it is up-to-date.
[        ] Resolve mutations for :sqflite_android:extractDeepLinksForAarDebug (Thread[#1441,Execution worker Thread 4,5,main]) started.
[        ] :sqflite_android:extractDeepLinksForAarDebug (Thread[#1441,Execution worker Thread 4,5,main]) started.
[        ] > Task :sqflite_android:extractDeepLinksForAarDebug UP-TO-DATE
[        ] Caching disabled for task ':sqflite_android:extractDeepLinksForAarDebug' because:
[        ]   Build cache is disabled
[        ] Skipping task ':sqflite_android:extractDeepLinksForAarDebug' as it is up-to-date.
[        ] Resolve mutations for :sqflite_android:mergeDebugGeneratedProguardFiles (Thread[#1441,Execution worker Thread 4,5,main]) started.
[        ] :sqflite_android:mergeDebugGeneratedProguardFiles (Thread[#1441,Execution worker Thread 4,5,main]) started.
[        ] > Task :sqflite_android:mergeDebugGeneratedProguardFiles UP-TO-DATE
[        ] Caching disabled for task ':sqflite_android:mergeDebugGeneratedProguardFiles' because:
[        ]   Build cache is disabled
[        ]   Simple merging task
[        ] Skipping task ':sqflite_android:mergeDebugGeneratedProguardFiles' as it is up-to-date.
[        ] Resolve mutations for :sqflite_android:mergeDebugConsumerProguardFiles (Thread[#1441,Execution worker Thread 4,5,main]) started.
[        ] :sqflite_android:mergeDebugConsumerProguardFiles (Thread[#1441,Execution worker Thread 4,5,main]) started.
[        ] > Task :sqflite_android:mergeDebugConsumerProguardFiles UP-TO-DATE
[        ] Caching disabled for task ':sqflite_android:mergeDebugConsumerProguardFiles' because:
[        ]   Build cache is disabled
[        ]   Simple merging task
[        ] Skipping task ':sqflite_android:mergeDebugConsumerProguardFiles' as it is up-to-date.
[        ] Resolve mutations for :sqflite_android:prepareDebugArtProfile (Thread[#1441,Execution worker Thread 4,5,main]) started.
[        ] :sqflite_android:prepareDebugArtProfile (Thread[#1441,Execution worker Thread 4,5,main]) started.
[        ] > Task :sqflite_android:prepareDebugArtProfile UP-TO-DATE
[        ] Caching disabled for task ':sqflite_android:prepareDebugArtProfile' because:
[        ]   Build cache is disabled
[        ]   Caching has been disabled for the task
[        ] Skipping task ':sqflite_android:prepareDebugArtProfile' as it is up-to-date.
[        ] Resolve mutations for :sqflite_android:prepareLintJarForPublish (Thread[#1441,Execution worker Thread 4,5,main]) started.
[        ] :sqflite_android:prepareLintJarForPublish (Thread[#1441,Execution worker Thread 4,5,main]) started.
[        ] > Task :sqflite_android:prepareLintJarForPublish UP-TO-DATE
[        ] Caching disabled for task ':sqflite_android:prepareLintJarForPublish' because:
[        ]   Build cache is disabled
[        ]   Caching has been disabled for the task
[        ] Skipping task ':sqflite_android:prepareLintJarForPublish' as it is up-to-date.
[        ] Resolve mutations for :sqflite_android:mergeDebugJavaResource (Thread[#1441,Execution worker Thread 4,5,main]) started.
[        ] :sqflite_android:mergeDebugJavaResource (Thread[#1441,Execution worker Thread 4,5,main]) started.
[        ] > Task :sqflite_android:mergeDebugJavaResource UP-TO-DATE
[        ] Caching disabled for task ':sqflite_android:mergeDebugJavaResource' because:
[        ]   Build cache is disabled
[        ]   Caching has been disabled for the task
[        ] Skipping task ':sqflite_android:mergeDebugJavaResource' as it is up-to-date.
[        ] Resolve mutations for :sqflite_android:syncDebugLibJars (Thread[#1441,Execution worker Thread 4,5,main]) started.
[        ] :sqflite_android:syncDebugLibJars (Thread[#1441,Execution worker Thread 4,5,main]) started.
[        ] > Task :sqflite_android:syncDebugLibJars UP-TO-DATE
[        ] Caching disabled for task ':sqflite_android:syncDebugLibJars' because:
[        ]   Build cache is disabled
[        ] Skipping task ':sqflite_android:syncDebugLibJars' as it is up-to-date.
[        ] Resolve mutations for :sqflite_android:bundleDebugAar (Thread[#1441,Execution worker Thread 4,5,main]) started.
[        ] :sqflite_android:bundleDebugAar (Thread[#1441,Execution worker Thread 4,5,main]) started.
[        ] > Task :sqflite_android:bundleDebugAar UP-TO-DATE
[        ] Caching disabled for task ':sqflite_android:bundleDebugAar' because:
[        ]   Build cache is disabled
[        ]   Caching has been disabled for the task
[        ] Skipping task ':sqflite_android:bundleDebugAar' as it is up-to-date.
[        ] Resolve mutations for :sqflite_android:assembleDebug (Thread[#1441,Execution worker Thread 4,5,main]) started.
[        ] :sqflite_android:assembleDebug (Thread[#1441,Execution worker Thread 4,5,main]) started.
[        ] > Task :sqflite_android:assembleDebug UP-TO-DATE
[        ] Skipping task ':sqflite_android:assembleDebug' as it has no actions.
[        ] Resolve mutations for :tflite_flutter:stripDebugDebugSymbols (Thread[#1441,Execution worker Thread 4,5,main]) started.
[        ] :tflite_flutter:stripDebugDebugSymbols (Thread[#1441,Execution worker Thread 4,5,main]) started.
[        ] > Task :tflite_flutter:stripDebugDebugSymbols NO-SOURCE
[        ] Skipping task ':tflite_flutter:stripDebugDebugSymbols' as it has no source files and no previous output files.
[        ] Resolve mutations for :tflite_flutter:copyDebugJniLibsProjectAndLocalJars (Thread[#1441,Execution worker Thread 4,5,main]) started.
[        ] :tflite_flutter:copyDebugJniLibsProjectAndLocalJars (Thread[#1441,Execution worker Thread 4,5,main]) started.
[        ] > Task :tflite_flutter:copyDebugJniLibsProjectAndLocalJars UP-TO-DATE
[        ] Caching disabled for task ':tflite_flutter:copyDebugJniLibsProjectAndLocalJars' because:
[        ]   Build cache is disabled
[        ]   Caching has been disabled for the task
[        ] Skipping task ':tflite_flutter:copyDebugJniLibsProjectAndLocalJars' as it is up-to-date.
[        ] Resolve mutations for :tflite_flutter:extractDebugAnnotations (Thread[#1441,Execution worker Thread 4,5,main]) started.
[        ] :tflite_flutter:extractDebugAnnotations (Thread[#1441,Execution worker Thread 4,5,main]) started.
[  +55 ms] > Task :tflite_flutter:extractDebugAnnotations UP-TO-DATE
[        ] Caching disabled for task ':tflite_flutter:extractDebugAnnotations' because:
[        ]   Build cache is disabled
[        ] Skipping task ':tflite_flutter:extractDebugAnnotations' as it is up-to-date.
[        ] Resolve mutations for :tflite_flutter:extractDeepLinksForAarDebug (Thread[#1441,Execution worker Thread 4,5,main]) started.
[        ] :tflite_flutter:extractDeepLinksForAarDebug (Thread[#1441,Execution worker Thread 4,5,main]) started.
[        ] > Task :tflite_flutter:extractDeepLinksForAarDebug UP-TO-DATE
[        ] Caching disabled for task ':tflite_flutter:extractDeepLinksForAarDebug' because:
[        ]   Build cache is disabled
[        ] Skipping task ':tflite_flutter:extractDeepLinksForAarDebug' as it is up-to-date.
[        ] Resolve mutations for :tflite_flutter:mergeDebugGeneratedProguardFiles (Thread[#1441,Execution worker Thread 4,5,main]) started.
[        ] :tflite_flutter:mergeDebugGeneratedProguardFiles (Thread[#1441,Execution worker Thread 4,5,main]) started.
[        ] > Task :tflite_flutter:mergeDebugGeneratedProguardFiles UP-TO-DATE
[        ] Caching disabled for task ':tflite_flutter:mergeDebugGeneratedProguardFiles' because:
[        ]   Build cache is disabled
[        ]   Simple merging task
[        ] Skipping task ':tflite_flutter:mergeDebugGeneratedProguardFiles' as it is up-to-date.
[        ] Resolve mutations for :tflite_flutter:mergeDebugConsumerProguardFiles (Thread[#1441,Execution worker Thread 4,5,main]) started.
[        ] :tflite_flutter:mergeDebugConsumerProguardFiles (Thread[#1441,Execution worker Thread 4,5,main]) started.
[        ] > Task :tflite_flutter:mergeDebugConsumerProguardFiles UP-TO-DATE
[        ] Caching disabled for task ':tflite_flutter:mergeDebugConsumerProguardFiles' because:
[        ]   Build cache is disabled
[        ]   Simple merging task
[        ] Skipping task ':tflite_flutter:mergeDebugConsumerProguardFiles' as it is up-to-date.
[        ] Resolve mutations for :tflite_flutter:prepareDebugArtProfile (Thread[#1441,Execution worker Thread 4,5,main]) started.
[        ] :tflite_flutter:prepareDebugArtProfile (Thread[#1441,Execution worker Thread 4,5,main]) started.
[        ] > Task :tflite_flutter:prepareDebugArtProfile UP-TO-DATE
[        ] Caching disabled for task ':tflite_flutter:prepareDebugArtProfile' because:
[        ]   Build cache is disabled
[        ]   Caching has been disabled for the task
[        ] Skipping task ':tflite_flutter:prepareDebugArtProfile' as it is up-to-date.
[        ] Resolve mutations for :tflite_flutter:prepareLintJarForPublish (Thread[#1441,Execution worker Thread 4,5,main]) started.
[        ] :tflite_flutter:prepareLintJarForPublish (Thread[#1441,Execution worker Thread 4,5,main]) started.
[        ] > Task :tflite_flutter:prepareLintJarForPublish UP-TO-DATE
[        ] Caching disabled for task ':tflite_flutter:prepareLintJarForPublish' because:
[        ]   Build cache is disabled
[        ]   Caching has been disabled for the task
[        ] Skipping task ':tflite_flutter:prepareLintJarForPublish' as it is up-to-date.
[        ] Resolve mutations for :tflite_flutter:mergeDebugJavaResource (Thread[#1441,Execution worker Thread 4,5,main]) started.
[        ] :tflite_flutter:mergeDebugJavaResource (Thread[#1441,Execution worker Thread 4,5,main]) started.
[        ] > Task :tflite_flutter:mergeDebugJavaResource UP-TO-DATE
[        ] Caching disabled for task ':tflite_flutter:mergeDebugJavaResource' because:
[        ]   Build cache is disabled
[        ]   Caching has been disabled for the task
[        ] Skipping task ':tflite_flutter:mergeDebugJavaResource' as it is up-to-date.
[        ] Resolve mutations for :tflite_flutter:syncDebugLibJars (Thread[#1441,Execution worker Thread 4,5,main]) started.
[        ] :tflite_flutter:syncDebugLibJars (Thread[#1441,Execution worker Thread 4,5,main]) started.
[        ] > Task :tflite_flutter:syncDebugLibJars UP-TO-DATE
[        ] Caching disabled for task ':tflite_flutter:syncDebugLibJars' because:
[        ]   Build cache is disabled
[        ] Skipping task ':tflite_flutter:syncDebugLibJars' as it is up-to-date.
[        ] Resolve mutations for :tflite_flutter:bundleDebugAar (Thread[#1441,Execution worker Thread 4,5,main]) started.
[        ] :tflite_flutter:bundleDebugAar (Thread[#1441,Execution worker Thread 4,5,main]) started.
[        ] > Task :tflite_flutter:bundleDebugAar UP-TO-DATE
[        ] Caching disabled for task ':tflite_flutter:bundleDebugAar' because:
[        ]   Build cache is disabled
[        ]   Caching has been disabled for the task
[        ] Skipping task ':tflite_flutter:bundleDebugAar' as it is up-to-date.
[        ] Resolve mutations for :tflite_flutter:assembleDebug (Thread[#1441,Execution worker Thread 4,5,main]) started.
[        ] :tflite_flutter:assembleDebug (Thread[#1442,Execution worker Thread 5,5,main]) started.
[        ] > Task :tflite_flutter:assembleDebug UP-TO-DATE
[        ] Skipping task ':tflite_flutter:assembleDebug' as it has no actions.
[+1501 ms] > Task :app:compileDebugKotlin FAILED
[        ] Adding -Xuse-inline-scopes-numbers Kotlin compiler flag for task :app:compileDebugAndroidTestKotlin
[        ] Caching disabled for task ':app:compileDebugKotlin' because:
[        ]   Build cache is disabled
[        ] Task ':app:compileDebugKotlin' is not up-to-date because:
[        ]   Input property 'sources' file G:\Taka-Dorkar-Pro\mobile\android\app\src\main\kotlin\com\example\mobile\SmsReceiver.kt has been removed.
[        ] file or directory 'G:\Taka-Dorkar-Pro\mobile\android\app\src\debug\kotlin', not found
[        ] file or directory 'G:\Taka-Dorkar-Pro\mobile\android\app\src\debug\java', not found
[        ] file or directory 'G:\Taka-Dorkar-Pro\mobile\android\app\src\debug\kotlin', not found
[        ] file or directory 'G:\Taka-Dorkar-Pro\mobile\android\app\src\debug\kotlin', not found
[        ] file or directory 'G:\Taka-Dorkar-Pro\mobile\android\app\src\debug\java', not found
[        ] file or directory 'G:\Taka-Dorkar-Pro\mobile\android\app\src\debug\java', not found
[        ] file or directory 'G:\Taka-Dorkar-Pro\mobile\android\app\src\debug\kotlin', not found
[        ] file or directory 'G:\Taka-Dorkar-Pro\mobile\android\app\src\debug\java', not found
[        ] file or directory 'G:\Taka-Dorkar-Pro\mobile\android\app\src\debug\kotlin', not found
[        ] file or directory 'G:\Taka-Dorkar-Pro\mobile\android\app\src\debug\kotlin', not found
[        ] file or directory 'G:\Taka-Dorkar-Pro\mobile\android\app\src\debug\java', not found
[        ] file or directory 'G:\Taka-Dorkar-Pro\mobile\android\app\src\debug\java', not found
[        ] file or directory 'G:\Taka-Dorkar-Pro\mobile\android\app\src\debug\kotlin', not found
[        ] file or directory 'G:\Taka-Dorkar-Pro\mobile\android\app\src\debug\java', not found
[        ] file or directory 'G:\Taka-Dorkar-Pro\mobile\android\app\src\debug\kotlin', not found
[        ] file or directory 'G:\Taka-Dorkar-Pro\mobile\android\app\src\debug\kotlin', not found
[        ] file or directory 'G:\Taka-Dorkar-Pro\mobile\android\app\src\debug\java', not found
[        ] file or directory 'G:\Taka-Dorkar-Pro\mobile\android\app\src\debug\java', not found
[        ] file or directory 'G:\Taka-Dorkar-Pro\mobile\android\app\src\debug\kotlin', not found
[        ] file or directory 'G:\Taka-Dorkar-Pro\mobile\android\app\src\debug\java', not found
[        ] file or directory 'G:\Taka-Dorkar-Pro\mobile\android\app\src\debug\kotlin', not found
[        ] file or directory 'G:\Taka-Dorkar-Pro\mobile\android\app\src\debug\kotlin', not found
[        ] file or directory 'G:\Taka-Dorkar-Pro\mobile\android\app\src\debug\java', not found
[        ] file or directory 'G:\Taka-Dorkar-Pro\mobile\android\app\src\debug\java', not found
[        ] Kotlin source files: G:\Taka-Dorkar-Pro\mobile\android\app\src\main\kotlin\com\example\mobile\MainActivity.kt
[        ] Java source files: G:\Taka-Dorkar-Pro\mobile\android\app\src\main\java\io\flutter\plugins\GeneratedPluginRegistrant.java
[        ] Script source files: 
[        ] Script file extensions: 
[        ] Using Kotlin/JVM incremental compilation
[        ] [KOTLIN] Kotlin compilation 'jdkHome' argument: null
[        ] Options for KOTLIN DAEMON: IncrementalCompilationOptions(super=CompilationOptions(compilerMode=INCREMENTAL_COMPILER, targetPlatform=JVM, reportCategories=[0, 3], reportSeverity=2, requestedCompilationResults=[0], kotlinScriptExtensions=[]), sourceChanges=org.jetbrains.kotlin.buildtools.api.SourcesChanges$Known@75b76618, classpathChanges=NoChanges, workingDir=G:\Taka-Dorkar-Pro\mobile\build\app\kotlin\compileDebugKotlin\cacheable, multiModuleICSettings=MultiModuleICSettings(buildHistoryFile=G:\Taka-Dorkar-Pro\mobile\build\app\kotlin\compileDebugKotlin\local-state\build-history.bin, useModuleDetection=true), icFeatures=IncrementalCompilationFeatures(usePreciseJavaTracking=true, withAbiSnapshot=false, preciseCompilationResultsBackup=true, keepIncrementalCompilationCachesInMemory=true, enableUnsafeIncrementalCompilationForMultiplatform=false, enableMonotonousIncrementalCompileSetExpansion=true), outputFiles=[G:\Taka-Dorkar-Pro\mobile\build\app\tmp\kotlin-classes\debug, G:\Taka-Dorkar-Pro\mobile\build\app\kotlin\compileDebugKotlin\cacheable, G:\Taka-Dorkar-Pro\mobile\build\app\kotlin\compileDebugKotlin\local-state])
[        ] Finished executing kotlin compiler using DAEMON strategy
[        ] Restoring task outputs to pre-compilation state
[        ] Build d2970d51-7ddd-43a9-a878-9a9dffd7f23b is closed
[        ] [Incubating] Problems report is available at: file:///G:/Taka-Dorkar-Pro/mobile/build/reports/problems/problems-report.html
[        ] e: file:///G:/Taka-Dorkar-Pro/mobile/android/app/src/main/kotlin/com/example/mobile/MainActivity.kt:19:9 Unresolved reference 'SmsReceiver'.
[   +1 ms] FAILURE: Build failed with an exception.
[        ] * What went wrong:
[        ] Execution failed for task ':app:compileDebugKotlin'.
[        ] > A failure occurred while executing org.jetbrains.kotlin.compilerRunner.GradleCompilerRunnerWithWorkers$GradleKotlinCompilerWorkAction
[        ]    > Compilation error. See log for more details
[        ] * Try:
[        ] > Run with --debug option to get more log output.
[        ] > Run with --scan to get full insights.
[        ] > Get more help at https://help.gradle.org.
[        ] * Exception is:
[        ] org.gradle.api.tasks.TaskExecutionException: Execution failed for task ':app:compileDebugKotlin'.
[        ] 	at org.gradle.api.internal.tasks.execution.ExecuteActionsTaskExecuter.lambda$executeIfValid$1(ExecuteActionsTaskExecuter.java:130)
[        ] 	at org.gradle.internal.Try$Failure.ifSuccessfulOrElse(Try.java:293)
[        ] 	at org.gradle.api.internal.tasks.execution.ExecuteActionsTaskExecuter.executeIfValid(ExecuteActionsTaskExecuter.java:128)
[        ] 	at org.gradle.api.internal.tasks.execution.ExecuteActionsTaskExecuter.execute(ExecuteActionsTaskExecuter.java:116)
[        ] 	at org.gradle.api.internal.tasks.execution.ProblemsTaskPathTrackingTaskExecuter.execute(ProblemsTaskPathTrackingTaskExecuter.java:41)
[        ] 	at org.gradle.api.internal.tasks.execution.FinalizePropertiesTaskExecuter.execute(FinalizePropertiesTaskExecuter.java:46)
[        ] 	at org.gradle.api.internal.tasks.execution.ResolveTaskExecutionModeExecuter.execute(ResolveTaskExecutionModeExecuter.java:51)
[        ] 	at org.gradle.api.internal.tasks.execution.SkipTaskWithNoActionsExecuter.execute(SkipTaskWithNoActionsExecuter.java:57)
[        ] 	at org.gradle.api.internal.tasks.execution.SkipOnlyIfTaskExecuter.execute(SkipOnlyIfTaskExecuter.java:74)
[        ] 	at org.gradle.api.internal.tasks.execution.CatchExceptionTaskExecuter.execute(CatchExceptionTaskExecuter.java:36)
[        ] 	at org.gradle.api.internal.tasks.execution.EventFiringTaskExecuter$1.executeTask(EventFiringTaskExecuter.java:77)
[        ] 	at org.gradle.api.internal.tasks.execution.EventFiringTaskExecuter$1.call(EventFiringTaskExecuter.java:55)
[        ] 	at org.gradle.api.internal.tasks.execution.EventFiringTaskExecuter$1.call(EventFiringTaskExecuter.java:52)
[        ] 	at org.gradle.internal.operations.DefaultBuildOperationRunner$CallableBuildOperationWorker.execute(DefaultBuildOperationRunner.java:210)
[        ] 	at org.gradle.internal.operations.DefaultBuildOperationRunner$CallableBuildOperationWorker.execute(DefaultBuildOperationRunner.java:205)
[        ] 	at org.gradle.internal.operations.DefaultBuildOperationRunner$2.execute(DefaultBuildOperationRunner.java:67)
[        ] 	at org.gradle.internal.operations.DefaultBuildOperationRunner$2.execute(DefaultBuildOperationRunner.java:60)
[        ] 	at org.gradle.internal.operations.DefaultBuildOperationRunner.execute(DefaultBuildOperationRunner.java:167)
[        ] 	at org.gradle.internal.operations.DefaultBuildOperationRunner.execute(DefaultBuildOperationRunner.java:60)
[        ] 	at org.gradle.internal.operations.DefaultBuildOperationRunner.call(DefaultBuildOperationRunner.java:54)
[        ] 	at org.gradle.api.internal.tasks.execution.EventFiringTaskExecuter.execute(EventFiringTaskExecuter.java:52)
[        ] 	at org.gradle.execution.plan.LocalTaskNodeExecutor.execute(LocalTaskNodeExecutor.java:42)
[        ] 	at org.gradle.execution.taskgraph.DefaultTaskExecutionGraph$InvokeNodeExecutorsAction.execute(DefaultTaskExecutionGraph.java:331)
[        ] 	at org.gradle.execution.taskgraph.DefaultTaskExecutionGraph$InvokeNodeExecutorsAction.execute(DefaultTaskExecutionGraph.java:318)
[        ] 	at org.gradle.execution.taskgraph.DefaultTaskExecutionGraph$BuildOperationAwareExecutionAction.lambda$execute$0(DefaultTaskExecutionGraph.java:314)
[        ] 	at org.gradle.internal.operations.CurrentBuildOperationRef.with(CurrentBuildOperationRef.java:85)
[        ] 	at org.gradle.execution.taskgraph.DefaultTaskExecutionGraph$BuildOperationAwareExecutionAction.execute(DefaultTaskExecutionGraph.java:314)
[        ] 	at org.gradle.execution.taskgraph.DefaultTaskExecutionGraph$BuildOperationAwareExecutionAction.execute(DefaultTaskExecutionGraph.java:303)
[        ] 	at org.gradle.execution.plan.DefaultPlanExecutor$ExecutorWorker.execute(DefaultPlanExecutor.java:459)
[        ] 	at org.gradle.execution.plan.DefaultPlanExecutor$ExecutorWorker.run(DefaultPlanExecutor.java:376)
[        ] 	at org.gradle.internal.concurrent.ExecutorPolicy$CatchAndRecordFailures.onExecute(ExecutorPolicy.java:64)
[        ] 	at org.gradle.internal.concurrent.AbstractManagedExecutor$1.run(AbstractManagedExecutor.java:48)
[        ] 	at java.base/java.util.concurrent.ThreadPoolExecutor.runWorker(Unknown Source)
[        ] 	at java.base/java.util.concurrent.ThreadPoolExecutor$Worker.run(Unknown Source)
[        ] 	at java.base/java.lang.Thread.run(Unknown Source)
[        ] Caused by: org.gradle.workers.internal.DefaultWorkerExecutor$WorkExecutionException: A failure occurred while executing org.jetbrains.kotlin.compilerRunner.GradleCompilerRunnerWithWorkers$GradleKotlinCompilerWorkAction
[        ] 	at org.gradle.workers.internal.DefaultWorkerExecutor$WorkItemExecution.waitForCompletion(DefaultWorkerExecutor.java:287)
[        ] 	at org.gradle.internal.work.DefaultAsyncWorkTracker.lambda$waitForItemsAndGatherFailures$2(DefaultAsyncWorkTracker.java:130)
[        ] 	at org.gradle.internal.Factories$1.create(Factories.java:31)
[        ] 	at org.gradle.internal.work.DefaultWorkerLeaseService.withoutLocks(DefaultWorkerLeaseService.java:335)
[        ] 	at org.gradle.internal.work.DefaultWorkerLeaseService.withoutLocks(DefaultWorkerLeaseService.java:318)
[        ] 	at org.gradle.internal.work.DefaultWorkerLeaseService.withoutLock(DefaultWorkerLeaseService.java:323)
[        ] 	at org.gradle.internal.work.DefaultAsyncWorkTracker.waitForItemsAndGatherFailures(DefaultAsyncWorkTracker.java:126)
[        ] 	at org.gradle.internal.work.DefaultAsyncWorkTracker.waitForItemsAndGatherFailures(DefaultAsyncWorkTracker.java:92)
[        ] 	at org.gradle.internal.work.DefaultAsyncWorkTracker.waitForAll(DefaultAsyncWorkTracker.java:78)
[        ] 	at org.gradle.internal.work.DefaultAsyncWorkTracker.waitForCompletion(DefaultAsyncWorkTracker.java:66)
[        ] 	at org.gradle.api.internal.tasks.execution.TaskExecution$3.run(TaskExecution.java:252)
[        ] 	at org.gradle.internal.operations.DefaultBuildOperationRunner$1.execute(DefaultBuildOperationRunner.java:30)
[        ] 	at org.gradle.internal.operations.DefaultBuildOperationRunner$1.execute(DefaultBuildOperationRunner.java:27)
[        ] 	at org.gradle.internal.operations.DefaultBuildOperationRunner$2.execute(DefaultBuildOperationRunner.java:67)
[        ] 	at org.gradle.internal.operations.DefaultBuildOperationRunner$2.execute(DefaultBuildOperationRunner.java:60)
[        ] 	at org.gradle.internal.operations.DefaultBuildOperationRunner.execute(DefaultBuildOperationRunner.java:167)
[        ] 	at org.gradle.internal.operations.DefaultBuildOperationRunner.execute(DefaultBuildOperationRunner.java:60)
[        ] 	at org.gradle.internal.operations.DefaultBuildOperationRunner.run(DefaultBuildOperationRunner.java:48)
[        ] 	at org.gradle.api.internal.tasks.execution.TaskExecution.executeAction(TaskExecution.java:229)
[        ] 	at org.gradle.api.internal.tasks.execution.TaskExecution.executeActions(TaskExecution.java:212)
[        ] 	at org.gradle.api.internal.tasks.execution.TaskExecution.executeWithPreviousOutputFiles(TaskExecution.java:195)
[        ] 	at org.gradle.api.internal.tasks.execution.TaskExecution.execute(TaskExecution.java:162)
[        ] 	at org.gradle.internal.execution.steps.ExecuteStep.executeInternal(ExecuteStep.java:105)
[        ] 	at org.gradle.internal.execution.steps.ExecuteStep.access$000(ExecuteStep.java:44)
[        ] 	at org.gradle.internal.execution.steps.ExecuteStep$1.call(ExecuteStep.java:59)
[        ] 	at org.gradle.internal.execution.steps.ExecuteStep$1.call(ExecuteStep.java:56)
[        ] 	at org.gradle.internal.operations.DefaultBuildOperationRunner$CallableBuildOperationWorker.execute(DefaultBuildOperationRunner.java:210)
[        ] 	at org.gradle.internal.operations.DefaultBuildOperationRunner$CallableBuildOperationWorker.execute(DefaultBuildOperationRunner.java:205)
[        ] 	at org.gradle.internal.operations.DefaultBuildOperationRunner$2.execute(DefaultBuildOperationRunner.java:67)
[        ] 	at org.gradle.internal.operations.DefaultBuildOperationRunner$2.execute(DefaultBuildOperationRunner.java:60)
[        ] 	at org.gradle.internal.operations.DefaultBuildOperationRunner.execute(DefaultBuildOperationRunner.java:167)
[        ] 	at org.gradle.internal.operations.DefaultBuildOperationRunner.execute(DefaultBuildOperationRunner.java:60)
[        ] 	at org.gradle.internal.operations.DefaultBuildOperationRunner.call(DefaultBuildOperationRunner.java:54)
[        ] 	at org.gradle.internal.execution.steps.ExecuteStep.execute(ExecuteStep.java:56)
[        ] 	at org.gradle.internal.execution.steps.ExecuteStep.execute(ExecuteStep.java:44)
[        ] 	at org.gradle.internal.execution.steps.CancelExecutionStep.execute(CancelExecutionStep.java:42)
[        ] 	at org.gradle.internal.execution.steps.TimeoutStep.executeWithoutTimeout(TimeoutStep.java:75)
[        ] 	at org.gradle.internal.execution.steps.TimeoutStep.execute(TimeoutStep.java:55)
[        ] 	at org.gradle.internal.execution.steps.PreCreateOutputParentsStep.execute(PreCreateOutputParentsStep.java:50)
[        ] 	at org.gradle.internal.execution.steps.PreCreateOutputParentsStep.execute(PreCreateOutputParentsStep.java:28)
[        ] 	at org.gradle.internal.execution.steps.RemovePreviousOutputsStep.execute(RemovePreviousOutputsStep.java:67)
[        ] 	at org.gradle.internal.execution.steps.RemovePreviousOutputsStep.execute(RemovePreviousOutputsStep.java:37)
[        ] 	at org.gradle.internal.execution.steps.BroadcastChangingOutputsStep.execute(BroadcastChangingOutputsStep.java:61)
[        ] 	at org.gradle.internal.execution.steps.BroadcastChangingOutputsStep.execute(BroadcastChangingOutputsStep.java:26)
[        ] 	at org.gradle.internal.execution.steps.CaptureOutputsAfterExecutionStep.execute(CaptureOutputsAfterExecutionStep.java:69)
[        ] 	at org.gradle.internal.execution.steps.CaptureOutputsAfterExecutionStep.execute(CaptureOutputsAfterExecutionStep.java:46)
[        ] 	at org.gradle.internal.execution.steps.ResolveInputChangesStep.execute(ResolveInputChangesStep.java:40)
[        ] 	at org.gradle.internal.execution.steps.ResolveInputChangesStep.execute(ResolveInputChangesStep.java:29)
[        ] 	at org.gradle.internal.execution.steps.BuildCacheStep.executeWithoutCache(BuildCacheStep.java:189)
[        ] 	at org.gradle.internal.execution.steps.BuildCacheStep.lambda$execute$1(BuildCacheStep.java:75)
[        ] 	at org.gradle.internal.Either$Right.fold(Either.java:175)
[        ] 	at org.gradle.internal.execution.caching.CachingState.fold(CachingState.java:62)
[        ] 	at org.gradle.internal.execution.steps.BuildCacheStep.execute(BuildCacheStep.java:73)
[        ] 	at org.gradle.internal.execution.steps.BuildCacheStep.execute(BuildCacheStep.java:48)
[        ] 	at org.gradle.internal.execution.steps.StoreExecutionStateStep.execute(StoreExecutionStateStep.java:46)
[        ] 	at org.gradle.internal.execution.steps.StoreExecutionStateStep.execute(StoreExecutionStateStep.java:35)
[        ] 	at org.gradle.internal.execution.steps.SkipUpToDateStep.executeBecause(SkipUpToDateStep.java:75)
[        ] 	at org.gradle.internal.execution.steps.SkipUpToDateStep.lambda$execute$2(SkipUpToDateStep.java:53)
[        ] 	at java.base/java.util.Optional.orElseGet(Unknown Source)
[        ] 	at org.gradle.internal.execution.steps.SkipUpToDateStep.execute(SkipUpToDateStep.java:53)
[        ] 	at org.gradle.internal.execution.steps.SkipUpToDateStep.execute(SkipUpToDateStep.java:35)
[        ] 	at org.gradle.internal.execution.steps.legacy.MarkSnapshottingInputsFinishedStep.execute(MarkSnapshottingInputsFinishedStep.java:37)
[        ] 	at org.gradle.internal.execution.steps.legacy.MarkSnapshottingInputsFinishedStep.execute(MarkSnapshottingInputsFinishedStep.java:27)
[        ] 	at org.gradle.internal.execution.steps.ResolveIncrementalCachingStateStep.executeDelegate(ResolveIncrementalCachingStateStep.java:49)
[        ] 	at org.gradle.internal.execution.steps.ResolveIncrementalCachingStateStep.executeDelegate(ResolveIncrementalCachingStateStep.java:27)
[        ] 	at org.gradle.internal.execution.steps.AbstractResolveCachingStateStep.execute(AbstractResolveCachingStateStep.java:71)
[        ] 	at org.gradle.internal.execution.steps.AbstractResolveCachingStateStep.execute(AbstractResolveCachingStateStep.java:39)
[        ] 	at org.gradle.internal.execution.steps.ResolveChangesStep.execute(ResolveChangesStep.java:65)
[        ] 	at org.gradle.internal.execution.steps.ResolveChangesStep.execute(ResolveChangesStep.java:36)
[        ] 	at org.gradle.internal.execution.steps.ValidateStep.execute(ValidateStep.java:107)
[        ] 	at org.gradle.internal.execution.steps.ValidateStep.execute(ValidateStep.java:56)
[        ] 	at org.gradle.internal.execution.steps.AbstractCaptureStateBeforeExecutionStep.execute(AbstractCaptureStateBeforeExecutionStep.java:64)
[        ] 	at org.gradle.internal.execution.steps.AbstractCaptureStateBeforeExecutionStep.execute(AbstractCaptureStateBeforeExecutionStep.java:43)
[        ] 	at org.gradle.internal.execution.steps.AbstractSkipEmptyWorkStep.executeWithNonEmptySources(AbstractSkipEmptyWorkStep.java:125)
[        ] 	at org.gradle.internal.execution.steps.AbstractSkipEmptyWorkStep.execute(AbstractSkipEmptyWorkStep.java:61)
[        ] 	at org.gradle.internal.execution.steps.AbstractSkipEmptyWorkStep.execute(AbstractSkipEmptyWorkStep.java:36)
[        ] 	at org.gradle.internal.execution.steps.legacy.MarkSnapshottingInputsStartedStep.execute(MarkSnapshottingInputsStartedStep.java:38)
[        ] 	at org.gradle.internal.execution.steps.LoadPreviousExecutionStateStep.execute(LoadPreviousExecutionStateStep.java:36)
[        ] 	at org.gradle.internal.execution.steps.LoadPreviousExecutionStateStep.execute(LoadPreviousExecutionStateStep.java:23)
[        ] 	at org.gradle.internal.execution.steps.HandleStaleOutputsStep.execute(HandleStaleOutputsStep.java:75)
[        ] 	at org.gradle.internal.execution.steps.HandleStaleOutputsStep.execute(HandleStaleOutputsStep.java:41)
[        ] 	at org.gradle.internal.execution.steps.AssignMutableWorkspaceStep.lambda$execute$0(AssignMutableWorkspaceStep.java:35)
[        ] 	at org.gradle.api.internal.tasks.execution.TaskExecution$4.withWorkspace(TaskExecution.java:289)
[        ] 	at org.gradle.internal.execution.steps.AssignMutableWorkspaceStep.execute(AssignMutableWorkspaceStep.java:31)
[        ] 	at org.gradle.internal.execution.steps.AssignMutableWorkspaceStep.execute(AssignMutableWorkspaceStep.java:22)
[        ] 	at org.gradle.internal.execution.steps.ChoosePipelineStep.execute(ChoosePipelineStep.java:40)
[        ] 	at org.gradle.internal.execution.steps.ChoosePipelineStep.execute(ChoosePipelineStep.java:23)
[        ] 	at org.gradle.internal.execution.steps.ExecuteWorkBuildOperationFiringStep.lambda$execute$2(ExecuteWorkBuildOperationFiringStep.java:67)
[        ] 	at java.base/java.util.Optional.orElseGet(Unknown Source)
[        ] 	at org.gradle.internal.execution.steps.ExecuteWorkBuildOperationFiringStep.execute(ExecuteWorkBuildOperationFiringStep.java:67)
[        ] 	at org.gradle.internal.execution.steps.ExecuteWorkBuildOperationFiringStep.execute(ExecuteWorkBuildOperationFiringStep.java:39)
[        ] 	at org.gradle.internal.execution.steps.IdentityCacheStep.execute(IdentityCacheStep.java:46)
[        ] 	at org.gradle.internal.execution.steps.IdentityCacheStep.execute(IdentityCacheStep.java:34)
[        ] 	at org.gradle.internal.execution.steps.IdentifyStep.execute(IdentifyStep.java:48)
[        ] 	at org.gradle.internal.execution.steps.IdentifyStep.execute(IdentifyStep.java:35)
[        ] 	at org.gradle.internal.execution.impl.DefaultExecutionEngine$1.execute(DefaultExecutionEngine.java:64)
[        ] 	at org.gradle.api.internal.tasks.execution.ExecuteActionsTaskExecuter.executeIfValid(ExecuteActionsTaskExecuter.java:127)
[        ] 	at org.gradle.api.internal.tasks.execution.ExecuteActionsTaskExecuter.execute(ExecuteActionsTaskExecuter.java:116)
[        ] 	at org.gradle.api.internal.tasks.execution.ProblemsTaskPathTrackingTaskExecuter.execute(ProblemsTaskPathTrackingTaskExecuter.java:41)
[        ] 	at org.gradle.api.internal.tasks.execution.FinalizePropertiesTaskExecuter.execute(FinalizePropertiesTaskExecuter.java:46)
[        ] 	at org.gradle.api.internal.tasks.execution.ResolveTaskExecutionModeExecuter.execute(ResolveTaskExecutionModeExecuter.java:51)
[        ] 	at org.gradle.api.internal.tasks.execution.SkipTaskWithNoActionsExecuter.execute(SkipTaskWithNoActionsExecuter.java:57)
[        ] 	at org.gradle.api.internal.tasks.execution.SkipOnlyIfTaskExecuter.execute(SkipOnlyIfTaskExecuter.java:74)
[        ] 	at org.gradle.api.internal.tasks.execution.CatchExceptionTaskExecuter.execute(CatchExceptionTaskExecuter.java:36)
[        ] 	at org.gradle.api.internal.tasks.execution.EventFiringTaskExecuter$1.executeTask(EventFiringTaskExecuter.java:77)
[        ] 	at org.gradle.api.internal.tasks.execution.EventFiringTaskExecuter$1.call(EventFiringTaskExecuter.java:55)
[        ] 	at org.gradle.api.internal.tasks.execution.EventFiringTaskExecuter$1.call(EventFiringTaskExecuter.java:52)
[        ] 	at org.gradle.internal.operations.DefaultBuildOperationRunner$CallableBuildOperationWorker.execute(DefaultBuildOperationRunner.java:210)
[        ] 	at org.gradle.internal.operations.DefaultBuildOperationRunner$CallableBuildOperationWorker.execute(DefaultBuildOperationRunner.java:205)
[        ] 	at org.gradle.internal.operations.DefaultBuildOperationRunner$2.execute(DefaultBuildOperationRunner.java:67)
[        ] 	at org.gradle.internal.operations.DefaultBuildOperationRunner$2.execute(DefaultBuildOperationRunner.java:60)
[        ] 	at org.gradle.internal.operations.DefaultBuildOperationRunner.execute(DefaultBuildOperationRunner.java:167)
[        ] 	at org.gradle.internal.operations.DefaultBuildOperationRunner.execute(DefaultBuildOperationRunner.java:60)
[        ] 	at org.gradle.internal.operations.DefaultBuildOperationRunner.call(DefaultBuildOperationRunner.java:54)
[        ] 	at org.gradle.api.internal.tasks.execution.EventFiringTaskExecuter.execute(EventFiringTaskExecuter.java:52)
[        ] 	at org.gradle.execution.plan.LocalTaskNodeExecutor.execute(LocalTaskNodeExecutor.java:42)
[        ] 	at org.gradle.execution.taskgraph.DefaultTaskExecutionGraph$InvokeNodeExecutorsAction.execute(DefaultTaskExecutionGraph.java:331)
[        ] 	at org.gradle.execution.taskgraph.DefaultTaskExecutionGraph$InvokeNodeExecutorsAction.execute(DefaultTaskExecutionGraph.java:318)
[        ] 	at org.gradle.execution.taskgraph.DefaultTaskExecutionGraph$BuildOperationAwareExecutionAction.lambda$execute$0(DefaultTaskExecutionGraph.java:314)
[        ] 	at org.gradle.internal.operations.CurrentBuildOperationRef.with(CurrentBuildOperationRef.java:85)
[        ] 	at org.gradle.execution.taskgraph.DefaultTaskExecutionGraph$BuildOperationAwareExecutionAction.execute(DefaultTaskExecutionGraph.java:314)
[        ] 	at org.gradle.execution.taskgraph.DefaultTaskExecutionGraph$BuildOperationAwareExecutionAction.execute(DefaultTaskExecutionGraph.java:303)
[        ] 	at org.gradle.execution.plan.DefaultPlanExecutor$ExecutorWorker.execute(DefaultPlanExecutor.java:459)
[        ] 	at org.gradle.execution.plan.DefaultPlanExecutor$ExecutorWorker.run(DefaultPlanExecutor.java:376)
[        ] 	at org.gradle.internal.concurrent.ExecutorPolicy$CatchAndRecordFailures.onExecute(ExecutorPolicy.java:64)
[        ] 	at org.gradle.internal.concurrent.AbstractManagedExecutor$1.run(AbstractManagedExecutor.java:48)
[        ] 	at java.base/java.util.concurrent.ThreadPoolExecutor.runWorker(Unknown Source)
[        ] 	at java.base/java.util.concurrent.ThreadPoolExecutor$Worker.run(Unknown Source)
[        ] 	at java.base/java.lang.Thread.run(Unknown Source)
[        ] Caused by: org.jetbrains.kotlin.gradle.tasks.CompilationErrorException: Compilation error. See log for more details
[        ] 	at org.jetbrains.kotlin.gradle.tasks.TasksUtilsKt.throwExceptionIfCompilationFailed(tasksUtils.kt:21)
[        ] 	at org.jetbrains.kotlin.compilerRunner.GradleKotlinCompilerWork.run(GradleKotlinCompilerWork.kt:119)
[        ] 	at org.jetbrains.kotlin.compilerRunner.GradleCompilerRunnerWithWorkers$GradleKotlinCompilerWorkAction.execute(GradleCompilerRunnerWithWorkers.kt:74)
[        ] 	at org.gradle.workers.internal.DefaultWorkerServer.execute(DefaultWorkerServer.java:63)
[        ] 	at org.gradle.workers.internal.NoIsolationWorkerFactory$1$1.create(NoIsolationWorkerFactory.java:66)
[        ] 	at org.gradle.workers.internal.NoIsolationWorkerFactory$1$1.create(NoIsolationWorkerFactory.java:62)
[        ] 	at org.gradle.internal.classloader.ClassLoaderUtils.executeInClassloader(ClassLoaderUtils.java:100)
[        ] 	at org.gradle.workers.internal.NoIsolationWorkerFactory$1.lambda$execute$0(NoIsolationWorkerFactory.java:62)
[        ] 	at org.gradle.workers.internal.AbstractWorker$1.call(AbstractWorker.java:44)
[        ] 	at org.gradle.workers.internal.AbstractWorker$1.call(AbstractWorker.java:41)
[        ] 	at org.gradle.internal.operations.DefaultBuildOperationRunner$CallableBuildOperationWorker.execute(DefaultBuildOperationRunner.java:210)
[        ] 	at org.gradle.internal.operations.DefaultBuildOperationRunner$CallableBuildOperationWorker.execute(DefaultBuildOperationRunner.java:205)
[        ] 	at org.gradle.internal.operations.DefaultBuildOperationRunner$2.execute(DefaultBuildOperationRunner.java:67)
[        ] 	at org.gradle.internal.operations.DefaultBuildOperationRunner$2.execute(DefaultBuildOperationRunner.java:60)
[        ] 	at org.gradle.internal.operations.DefaultBuildOperationRunner.execute(DefaultBuildOperationRunner.java:167)
[        ] 	at org.gradle.internal.operations.DefaultBuildOperationRunner.execute(DefaultBuildOperationRunner.java:60)
[        ] 	at org.gradle.internal.operations.DefaultBuildOperationRunner.call(DefaultBuildOperationRunner.java:54)
[        ] 	at org.gradle.workers.internal.AbstractWorker.executeWrappedInBuildOperation(AbstractWorker.java:41)
[        ] 	at org.gradle.workers.internal.NoIsolationWorkerFactory$1.execute(NoIsolationWorkerFactory.java:59)
[        ] 	at org.gradle.workers.internal.DefaultWorkerExecutor.lambda$submitWork$0(DefaultWorkerExecutor.java:174)
[        ] 	at java.base/java.util.concurrent.FutureTask.run(Unknown Source)
[        ] 	at org.gradle.internal.work.DefaultConditionalExecutionQueue$ExecutionRunner.runExecution(DefaultConditionalExecutionQueue.java:194)
[        ] 	at org.gradle.internal.work.DefaultConditionalExecutionQueue$ExecutionRunner.access$700(DefaultConditionalExecutionQueue.java:127)
[        ] 	at org.gradle.internal.work.DefaultConditionalExecutionQueue$ExecutionRunner$1.run(DefaultConditionalExecutionQueue.java:169)
[        ] 	at org.gradle.internal.Factories$1.create(Factories.java:31)
[        ] 	at org.gradle.internal.work.DefaultWorkerLeaseService.withLocks(DefaultWorkerLeaseService.java:263)
[        ] 	at org.gradle.internal.work.DefaultWorkerLeaseService.runAsWorkerThread(DefaultWorkerLeaseService.java:127)
[        ] 	at org.gradle.internal.work.DefaultWorkerLeaseService.runAsWorkerThread(DefaultWorkerLeaseService.java:132)
[        ] 	at org.gradle.internal.work.DefaultConditionalExecutionQueue$ExecutionRunner.runBatch(DefaultConditionalExecutionQueue.java:164)
[        ] 	at org.gradle.internal.work.DefaultConditionalExecutionQueue$ExecutionRunner.run(DefaultConditionalExecutionQueue.java:133)
[        ] 	at java.base/java.util.concurrent.Executors$RunnableAdapter.call(Unknown Source)
[        ] 	at java.base/java.util.concurrent.FutureTask.run(Unknown Source)
[        ] 	... 5 more
[        ] BUILD FAILED in 12s
[        ] Deprecated Gradle features were used in this build, making it incompatible with Gradle 9.0.
[        ] You can use '--warning-mode all' to show the individual deprecation warnings and determine if they come from your own scripts or plugins.
[        ] For more on this, please refer to https://docs.gradle.org/8.14/userguide/command_line_interface.html#sec:command_line_warnings in the Gradle documentation.
[        ] 186 actionable tasks: 12 executed, 174 up-to-date
[        ] Watched directory hierarchies: [F:\flutter\packages\flutter_tools\gradle, G:\Taka-Dorkar-Pro\mobile\android]
[  +94 ms] Running Gradle task 'assembleDebug'... (completed in 12.9s)
[  +24 ms] Error: Gradle task assembleDebug failed with exit code 1
[   +1 ms] "flutter run" took 14,188ms.
[  +65 ms] 
           #0      throwToolExit (package:flutter_tools/src/base/common.dart:34:3)
           #1      RunCommand.runCommand (package:flutter_tools/src/commands/run.dart:897:9)
           <asynchronous suspension>
           #2      FlutterCommand.run.<anonymous closure> (package:flutter_tools/src/runner/flutter_command.dart:1559:27)
           <asynchronous suspension>
           #3      AppContext.run.<anonymous closure> (package:flutter_tools/src/base/context.dart:154:19)
           <asynchronous suspension>
           #4      CommandRunner.runCommand (package:args/command_runner.dart:212:13)
           <asynchronous suspension>
           #5      FlutterCommandRunner.runCommand.<anonymous closure> (package:flutter_tools/src/runner/flutter_command_runner.dart:487:9)
           <asynchronous suspension>
           #6      AppContext.run.<anonymous closure> (package:flutter_tools/src/base/context.dart:154:19)
           <asynchronous suspension>
           #7      FlutterCommandRunner.runCommand (package:flutter_tools/src/runner/flutter_command_runner.dart:422:5)
           <asynchronous suspension>
           #8      run.<anonymous closure>.<anonymous closure> (package:flutter_tools/runner.dart:104:11)
           <asynchronous suspension>
           #9      AppContext.run.<anonymous closure> (package:flutter_tools/src/base/context.dart:154:19)
           <asynchronous suspension>
           #10     main (package:flutter_tools/executable.dart:103:3)
           <asynchronous suspension>


[        ] Running 3 shutdown hooks
[   +9 ms] Shutdown hooks complete
[ +184 ms] exiting with code 1
